Log file open, 07/13/18 16:33:27
LogInit:Display: Running engine for game: BPRPG2
LogPlatformFile: Not using cached read wrapper
LogInit:Display: RandInit(-206732490) SRandInit(-206732490).
LogTaskGraph: Started task graph with 5 named threads and 8 total threads with 1 sets of task threads.
LogStats: Stats thread started at 0.137724
LogInit: Using libcurl 7.47.1
LogInit:  - built for x86_64-pc-win32
LogInit:  - supports SSL with OpenSSL/1.0.2g
LogInit:  - supports HTTP deflate (compression) using libz 1.2.8
LogInit:  - other features:
LogInit:      CURL_VERSION_SSL
LogInit:      CURL_VERSION_LIBZ
LogInit:      CURL_VERSION_IPV6
LogInit:      CURL_VERSION_ASYNCHDNS
LogInit:      CURL_VERSION_LARGEFILE
LogInit:      CURL_VERSION_IDN
LogInit:  CurlRequestOptions (configurable via config and command line):
LogInit:  - bVerifyPeer = false  - Libcurl will NOT verify peer certificate
LogInit:  - bUseHttpProxy = false  - Libcurl will NOT use HTTP proxy
LogInit:  - bDontReuseConnections = false  - Libcurl will reuse connections
LogInit:  - CertBundlePath = nullptr  - Libcurl will use whatever was configured at build time.
LogInit: Build: ++UE4+Release-4.16-CL-3561208
LogInit: Engine Version: 4.16.3-3561208+++UE4+Release-4.16
LogInit: Compatible Engine Version: 4.16.0-3452394+++UE4+Release-4.16
LogInit: Net CL: 3452394
LogDevObjectVersion: Number of dev versions registered: 16
LogDevObjectVersion:   Dev-Blueprints (B0D832E4-1F89-4F0D-ACCF-7EB736FD4AA2): 9
LogDevObjectVersion:   Dev-Build (E1C64328-A22C-4D53-A36C-8E866417BD8C): 0
LogDevObjectVersion:   Dev-Core (375EC13C-06E4-48FB-B500-84F0262A717E): 2
LogDevObjectVersion:   Dev-Editor (E4B068ED-F494-42E9-A231-DA0B2E46BB41): 17
LogDevObjectVersion:   Dev-Framework (CFFC743F-43B0-4480-9391-14DF171D2073): 23
LogDevObjectVersion:   Dev-Mobile (B02B49B5-BB20-44E9-A304-32B752E40360): 0
LogDevObjectVersion:   Dev-Networking (A4E4105C-59A1-49B5-A7C5-40C4547EDFEE): 0
LogDevObjectVersion:   Dev-Online (39C831C9-5AE6-47DC-9A44-9C173E1C8E7C): 0
LogDevObjectVersion:   Dev-Physics (78F01B33-EBEA-4F98-B9B4-84EACCB95AA2): 0
LogDevObjectVersion:   Dev-Platform (6631380F-2D4D-43E0-8009-CF276956A95A): 0
LogDevObjectVersion:   Dev-Rendering (12F88B9F-8875-4AFC-A67C-D90C383ABD29): 15
LogDevObjectVersion:   Dev-Sequencer (7B5AE74C-D270-4C10-A958-57980B212A5A): 4
LogDevObjectVersion:   Dev-VR (D7296918-1DD6-4BDD-9DE2-64A83CC13884): 0
LogDevObjectVersion:   Dev-LoadTimes (C2A15278-BFE7-4AFE-6C17-90FF531DF755): 1
LogDevObjectVersion:   Private-Geometry (6EACA3D4-40EC-4CC1-B786-8BED09428FC5): 1
LogDevObjectVersion:   Dev-AnimPhys (29E575DD-E0A3-4627-9D10-D276232CDCEA): 3
LogInit: Compiled (64-bit): Jul 28 2017 11:49:47
LogInit: Compiled with Visual C++: 19.00.24215.01
LogInit: Build Configuration: Development
LogInit: Branch Name: ++UE4+Release-4.16
LogInit: Command line:  
LogInit: Base directory: C:/Program Files/Epic Games/UE_4.16/Engine/Binaries/Win64/
LogInit: Installed Engine Build: 1
LogInit: Presizing for max 8388607 objects, including 0 objects not considered by GC, pre-allocating 0 bytes for permanent pool.
LogInit: Object subsystem initialized
[2018.07.13-07.33.29:870][  0]LogInit: Selected Device Profile: [Windows]
[2018.07.13-07.33.29:870][  0]LogInit: Applying CVar settings loaded from the selected device profile: [Windows]
[2018.07.13-07.33.29:920][  0]LogInit: Computer: 10413윤이온
[2018.07.13-07.33.29:920][  0]LogInit: User: DSM2018
[2018.07.13-07.33.29:920][  0]LogInit: CPU Page size=4096, Cores=4
[2018.07.13-07.33.29:920][  0]LogInit: High frequency timer resolution =2.240917 MHz
[2018.07.13-07.33.29:921][  0]LogMemory: Memory total: Physical=15.9GB (16GB approx)
[2018.07.13-07.33.29:921][  0]LogMemory: Platform Memory Stats for Windows
[2018.07.13-07.33.29:921][  0]LogMemory: Process Physical Memory: 274.07 MB used, 274.07 MB peak
[2018.07.13-07.33.29:921][  0]LogMemory: Process Virtual Memory: 261.01 MB used, 261.01 MB peak
[2018.07.13-07.33.29:921][  0]LogMemory: Physical Memory: 7747.17 MB used,  8551.45 MB free, 16298.62 MB total
[2018.07.13-07.33.29:921][  0]LogMemory: Virtual Memory: 4772.58 MB used,  8551.45 MB free, 134217728.00 MB total
[2018.07.13-07.33.30:696][  0]LogInit: Using OS detected language (ko-KR).
[2018.07.13-07.33.30:696][  0]LogInit: Using OS detected locale (ko-KR).
[2018.07.13-07.33.30:729][  0]LogTextLocalizationManager: No specific localization for 'ko-KR' exists, so the 'ko' localization will be used.
[2018.07.13-07.33.33:992][  0]LogD3D11RHI: D3D11 adapters:
[2018.07.13-07.33.34:009][  0]LogD3D11RHI:    0. 'Intel(R) HD Graphics 4600' (Feature Level 11_0)
[2018.07.13-07.33.34:009][  0]LogD3D11RHI:       112/0/2048 MB DedicatedVideo/DedicatedSystem/SharedSystem, Outputs:1, VendorId:0x8086
[2018.07.13-07.33.34:016][  0]LogD3D11RHI:    1. 'Microsoft Basic Render Driver' (Feature Level 11_0)
[2018.07.13-07.33.34:016][  0]LogD3D11RHI:       0/0/8149 MB DedicatedVideo/DedicatedSystem/SharedSystem, Outputs:0, VendorId:0x1414
[2018.07.13-07.33.34:016][  0]LogD3D11RHI: Chosen D3D11 Adapter: 0
[2018.07.13-07.33.34:031][  0]LogD3D11RHI: Creating new Direct3DDevice
[2018.07.13-07.33.34:031][  0]LogD3D11RHI:     GPU DeviceId: 0x416 (for the marketing name, search the web for "GPU Device Id")
[2018.07.13-07.33.34:031][  0]LogWindows: EnumDisplayDevices:
[2018.07.13-07.33.34:032][  0]LogWindows:    0. 'Intel(R) HD Graphics 4600' (P:1 D:1)
[2018.07.13-07.33.34:032][  0]LogWindows:    1. 'Intel(R) HD Graphics 4600' (P:0 D:0)
[2018.07.13-07.33.34:033][  0]LogWindows:    2. 'Intel(R) HD Graphics 4600' (P:0 D:0)
[2018.07.13-07.33.34:033][  0]LogWindows: DebugString: GetVideoDriverDetailsInvalid PrimaryIsNotTheChoosenAdapter GetVideoDriverDetailsInvalid PrimaryIsNotTheChoosenAdapter GetVideoDriverDetailsInvalid PrimaryIsNotTheChoosenAdapter FoundDriverCount:0 
[2018.07.13-07.33.34:033][  0]LogD3D11RHI:     Adapter Name: Intel(R) HD Graphics 4600
[2018.07.13-07.33.34:033][  0]LogD3D11RHI:   Driver Version: Unknown (internal:Unknown, unified:Unknown)
[2018.07.13-07.33.34:033][  0]LogD3D11RHI:      Driver Date: Unknown
[2018.07.13-07.33.34:033][  0]LogRHI: Texture pool is 795 MB (70% of 1136 MB)
[2018.07.13-07.33.34:045][  0]LogD3D11RHI: Async texture creation enabled
[2018.07.13-07.33.34:057][  0]LogD3D11RHI: GPU Timing Frequency: 12.500000 (Debug: 2 0)
[2018.07.13-07.33.34:059][  0]LogShaderCompilers: Guid format shader working directory is -4 characters bigger than the processId version (../../../../../../Users/DSM2018/Desktop/Epic/BPRPG2/Intermediate/Shaders/WorkingDirectory/25676/).
[2018.07.13-07.33.34:059][  0]LogShaderCompilers: Cleaned the shader compiler working directory 'C:/Users/DSM2018/AppData/Local/Temp/UnrealShaderWorkingDir/34C7DADF421375270E121EA248347948/'.
[2018.07.13-07.33.34:059][  0]LogShaderCompilers:Display: Using Local Shader Compiler.
[2018.07.13-07.33.37:019][  0]LogTemp:Display: Loaded TP AllDesktopTargetPlatform
[2018.07.13-07.33.37:203][  0]LogTemp:Display: Loaded TP MacClientTargetPlatform
[2018.07.13-07.33.37:376][  0]LogTemp:Display: Loaded TP MacNoEditorTargetPlatform
[2018.07.13-07.33.37:658][  0]LogTemp:Display: Loaded TP MacServerTargetPlatform
[2018.07.13-07.33.37:899][  0]LogTemp:Display: Loaded TP MacTargetPlatform
[2018.07.13-07.33.38:179][  0]LogTemp:Display: Loaded TP WindowsClientTargetPlatform
[2018.07.13-07.33.38:476][  0]LogTemp:Display: Loaded TP WindowsNoEditorTargetPlatform
[2018.07.13-07.33.38:721][  0]LogTemp:Display: Loaded TP WindowsServerTargetPlatform
[2018.07.13-07.33.38:953][  0]LogTemp:Display: Loaded TP WindowsTargetPlatform
[2018.07.13-07.33.39:163][  0]LogTemp:Display: Loaded TP AndroidTargetPlatform
[2018.07.13-07.33.39:386][  0]LogTemp:Display: Loaded TP Android_ASTCTargetPlatform
[2018.07.13-07.33.39:654][  0]LogTemp:Display: Loaded TP Android_ATCTargetPlatform
[2018.07.13-07.33.39:820][  0]LogTemp:Display: Loaded TP Android_DXTTargetPlatform
[2018.07.13-07.33.39:984][  0]LogTemp:Display: Loaded TP Android_ETC1TargetPlatform
[2018.07.13-07.33.40:236][  0]LogTemp:Display: Loaded TP Android_ETC2TargetPlatform
[2018.07.13-07.33.40:685][  0]LogTemp:Display: Loaded TP Android_MultiTargetPlatform
[2018.07.13-07.33.40:685][  0]LogTemp:Display: Loaded TP Android_PVRTCTargetPlatform
[2018.07.13-07.33.40:836][  0]LogTemp:Display: Loaded TP HTML5TargetPlatform
[2018.07.13-07.33.41:116][  0]LogTemp:Display: Loaded TP IOSTargetPlatform
[2018.07.13-07.33.41:313][  0]LogTemp:Display: Loaded TP TVOSTargetPlatform
[2018.07.13-07.33.41:487][  0]LogTemp:Display: Loaded TP LinuxClientTargetPlatform
[2018.07.13-07.33.41:654][  0]LogTemp:Display: Loaded TP LinuxNoEditorTargetPlatform
[2018.07.13-07.33.41:814][  0]LogTemp:Display: Loaded TP LinuxServerTargetPlatform
[2018.07.13-07.33.42:039][  0]LogTemp:Display: Loaded TP LinuxTargetPlatform
[2018.07.13-07.33.42:039][  0]LogTargetPlatformManager:Display: Building Assets For Windows
[2018.07.13-07.33.44:468][  0]LogDerivedDataCache:Display: Max Cache Size: 512 MB
[2018.07.13-07.33.44:742][  0]LogDerivedDataCache: Loaded boot cache 0.27s 90MB C:/Users/DSM2018/AppData/Local/UnrealEngine/4.16/DerivedDataCache/Boot.ddc.
[2018.07.13-07.33.44:742][  0]LogDerivedDataCache:Display: Loaded Boot cache: C:/Users/DSM2018/AppData/Local/UnrealEngine/4.16/DerivedDataCache/Boot.ddc
[2018.07.13-07.33.44:742][  0]LogDerivedDataCache: FDerivedDataBackendGraph:  Pak pak cache file ../../../../../../Users/DSM2018/Desktop/Epic/BPRPG2/DerivedDataCache/DDC.ddp not found, will not use a pak cache.
[2018.07.13-07.33.44:742][  0]LogDerivedDataCache: Unable to find inner node Pak for hierarchical cache Hierarchy.
[2018.07.13-07.33.44:742][  0]LogDerivedDataCache: FDerivedDataBackendGraph:  CompressedPak pak cache file ../../../../../../Users/DSM2018/Desktop/Epic/BPRPG2/DerivedDataCache/Compressed.ddp not found, will not use a pak cache.
[2018.07.13-07.33.44:742][  0]LogDerivedDataCache: Unable to find inner node CompressedPak for hierarchical cache Hierarchy.
[2018.07.13-07.33.44:818][  0]LogDerivedDataCache:Display: Pak cache opened for reading ../../../Engine/DerivedDataCache/Compressed.ddp.
[2018.07.13-07.33.44:836][  0]LogDerivedDataCache: Using Local data cache path C:/Users/DSM2018/AppData/Local/UnrealEngine/Common/DerivedDataCache: Writable
[2018.07.13-07.33.44:875][  0]LogMaterial: Verifying Global Shaders for PCD3D_SM5
[2018.07.13-07.33.44:876][  0]LogSlate: Using Freetype 2.6.0
[2018.07.13-07.33.44:880][  0]LogSlate: SlateFontCache - WITH_FREETYPE: 1, WITH_HARFBUZZ: 1
[2018.07.13-07.33.44:880][  0]LogSlate: SlateFontCache - WITH_FREETYPE: 1, WITH_HARFBUZZ: 1
[2018.07.13-07.33.46:366][  0]LogInit: Selected Device Profile: [Windows]
[2018.07.13-07.33.46:585][  0]LogContentStreaming: Texture pool size is 0.00 MB
[2018.07.13-07.33.47:535][  0]LogMeshUtilities: Using QuadricMeshReduction for automatic static mesh reduction
[2018.07.13-07.33.47:983][  0]LogSimplygon: Simplygon DLL not present - disabling.
[2018.07.13-07.33.48:443][  0]LogMeshUtilities: Using SimplygonSwarm for distributed automatic mesh merging
[2018.07.13-07.33.48:443][  0]LogMeshUtilities: No automatic skeletal mesh reduction module available
[2018.07.13-07.33.48:443][  0]LogMeshUtilities: No automatic mesh merging module available
[2018.07.13-07.33.51:712][  0]LogNetVersion: BPRPG2 , NetCL: 3452394, EngineNetVer: 2, GameNetVer: 0 (Checksum: 2820628811)
[2018.07.13-07.33.51:911][  0]LogAssetRegistry: FAssetRegistry took 0.0292 seconds to start up
[2018.07.13-07.33.52:146][  0]LogPackageLocalizationCache: Processed 4 localized package path(s) for 2 prioritized culture(s) in 0.067683 seconds
[2018.07.13-07.33.52:155][  0]LogUObjectArray: 34194 objects as part of root set at end of initial load.
[2018.07.13-07.33.52:155][  0]LogUObjectAllocator: 7260416 out of 0 bytes used by permanent object pool.
[2018.07.13-07.33.52:155][  0]LogUObjectArray: CloseDisregardForGC: 0/0 objects in disregard for GC pool
[2018.07.13-07.33.52:454][  0]LogInit: WinSock: version 1.1 (2.2), MaxSocks=32767, MaxUdp=65467
[2018.07.13-07.34.07:275][  0]LogTcpMessaging: Initializing TcpMessaging bridge
[2018.07.13-07.34.07:586][  0]LogUdpMessaging: Initializing bridge on interface 0.0.0.0:0 to multicast group 230.0.0.1:6666.
[2018.07.13-07.34.12:682][  0]LogMaterial: Uniform references updated for custom material expression Custom.
[2018.07.13-07.34.15:758][  0]SourceControl: 정보 소스 콘트롤이 꺼졌습니다.
[2018.07.13-07.34.15:878][  0]SourceControl: 정보 소스 콘트롤이 꺼졌습니다.
[2018.07.13-07.34.16:381][  0]SourceControl: 정보 소스 콘트롤이 꺼졌습니다.
[2018.07.13-07.34.16:923][  0]SourceControl: 정보 소스 콘트롤이 꺼졌습니다.
[2018.07.13-07.34.24:158][  0]LogAndroidPermission: UAndroidPermissionCallbackProxy::GetInstance
[2018.07.13-07.34.29:437][  0]LogEngine: Initializing Engine...
[2018.07.13-07.34.29:441][  0]LogHMD: Failed to initialize OpenVR with code 110
[2018.07.13-07.34.30:179][  0]LogStats: UGameplayTagsManager::ConstructGameplayTagTree: Construct from data asset -  0.000 s
[2018.07.13-07.34.30:179][  0]LogStats: UGameplayTagsManager::ConstructGameplayTagTree: GameplayTagTreeChangedEvent.Broadcast -  0.000 s
[2018.07.13-07.34.31:379][  0]LogAIModule: Creating AISystem for world Untitled
[2018.07.13-07.34.31:405][  0]LogInit: XAudio2 using '스피커(Realtek High Definition Audio)' : 2 channels at 48 kHz using 16 bits per sample (channel mask 0x3)
[2018.07.13-07.34.31:466][  0]LogInit: FAudioDevice initialized.
[2018.07.13-07.34.31:593][  0]LogDerivedDataCache: Saved boot cache 0.13s 90MB C:/Users/DSM2018/AppData/Local/UnrealEngine/4.16/DerivedDataCache/Boot.ddc.
[2018.07.13-07.34.31:617][  0]LogInit: Texture streaming: Enabled
[2018.07.13-07.34.32:500][  0]LogEngineSessionManager: EngineSessionManager initialized
[2018.07.13-07.34.34:228][  0]LogInit: Transaction tracking system initialized
[2018.07.13-07.34.37:148][  0]BlueprintLog: New page: 에디터 로드
[2018.07.13-07.34.46:707][  0]LocalizationService: 정보 현지화 서비스가 비활성화되었습니다.
[2018.07.13-07.34.53:704][  0]LogConsoleResponse:Display: 
[2018.07.13-07.34.54:338][  0]LogCook:Display: Max memory allowance for cook 16384mb min free memory 0mb
[2018.07.13-07.34.54:338][  0]LogCook:Display: Mobile HDR setting 1
[2018.07.13-07.34.55:034][  0]LogFileCache: Scanning file cache for directory 'C:/Users/DSM2018/Desktop/Epic/BPRPG2/Content/' took 0.01s
[2018.07.13-07.35.02:817][  0]SourceControl: 정보 소스 콘트롤이 꺼졌습니다.
[2018.07.13-07.35.02:817][  0]Cmd: MAP LOAD FILE="../../../../../../Users/DSM2018/Desktop/Epic/BPRPG2/Content/ThirdPersonBP/Maps/ThirdPersonExampleMap.umap" TEMPLATE=0 SHOWPROGRESS=1 FEATURELEVEL=3
[2018.07.13-07.35.02:818][  0]LogEditorServer:Warning: Can't find file '../../../../../../Users/DSM2018/Desktop/Epic/BPRPG2/Content/ThirdPersonBP/Maps/ThirdPersonExampleMap.umap'
[2018.07.13-07.35.02:818][  0]Cmd: MAP CHECKDEP NOCLEARLOG
[2018.07.13-07.35.03:195][  0]MapCheck: 정보 맵 체크 완료: 오류 0 회, 경고 0 회, 소요 시간 376.63ms.
[2018.07.13-07.35.03:196][  0]LogFileHelpers: Loading map 'ThirdPersonExampleMap' took 0.378
[2018.07.13-07.35.03:847][  0]LogCollectionManager: Loaded 0 collections in 0.012511 seconds
[2018.07.13-07.35.04:155][  0]LogFileCache: Scanning file cache for directory 'C:/Users/DSM2018/Desktop/Epic/BPRPG2/Saved/Collections/' took 0.01s
[2018.07.13-07.35.04:155][  0]LogFileCache: Scanning file cache for directory 'C:/Users/DSM2018/Desktop/Epic/BPRPG2/Content/Developers/DSM2018/Collections/' took 0.01s
[2018.07.13-07.35.04:155][  0]LogFileCache: Scanning file cache for directory 'C:/Users/DSM2018/Desktop/Epic/BPRPG2/Content/Collections/' took 0.01s
[2018.07.13-07.35.04:155][  0]LogCollectionManager: Rebuilt the GUID cache for 0 collections in 0.000002 seconds
[2018.07.13-07.35.04:171][  0]LogContentBrowser: Native class hierarchy populated in 0.0158 seconds. Added 2329 classes and 491 folders.
[2018.07.13-07.35.04:826][  0]LogContentBrowser: Native class hierarchy updated for 'WidgetCarousel' in 0.0023 seconds. Added 0 classes and 0 folders.
[2018.07.13-07.35.05:115][  0]LogContentBrowser: Native class hierarchy updated for 'AddContentDialog' in 0.0033 seconds. Added 0 classes and 0 folders.
[2018.07.13-07.35.05:620][  0]LogContentBrowser: Native class hierarchy updated for 'WorldBrowser' in 0.0025 seconds. Added 1 classes and 3 folders.
[2018.07.13-07.35.06:096][  0]LogContentBrowser: Native class hierarchy updated for 'SceneOutliner' in 0.0023 seconds. Added 1 classes and 2 folders.
[2018.07.13-07.35.06:619][  0]LogCrashTracker: Crashtracker disabled due to settings.
[2018.07.13-07.35.06:638][  0]LogSlate: Took 0.001299 seconds to synchronously load lazily loaded font '../../../Engine/Content/Slate/Fonts/Roboto-Regular.ttf' (155K)
[2018.07.13-07.35.06:650][  0]LogSlate: Took 0.009578 seconds to synchronously load lazily loaded font '../../../Engine/Content/Slate/Fonts/NanumGothic.ttf' (4243K)
[2018.07.13-07.35.06:661][  0]LogSlate: Took 0.000867 seconds to synchronously load lazily loaded font '../../../Engine/Content/Slate/Fonts/Roboto-Bold.ttf' (160K)
[2018.07.13-07.35.06:672][  0]LogSlate: Took 0.000808 seconds to synchronously load lazily loaded font '../../../Engine/Content/Editor/Slate/Fonts/FontAwesome.ttf' (139K)
[2018.07.13-07.35.07:059][  0]LogRenderer: Reallocating scene render targets to support 820x340 NumSamples 1 (Frame:1).
[2018.07.13-07.35.07:810][  0]LogUObjectGlobals:Warning: 'Class 없음.' 오브젝트를 찾는 데 실패했습니다.
[2018.07.13-07.35.08:176][  0]LogContentBrowser: Native class hierarchy updated for 'HierarchicalLODOutliner' in 0.0025 seconds. Added 1 classes and 2 folders.
[2018.07.13-07.35.08:177][  0]LogLoad: (Engine Initialization) Total time: 105.23 seconds
[2018.07.13-07.35.08:177][  0]LogLoad: (Engine Initialization) Total Blueprint compile time: 0.42 seconds
[2018.07.13-07.35.08:177][  0]LogExternalProfiler: No external profilers were discovered.  External profiling features will not be available.
[2018.07.13-07.35.08:531][  0]LogOcInput: OculusInput pre-init called
[2018.07.13-07.35.08:531][  0]LogHMD: Starting GearVRController plugin
[2018.07.13-07.35.08:571][  0]LogContentStreaming: Texture pool size now 800 MB
[2018.07.13-07.35.09:246][  3]LogAssetRegistry: Asset discovery search completed in 77.3587 seconds
[2018.07.13-07.35.09:253][  3]LogCollectionManager: Rebuilt the object cache for 0 collections in 0.000001 seconds (found 0 objects)
[2018.07.13-07.35.09:253][  3]LogCollectionManager: Fixed up redirectors for 0 collections in 0.000090 seconds (updated 0 objects)
[2018.07.13-07.35.12:671][233]LogSlate: Took 0.000604 seconds to synchronously load lazily loaded font '../../../Engine/Content/Slate/Fonts/Roboto-Light.ttf' (159K)
[2018.07.13-07.35.21:376][857]LogSlate: Took 0.000608 seconds to synchronously load lazily loaded font '../../../Engine/Content/Slate/Fonts/Roboto-Light.ttf' (159K)
[2018.07.13-07.35.21:695][857]LogAIModule: Creating AISystem for world Step3
[2018.07.13-07.35.21:732][857]Cmd: MAP LOAD FILE="../../../../../../Users/DSM2018/Desktop/Epic/BPRPG2/Content/Maps/Step3.umap" TEMPLATE=0 SHOWPROGRESS=1 FEATURELEVEL=3
[2018.07.13-07.35.21:732][857]LightingResults: New page: 라이팅 빌드
[2018.07.13-07.35.21:894][857]LogContentBrowser: Native class hierarchy updated for 'StatsViewer' in 0.0010 seconds. Added 5 classes and 0 folders.
[2018.07.13-07.35.21:896][857]LoadErrors: New page: 맵 로드중: Step3.umap
[2018.07.13-07.35.21:897][857]MapCheck: New page: 맵 체크
[2018.07.13-07.35.21:897][857]LightingResults: New page: 라이팅 빌드
[2018.07.13-07.35.22:002][857]LogEditorServer: Finished looking for orphan Actors (0.000 secs)
[2018.07.13-07.35.22:065][857]Cmd: MAP CHECKDEP NOCLEARLOG
[2018.07.13-07.35.22:451][857]MapCheck: 정보 맵 체크 완료: 오류 0 회, 경고 0 회, 소요 시간 386.223ms.
[2018.07.13-07.35.22:455][857]LogFileHelpers: Loading map 'Step3' took 0.724
[2018.07.13-07.35.22:463][857]LogSlate: Took 0.000871 seconds to synchronously load lazily loaded font '../../../Engine/Content/Slate/Fonts/Roboto-Regular.ttf' (155K)
[2018.07.13-07.35.25:638][964]LogTemp: Repeting last play command: 선택된 뷰포트
[2018.07.13-07.35.25:673][964]LogPlayLevel: PlayLevel: No blueprints needed recompiling
[2018.07.13-07.35.25:674][964]PIE: New page: PIE 세션: Step3 (2018. 7. 14. 오전 1:35:25)
[2018.07.13-07.35.25:674][964]LogPlayLevel: Creating play world package: /Game/Maps/UEDPIE_0_Step3
[2018.07.13-07.35.25:676][964]LogPlayLevel: PIE: StaticDuplicateObject took: (0.002444s)
[2018.07.13-07.35.25:677][964]LogAIModule: Creating AISystem for world Step3
[2018.07.13-07.35.25:677][964]LogPlayLevel: PIE: World Init took: (0.000857s)
[2018.07.13-07.35.25:677][964]LogPlayLevel: PIE: Created PIE world by copying editor world from /Game/Maps/Step3.Step3 to /Game/Maps/UEDPIE_0_Step3.Step3 (0.003522s)
[2018.07.13-07.35.25:700][964]LogInit: XAudio2 using '스피커(Realtek High Definition Audio)' : 2 channels at 48 kHz using 16 bits per sample (channel mask 0x3)
[2018.07.13-07.35.25:726][964]LogInit: FAudioDevice initialized.
[2018.07.13-07.35.25:781][964]LogLinker:Warning: '/Game/ThirdPersonBP/Blueprints/ThirdPersonGameMode' 파일을 찾을 수 없습니다.
[2018.07.13-07.35.25:782][964]LogLinker:Warning: '/Game/ThirdPersonBP/Blueprints/ThirdPersonGameMode' 파일을 찾을 수 없습니다.
[2018.07.13-07.35.25:783][964]LogUObjectGlobals:Warning: 'Class /Game/ThirdPersonBP/Blueprints/ThirdPersonGameMode.ThirdPersonGameMode_C' 오브젝트를 찾는 데 실패했습니다.
[2018.07.13-07.35.25:783][964]LogLoad: Game class is 'GameModeBase'
[2018.07.13-07.35.25:793][964]LogWorld: Bringing World /Game/Maps/UEDPIE_0_Step3.Step3 up for play (max tick rate 0) at 2018.07.13-16.35.25
[2018.07.13-07.35.25:794][964]LogWorld: Bringing up level for play took: 0.002916
[2018.07.13-07.35.26:042][964]LogContentBrowser: Native class hierarchy updated for 'MovieSceneCapture' in 0.0012 seconds. Added 11 classes and 0 folders.
[2018.07.13-07.35.26:044][964]PIE: 정보 /Game/Maps/UEDPIE_0_Step3 에 대한 에디터에서 플레이 시작 시간: -0.345
[2018.07.13-07.35.46:306][311]LogSlate: Only BGRA pngs, bmps or icos are supported in by External Image Picker
[2018.07.13-07.35.47:429][317]LogTemp: Executing iPhonePackager certificates Engine -bundlename com.YourCompany.BPRPG2
[2018.07.13-07.35.47:429][317]LogTemp: CWD: C:\Program Files\Epic Games\UE_4.16\Engine\Binaries\DotNET\IOS
[2018.07.13-07.35.47:429][317]LogTemp: Initial Dir: C:\Program Files\Epic Games\UE_4.16
[2018.07.13-07.35.47:429][317]LogTemp: Env CWD: C:\Program Files\Epic Games\UE_4.16\Engine\Binaries\DotNET\IOS
[2018.07.13-07.35.47:435][317]LogTemp: BranchPath = 10413???̿?/C/Program Files/Epic Games/UE_4.16/Engine/Binaries --- GameBranchPath = 10413???̿?/C/Program Files/Epic Games/UE_4.16/Engine/Binaries
[2018.07.13-07.35.47:464][318]LogTemp: IPP ERROR: Could not find provision directory 'C:\Users\DSM2018\AppData\Local/Apple Computer/MobileDevice/Provisioning Profiles/'.
[2018.07.13-10.11.25:305][ 80]Cmd: QUIT_EDITOR
[2018.07.13-10.11.26:165][ 80]LogWindowsTextInputMethodSystem:Display: IME system now activated using TSF (Microsoft 입력기).
[2018.07.13-10.11.26:182][ 80]LogExit: Preparing to exit.
[2018.07.13-10.11.26:353][ 80]LogDirectoryWatcher: A directory notification for 'C:/Users/DSM2018/Desktop/Epic/BPRPG2/Content/' was aborted.
[2018.07.13-10.11.26:374][ 80]LogExit: Editor shut down
[2018.07.13-10.11.26:385][ 80]LogExit: Transaction tracking system shut down
[2018.07.13-10.11.26:468][ 80]LogObj: Freed 0b from 0 cluster array pools.
[2018.07.13-10.11.26:468][ 80]LogExit: Object subsystem successfully closed.
[2018.07.13-10.11.26:495][ 80]LogD3D11RHI: Shutdown
[2018.07.13-10.11.26:495][ 80]LogD3D11RHI: CleanupD3DDevice
[2018.07.13-10.11.26:629][ 80]LogD3D11RHI: ~FD3D11DynamicRHI
[2018.07.13-10.11.26:669][ 80]LogModuleManager: Shutting down and abandoning module ExternalImagePicker (530)
[2018.07.13-10.11.26:669][ 80]LogModuleManager: Shutting down and abandoning module MovieSceneCapture (528)
[2018.07.13-10.11.26:669][ 80]LogModuleManager: Shutting down and abandoning module StatsViewer (526)
[2018.07.13-10.11.26:669][ 80]LogModuleManager: Shutting down and abandoning module HierarchicalLODOutliner (524)
[2018.07.13-10.11.26:669][ 80]LogModuleManager: Shutting down and abandoning module CrashTracker (522)
[2018.07.13-10.11.26:669][ 80]LogModuleManager: Shutting down and abandoning module SceneOutliner (520)
[2018.07.13-10.11.26:669][ 80]LogModuleManager: Shutting down and abandoning module WorldBrowser (518)
[2018.07.13-10.11.26:669][ 80]LogModuleManager: Shutting down and abandoning module AddContentDialog (516)
[2018.07.13-10.11.26:669][ 80]LogDirectoryWatcher: A directory notification for 'C:/Program Files/Epic Games/UE_4.16/FeaturePacks/' was aborted.
[2018.07.13-10.11.26:671][ 80]LogModuleManager: Shutting down and abandoning module WidgetCarousel (515)
[2018.07.13-10.11.26:671][ 80]LogModuleManager: Shutting down and abandoning module EditorWidgets (512)
[2018.07.13-10.11.26:671][ 80]LogModuleManager: Shutting down and abandoning module CollectionManager (510)
[2018.07.13-10.11.26:671][ 80]LogDirectoryWatcher: A directory notification for 'C:/Users/DSM2018/Desktop/Epic/BPRPG2/Content/Collections/' was aborted.
[2018.07.13-10.11.26:671][ 80]LogDirectoryWatcher: A directory notification for 'C:/Users/DSM2018/Desktop/Epic/BPRPG2/Content/Developers/DSM2018/Collections/' was aborted.
[2018.07.13-10.11.26:671][ 80]LogDirectoryWatcher: A directory notification for 'C:/Users/DSM2018/Desktop/Epic/BPRPG2/Saved/Collections/' was aborted.
[2018.07.13-10.11.26:671][ 80]LogModuleManager: Shutting down and abandoning module FoliageEdit (508)
[2018.07.13-10.11.26:671][ 80]LogModuleManager: Shutting down and abandoning module LandscapeEditor (506)
[2018.07.13-10.11.26:671][ 80]LogModuleManager: Shutting down and abandoning module MeshPaintMode (504)
[2018.07.13-10.11.26:671][ 80]LogModuleManager: Shutting down and abandoning module SceneDepthPickerMode (502)
[2018.07.13-10.11.26:671][ 80]LogModuleManager: Shutting down and abandoning module ActorPickerMode (500)
[2018.07.13-10.11.26:671][ 80]LogModuleManager: Shutting down and abandoning module GeometryMode (498)
[2018.07.13-10.11.26:671][ 80]LogModuleManager: Shutting down and abandoning module TextureAlignMode (496)
[2018.07.13-10.11.26:671][ 80]LogModuleManager: Shutting down and abandoning module BspMode (494)
[2018.07.13-10.11.26:671][ 80]LogModuleManager: Shutting down and abandoning module HardwareSurvey (492)
[2018.07.13-10.11.26:671][ 80]LogModuleManager: Shutting down and abandoning module SequenceRecorderSections (490)
[2018.07.13-10.11.26:671][ 80]LogModuleManager: Shutting down and abandoning module AutomationWorker (488)
[2018.07.13-10.11.26:671][ 80]LogModuleManager: Shutting down and abandoning module MatineeToLevelSequence (486)
[2018.07.13-10.11.26:671][ 80]LogModuleManager: Shutting down and abandoning module LevelSequenceEditor (484)
[2018.07.13-10.11.26:672][ 80]LogModuleManager: Shutting down and abandoning module PlacementMode (483)
[2018.07.13-10.11.26:672][ 80]LogModuleManager: Shutting down and abandoning module WmfMediaFactory (480)
[2018.07.13-10.11.26:672][ 80]LogModuleManager: Shutting down and abandoning module WmfMediaEditor (478)
[2018.07.13-10.11.26:672][ 80]LogModuleManager: Shutting down and abandoning module AvfMediaFactory (476)
[2018.07.13-10.11.26:672][ 80]LogModuleManager: Shutting down and abandoning module AvfMediaEditor (474)
[2018.07.13-10.11.26:672][ 80]LogModuleManager: Shutting down and abandoning module AndroidMediaFactory (472)
[2018.07.13-10.11.26:672][ 80]LogModuleManager: Shutting down and abandoning module Media (471)
[2018.07.13-10.11.26:672][ 80]LogModuleManager: Shutting down and abandoning module AndroidMediaEditor (468)
[2018.07.13-10.11.26:672][ 80]LogModuleManager: Shutting down and abandoning module CharacterAI (466)
[2018.07.13-10.11.26:672][ 80]LogModuleManager: Shutting down and abandoning module AudioCapture (464)
[2018.07.13-10.11.26:672][ 80]LogModuleManager: Shutting down and abandoning module SequenceRecorder (463)
[2018.07.13-10.11.26:672][ 80]LogModuleManager: Shutting down and abandoning module SmartSnapping (460)
[2018.07.13-10.11.26:672][ 80]LogModuleManager: Shutting down and abandoning module SessionServices (458)
[2018.07.13-10.11.26:672][ 80]LogModuleManager: Shutting down and abandoning module ViewportSnapping (456)
[2018.07.13-10.11.26:672][ 80]LogModuleManager: Shutting down and abandoning module ViewportInteraction (454)
[2018.07.13-10.11.26:672][ 80]LogModuleManager: Shutting down and abandoning module ClothPainter (452)
[2018.07.13-10.11.26:672][ 80]LogModuleManager: Shutting down and abandoning module LogVisualizer (450)
[2018.07.13-10.11.26:672][ 80]LogModuleManager: Shutting down and abandoning module IntroTutorials (448)
[2018.07.13-10.11.26:672][ 80]LogModuleManager: Shutting down and abandoning module GameProjectGeneration (447)
[2018.07.13-10.11.26:672][ 80]LogModuleManager: Shutting down and abandoning module EditorLiveStreaming (444)
[2018.07.13-10.11.26:672][ 80]LogModuleManager: Shutting down and abandoning module IOSPlatformEditor (442)
[2018.07.13-10.11.26:672][ 80]LogModuleManager: Shutting down and abandoning module HTML5PlatformEditor (440)
[2018.07.13-10.11.26:672][ 80]LogModuleManager: Shutting down and abandoning module AndroidPlatformEditor (438)
[2018.07.13-10.11.26:672][ 80]LogModuleManager: Shutting down and abandoning module AndroidDeviceDetection (437)
[2018.07.13-10.11.26:962][ 80]LogModuleManager: Shutting down and abandoning module IOSRuntimeSettings (434)
[2018.07.13-10.11.26:962][ 80]LogModuleManager: Shutting down and abandoning module AndroidRuntimeSettings (432)
[2018.07.13-10.11.26:962][ 80]LogModuleManager: Shutting down and abandoning module InputBindingEditor (430)
[2018.07.13-10.11.26:962][ 80]LogModuleManager: Shutting down and abandoning module MergeActors (428)
[2018.07.13-10.11.26:962][ 80]LogModuleManager: Shutting down and abandoning module SizeMap (426)
[2018.07.13-10.11.26:962][ 80]LogModuleManager: Shutting down and abandoning module TreeMap (424)
[2018.07.13-10.11.26:962][ 80]LogModuleManager: Shutting down and abandoning module ReferenceViewer (422)
[2018.07.13-10.11.26:962][ 80]LogModuleManager: Shutting down and abandoning module LocalizationDashboard (420)
[2018.07.13-10.11.26:962][ 80]LogModuleManager: Shutting down and abandoning module LocalizationService (419)
[2018.07.13-10.11.26:962][ 80]LogModuleManager: Shutting down and abandoning module HardwareTargeting (416)
[2018.07.13-10.11.26:962][ 80]LogModuleManager: Shutting down and abandoning module DeviceProfileEditor (414)
[2018.07.13-10.11.26:962][ 80]LogModuleManager: Shutting down and abandoning module UndoHistory (412)
[2018.07.13-10.11.26:962][ 80]LogModuleManager: Shutting down and abandoning module UserFeedback (410)
[2018.07.13-10.11.26:962][ 80]LogModuleManager: Shutting down and abandoning module XmlParser (408)
[2018.07.13-10.11.26:962][ 80]LogModuleManager: Shutting down and abandoning module Blutility (406)
[2018.07.13-10.11.26:962][ 80]LogModuleManager: Shutting down and abandoning module ProjectSettingsViewer (404)
[2018.07.13-10.11.26:963][ 80]LogModuleManager: Shutting down and abandoning module ProjectTargetPlatformEditor (403)
[2018.07.13-10.11.26:963][ 80]LogModuleManager: Shutting down and abandoning module EditorSettingsViewer (400)
[2018.07.13-10.11.26:963][ 80]LogModuleManager: Shutting down and abandoning module SettingsEditor (398)
[2018.07.13-10.11.26:963][ 80]LogModuleManager: Shutting down and abandoning module ProjectLauncher (396)
[2018.07.13-10.11.26:963][ 80]LogModuleManager: Shutting down and abandoning module SessionFrontend (394)
[2018.07.13-10.11.26:963][ 80]LogModuleManager: Shutting down and abandoning module ProfilerClient (392)
[2018.07.13-10.11.26:963][ 80]LogModuleManager: Shutting down and abandoning module DeviceManager (390)
[2018.07.13-10.11.26:963][ 80]LogModuleManager: Shutting down and abandoning module TargetDeviceServices (389)
[2018.07.13-10.11.27:018][ 80]LogModuleManager: Shutting down and abandoning module AutomationController (386)
[2018.07.13-10.11.27:018][ 80]LogModuleManager: Shutting down and abandoning module AutomationWindow (384)
[2018.07.13-10.11.27:018][ 80]LogModuleManager: Shutting down and abandoning module Layers (382)
[2018.07.13-10.11.27:018][ 80]LogModuleManager: Shutting down and abandoning module ComponentVisualizers (380)
[2018.07.13-10.11.27:018][ 80]LogModuleManager: Shutting down and abandoning module DetailCustomizations (378)
[2018.07.13-10.11.27:018][ 80]LogModuleManager: Shutting down and abandoning module PackagesDialog (376)
[2018.07.13-10.11.27:018][ 80]LogModuleManager: Shutting down and abandoning module Persona (374)
[2018.07.13-10.11.27:018][ 80]LogModuleManager: Shutting down and abandoning module AdvancedPreviewScene (373)
[2018.07.13-10.11.27:018][ 80]LogModuleManager: Shutting down and abandoning module AnimGraph (371)
[2018.07.13-10.11.27:018][ 80]LogModuleManager: Shutting down and abandoning module Kismet (368)
[2018.07.13-10.11.27:018][ 80]LogModuleManager: Shutting down and abandoning module ClassViewer (366)
[2018.07.13-10.11.27:021][ 80]LogModuleManager: Shutting down and abandoning module Toolbox (364)
[2018.07.13-10.11.27:021][ 80]LogModuleManager: Shutting down and abandoning module ModuleUI (362)
[2018.07.13-10.11.27:021][ 80]LogModuleManager: Shutting down and abandoning module MovieSceneTools (360)
[2018.07.13-10.11.27:021][ 80]LogModuleManager: Shutting down and abandoning module OutputLog (358)
[2018.07.13-10.11.27:021][ 80]LogModuleManager: Shutting down and abandoning module GammaUI (356)
[2018.07.13-10.11.27:021][ 80]LogModuleManager: Shutting down and abandoning module Documentation (354)
[2018.07.13-10.11.27:021][ 80]LogModuleManager: Shutting down and abandoning module MovieSceneTracks (352)
[2018.07.13-10.11.27:021][ 80]LogModuleManager: Shutting down and abandoning module MovieScene (350)
[2018.07.13-10.11.27:021][ 80]LogModuleManager: Shutting down and abandoning module Niagara (348)
[2018.07.13-10.11.27:021][ 80]LogModuleManager: Shutting down and abandoning module NiagaraEditor (347)
[2018.07.13-10.11.27:021][ 80]LogModuleManager: Shutting down and abandoning module StreamingPauseRendering (344)
[2018.07.13-10.11.27:021][ 80]LogModuleManager: Shutting down and abandoning module AnalyticsET (342)
[2018.07.13-10.11.27:021][ 80]LogModuleManager: Shutting down and abandoning module PortalServices (340)
[2018.07.13-10.11.27:021][ 80]LogModuleManager: Shutting down and abandoning module PortalRpc (338)
[2018.07.13-10.11.27:021][ 80]LogModuleManager: Shutting down and abandoning module MessagingRpc (336)
[2018.07.13-10.11.27:021][ 80]LogModuleManager: Shutting down and abandoning module AIModule (334)
[2018.07.13-10.11.27:021][ 80]LogModuleManager: Shutting down and abandoning module GameplayDebugger (333)
[2018.07.13-10.11.27:021][ 80]LogModuleManager: Shutting down and abandoning module AITestSuite (331)
[2018.07.13-10.11.27:021][ 80]LogModuleManager: Shutting down and abandoning module ProfilerService (328)
[2018.07.13-10.11.27:089][ 80]LogModuleManager: Shutting down and abandoning module TaskGraph (326)
[2018.07.13-10.11.27:089][ 80]LogModuleManager: Shutting down and abandoning module SteamVRController (324)
[2018.07.13-10.11.27:089][ 80]LogModuleManager: Shutting down and abandoning module SteamVR (322)
[2018.07.13-10.11.27:089][ 80]LogModuleManager: Shutting down and abandoning module ProceduralMeshComponentEditor (320)
[2018.07.13-10.11.27:089][ 80]LogModuleManager: Shutting down and abandoning module ProceduralMeshComponent (318)
[2018.07.13-10.11.27:089][ 80]LogModuleManager: Shutting down and abandoning module OculusLibrary (316)
[2018.07.13-10.11.27:089][ 80]LogModuleManager: Shutting down and abandoning module OculusInput (314)
[2018.07.13-10.11.27:089][ 80]LogModuleManager: Shutting down and abandoning module MobilePatchingUtils (312)
[2018.07.13-10.11.27:089][ 80]LogModuleManager: Shutting down and abandoning module CustomMeshComponent (310)
[2018.07.13-10.11.27:089][ 80]LogModuleManager: Shutting down and abandoning module CableComponent (308)
[2018.07.13-10.11.27:089][ 80]LogModuleManager: Shutting down and abandoning module ArchVisCharacter (306)
[2018.07.13-10.11.27:089][ 80]LogModuleManager: Shutting down and abandoning module AndroidPermission (304)
[2018.07.13-10.11.27:089][ 80]LogModuleManager: Shutting down and abandoning module MediaPlayerEditor (300)
[2018.07.13-10.11.27:089][ 80]LogModuleManager: Shutting down and abandoning module HTML5Networking (298)
[2018.07.13-10.11.27:089][ 80]LogModuleManager: Shutting down and abandoning module AlembicImporter (296)
[2018.07.13-10.11.27:089][ 80]LogModuleManager: Shutting down and abandoning module AlembicLibrary (295)
[2018.07.13-10.11.27:089][ 80]LogModuleManager: Shutting down and abandoning module GeometryCache (294)
[2018.07.13-10.11.27:089][ 80]LogModuleManager: Shutting down and abandoning module GeometryCacheEd (293)
[2018.07.13-10.11.27:089][ 80]LogModuleManager: Shutting down and abandoning module SuperSearchEditor (288)
[2018.07.13-10.11.27:089][ 80]LogModuleManager: Shutting down and abandoning module SuperSearch (287)
[2018.07.13-10.11.27:089][ 80]LogModuleManager: Shutting down and abandoning module SpeedTreeImporter (284)
[2018.07.13-10.11.27:089][ 80]LogModuleManager: Shutting down and abandoning module PluginBrowser (282)
[2018.07.13-10.11.27:089][ 80]LogModuleManager: Shutting down and abandoning module MobileLauncherProfileWizard (280)
[2018.07.13-10.11.27:089][ 80]LogModuleManager: Shutting down and abandoning module VisualStudioSourceCodeAccess (278)
[2018.07.13-10.11.27:089][ 80]LogModuleManager: Shutting down and abandoning module DesktopPlatform (277)
[2018.07.13-10.11.27:089][ 80]LogModuleManager: Shutting down and abandoning module UObjectPlugin (274)
[2018.07.13-10.11.27:090][ 80]LogModuleManager: Shutting down and abandoning module SubversionSourceControl (272)
[2018.07.13-10.11.27:090][ 80]LogModuleManager: Shutting down and abandoning module PerforceSourceControl (270)
[2018.07.13-10.11.27:090][ 80]LogModuleManager: Shutting down and abandoning module GitSourceControl (268)
[2018.07.13-10.11.27:090][ 80]LogModuleManager: Shutting down and abandoning module SourceControl (267)
[2018.07.13-10.11.27:090][ 80]LogModuleManager: Shutting down and abandoning module LightPropagationVolumeEditor (264)
[2018.07.13-10.11.27:090][ 80]LogModuleManager: Shutting down and abandoning module PaperTiledImporter (262)
[2018.07.13-10.11.27:090][ 80]LogModuleManager: Shutting down and abandoning module PaperSpriteSheetImporter (260)
[2018.07.13-10.11.27:090][ 80]LogModuleManager: Shutting down and abandoning module Paper2DEditor (258)
[2018.07.13-10.11.27:090][ 80]LogModuleManager: Shutting down and abandoning module MeshPaint (257)
[2018.07.13-10.11.27:090][ 80]LogModuleManager: Shutting down and abandoning module LevelEditor (255)
[2018.07.13-10.11.27:090][ 80]LogModuleManager: Shutting down and abandoning module PixelInspectorModule (254)
[2018.07.13-10.11.27:090][ 80]LogModuleManager: Shutting down and abandoning module MainFrame (252)
[2018.07.13-10.11.27:090][ 80]LogModuleManager: Shutting down and abandoning module HotReload (251)
[2018.07.13-10.11.27:091][ 80]LogModuleManager: Shutting down and abandoning module PhysXVehiclesEditor (246)
[2018.07.13-10.11.27:091][ 80]LogModuleManager: Shutting down and abandoning module PhysXVehicles (244)
[2018.07.13-10.11.27:091][ 80]LogModuleManager: Shutting down and abandoning module LocationServicesBPLibrary (242)
[2018.07.13-10.11.27:091][ 80]LogModuleManager: Shutting down and abandoning module ImmediatePhysicsEditor (240)
[2018.07.13-10.11.27:091][ 80]LogModuleManager: Shutting down and abandoning module ImmediatePhysics (238)
[2018.07.13-10.11.27:091][ 80]LogModuleManager: Shutting down and abandoning module UdpMessaging (236)
[2018.07.13-10.11.27:192][ 80]LogModuleManager: Shutting down and abandoning module TcpMessaging (234)
[2018.07.13-10.11.27:293][ 80]LogModuleManager: Shutting down and abandoning module GameplayTagsEditor (232)
[2018.07.13-10.11.27:293][ 80]LogModuleManager: Shutting down and abandoning module FacialAnimationEditor (230)
[2018.07.13-10.11.27:293][ 80]LogModuleManager: Shutting down and abandoning module FacialAnimation (228)
[2018.07.13-10.11.27:293][ 80]LogModuleManager: Shutting down and abandoning module AssetManagerEditor (226)
[2018.07.13-10.11.27:293][ 80]LogModuleManager: Shutting down and abandoning module GraphEditor (225)
[2018.07.13-10.11.27:293][ 80]LogModuleManager: Shutting down and abandoning module ContentBrowser (223)
[2018.07.13-10.11.27:294][ 80]LogModuleManager: Shutting down and abandoning module LightPropagationVolumeRuntime (220)
[2018.07.13-10.11.27:294][ 80]LogModuleManager: Shutting down and abandoning module Paper2D (218)
[2018.07.13-10.11.27:294][ 80]LogModuleManager: Shutting down and abandoning module WindowsMoviePlayer (216)
[2018.07.13-10.11.27:294][ 80]LogModuleManager: Shutting down and abandoning module WmfMedia (214)
[2018.07.13-10.11.27:295][ 80]LogModuleManager: Shutting down and abandoning module ClothingSystemEditor (212)
[2018.07.13-10.11.27:295][ 80]LogModuleManager: Shutting down and abandoning module ClothingSystemRuntime (210)
[2018.07.13-10.11.27:296][ 80]LogModuleManager: Shutting down and abandoning module MediaAssets (208)
[2018.07.13-10.11.27:296][ 80]LogModuleManager: Shutting down and abandoning module GameLiveStreaming (206)
[2018.07.13-10.11.27:296][ 80]LogModuleManager: Shutting down and abandoning module VREditor (204)
[2018.07.13-10.11.27:296][ 80]LogModuleManager: Shutting down and abandoning module StringTableEditor (202)
[2018.07.13-10.11.27:296][ 80]LogModuleManager: Shutting down and abandoning module GameplayTasksEditor (200)
[2018.07.13-10.11.27:296][ 80]LogModuleManager: Shutting down and abandoning module BehaviorTreeEditor (198)
[2018.07.13-10.11.27:296][ 80]LogModuleManager: Shutting down and abandoning module FunctionalTesting (196)
[2018.07.13-10.11.27:296][ 80]LogModuleManager: Shutting down and abandoning module CollisionAnalyzer (194)
[2018.07.13-10.11.27:296][ 80]LogModuleManager: Shutting down and abandoning module UMG (192)
[2018.07.13-10.11.27:296][ 80]LogModuleManager: Shutting down and abandoning module UMGEditor (191)
[2018.07.13-10.11.27:296][ 80]LogModuleManager: Shutting down and abandoning module Sequencer (190)
[2018.07.13-10.11.27:296][ 80]LogModuleManager: Shutting down and abandoning module AssetTools (188)
[2018.07.13-10.11.27:296][ 80]LogModuleManager: Shutting down and abandoning module MessageLog (187)
[2018.07.13-10.11.27:296][ 80]LogModuleManager: Shutting down and abandoning module WorkspaceMenuStructure (186)
[2018.07.13-10.11.27:296][ 80]LogModuleManager: Shutting down and abandoning module SlateReflector (180)
[2018.07.13-10.11.27:296][ 80]LogModuleManager: Shutting down and abandoning module Slate (178)
[2018.07.13-10.11.27:296][ 80]LogModuleManager: Shutting down and abandoning module EditorStyle (176)
[2018.07.13-10.11.27:299][ 80]LogModuleManager: Shutting down and abandoning module SourceCodeAccess (174)
[2018.07.13-10.11.27:299][ 80]LogModuleManager: Shutting down and abandoning module HeadMountedDisplay (172)
[2018.07.13-10.11.27:299][ 80]LogModuleManager: Shutting down and abandoning module XAudio2 (170)
[2018.07.13-10.11.27:299][ 80]LogModuleManager: Shutting down and abandoning module Networking (168)
[2018.07.13-10.11.27:299][ 80]LogModuleManager: Shutting down and abandoning module Core (164)
[2018.07.13-10.11.27:299][ 80]LogModuleManager: Shutting down and abandoning module AssetRegistry (162)
[2018.07.13-10.11.27:406][ 80]LogDirectoryWatcher: A directory notification for '../../../Engine/Content/' was aborted.
[2018.07.13-10.11.27:406][ 80]LogDirectoryWatcher: A directory notification for '../../../../../../Users/DSM2018/Desktop/Epic/BPRPG2/Content/' was aborted.
[2018.07.13-10.11.27:406][ 80]LogDirectoryWatcher: A directory notification for '../../../Engine/Plugins/2D/Paper2D/Content/' was aborted.
[2018.07.13-10.11.27:406][ 80]LogDirectoryWatcher: A directory notification for '../../../Engine/Plugins/Runtime/GearVR/Content/' was aborted.
[2018.07.13-10.11.27:409][ 80]LogModuleManager: Shutting down and abandoning module DirectoryWatcher (161)
[2018.07.13-10.11.27:411][ 80]LogModuleManager: Shutting down and abandoning module KismetCompiler (158)
[2018.07.13-10.11.27:411][ 80]LogModuleManager: Shutting down and abandoning module LevelSequence (156)
[2018.07.13-10.11.27:411][ 80]LogModuleManager: Shutting down and abandoning module PhysXFormats (154)
[2018.07.13-10.11.27:411][ 80]LogModuleManager: Shutting down and abandoning module MeshUtilities (152)
[2018.07.13-10.11.27:411][ 80]LogModuleManager: Shutting down and abandoning module SimplygonSwarm (151)
[2018.07.13-10.11.27:411][ 80]LogModuleManager: Shutting down and abandoning module SimplygonMeshReduction (149)
[2018.07.13-10.11.27:411][ 80]LogModuleManager: Shutting down and abandoning module QuadricMeshReduction (147)
[2018.07.13-10.11.27:411][ 80]LogModuleManager: Shutting down and abandoning module DerivedDataCache (144)
[2018.07.13-10.11.27:499][ 80]LogDerivedDataCache: Shutdown
[2018.07.13-10.11.27:499][ 80]LogModuleManager: Shutting down and abandoning module TargetPlatform (142)
[2018.07.13-10.11.27:499][ 80]LogModuleManager: Shutting down and abandoning module VulkanShaderFormat (141)
[2018.07.13-10.11.27:500][ 80]LogModuleManager: Shutting down and abandoning module ShaderFormatVectorVM (139)
[2018.07.13-10.11.27:500][ 80]LogModuleManager: Shutting down and abandoning module ShaderFormatOpenGL (137)
[2018.07.13-10.11.27:500][ 80]LogModuleManager: Shutting down and abandoning module ShaderFormatD3D (135)
[2018.07.13-10.11.27:500][ 80]LogModuleManager: Shutting down and abandoning module MetalShaderFormat (133)
[2018.07.13-10.11.27:500][ 80]LogModuleManager: Shutting down and abandoning module TextureFormatUncompressed (131)
[2018.07.13-10.11.27:500][ 80]LogModuleManager: Shutting down and abandoning module TextureFormatPVR (129)
[2018.07.13-10.11.27:500][ 80]LogModuleManager: Shutting down and abandoning module TextureFormatDXT (127)
[2018.07.13-10.11.27:500][ 80]LogModuleManager: Shutting down and abandoning module TextureFormatIntelISPCTexComp (125)
[2018.07.13-10.11.27:500][ 80]LogModuleManager: Shutting down and abandoning module TextureFormatASTC (123)
[2018.07.13-10.11.27:500][ 80]LogModuleManager: Shutting down and abandoning module ImageWrapper (122)
[2018.07.13-10.11.27:500][ 80]LogModuleManager: Shutting down and abandoning module TextureFormatAndroid (119)
[2018.07.13-10.11.27:500][ 80]LogModuleManager: Shutting down and abandoning module AudioFormatOpus (117)
[2018.07.13-10.11.27:500][ 80]LogModuleManager: Shutting down and abandoning module AudioFormatOgg (115)
[2018.07.13-10.11.27:500][ 80]LogModuleManager: Shutting down and abandoning module AudioFormatADPCM (113)
[2018.07.13-10.11.27:500][ 80]LogModuleManager: Shutting down and abandoning module LinuxTargetPlatform (111)
[2018.07.13-10.11.27:500][ 80]LogModuleManager: Shutting down and abandoning module LinuxServerTargetPlatform (109)
[2018.07.13-10.11.27:500][ 80]LogModuleManager: Shutting down and abandoning module LinuxNoEditorTargetPlatform (107)
[2018.07.13-10.11.27:500][ 80]LogModuleManager: Shutting down and abandoning module LinuxClientTargetPlatform (105)
[2018.07.13-10.11.27:500][ 80]LogModuleManager: Shutting down and abandoning module TVOSTargetPlatform (103)
[2018.07.13-10.11.27:500][ 80]LogModuleManager: Shutting down and abandoning module Messaging (101)
[2018.07.13-10.11.27:500][ 80]LogModuleManager: Shutting down and abandoning module IOSTargetPlatform (99)
[2018.07.13-10.11.27:500][ 80]LogModuleManager: Shutting down and abandoning module HTML5TargetPlatform (97)
[2018.07.13-10.11.27:500][ 80]LogModuleManager: Shutting down and abandoning module Android_PVRTCTargetPlatform (95)
[2018.07.13-10.11.27:500][ 80]LogModuleManager: Shutting down and abandoning module Android_MultiTargetPlatform (93)
[2018.07.13-10.11.27:500][ 80]LogModuleManager: Shutting down and abandoning module Android_ETC2TargetPlatform (91)
[2018.07.13-10.11.27:500][ 80]LogModuleManager: Shutting down and abandoning module Android_ETC1TargetPlatform (89)
[2018.07.13-10.11.27:500][ 80]LogModuleManager: Shutting down and abandoning module Android_DXTTargetPlatform (87)
[2018.07.13-10.11.27:500][ 80]LogModuleManager: Shutting down and abandoning module Android_ATCTargetPlatform (85)
[2018.07.13-10.11.27:500][ 80]LogModuleManager: Shutting down and abandoning module Android_ASTCTargetPlatform (83)
[2018.07.13-10.11.27:501][ 80]LogModuleManager: Shutting down and abandoning module AndroidTargetPlatform (81)
[2018.07.13-10.11.27:501][ 80]LogModuleManager: Shutting down and abandoning module WindowsTargetPlatform (79)
[2018.07.13-10.11.27:501][ 80]LogModuleManager: Shutting down and abandoning module WindowsServerTargetPlatform (77)
[2018.07.13-10.11.27:501][ 80]LogModuleManager: Shutting down and abandoning module WindowsNoEditorTargetPlatform (75)
[2018.07.13-10.11.27:501][ 80]LogModuleManager: Shutting down and abandoning module WindowsClientTargetPlatform (73)
[2018.07.13-10.11.27:501][ 80]LogModuleManager: Shutting down and abandoning module MacTargetPlatform (71)
[2018.07.13-10.11.27:501][ 80]LogModuleManager: Shutting down and abandoning module MacServerTargetPlatform (69)
[2018.07.13-10.11.27:501][ 80]LogModuleManager: Shutting down and abandoning module MacNoEditorTargetPlatform (67)
[2018.07.13-10.11.27:501][ 80]LogModuleManager: Shutting down and abandoning module MacClientTargetPlatform (65)
[2018.07.13-10.11.27:501][ 80]LogModuleManager: Shutting down and abandoning module AllDesktopTargetPlatform (63)
[2018.07.13-10.11.27:501][ 80]LogModuleManager: Shutting down and abandoning module InputCore (60)
[2018.07.13-10.11.27:501][ 80]LogModuleManager: Shutting down and abandoning module Settings (58)
[2018.07.13-10.11.27:501][ 80]LogModuleManager: Shutting down and abandoning module OculusRift (56)
[2018.07.13-10.11.27:501][ 80]LogModuleManager: Shutting down and abandoning module GearVRController (54)
[2018.07.13-10.11.27:501][ 80]LogModuleManager: Shutting down and abandoning module GearVR (52)
[2018.07.13-10.11.27:501][ 80]LogModuleManager: Shutting down and abandoning module ExampleDeviceProfileSelector (50)
[2018.07.13-10.11.27:501][ 80]LogModuleManager: Shutting down and abandoning module OnlineBlueprintSupport (48)
[2018.07.13-10.11.27:501][ 80]LogModuleManager: Shutting down and abandoning module OnlineSubsystem (44)
[2018.07.13-10.11.27:501][ 80]LogOnline:Display: Unloading online subsystem: NULL
[2018.07.13-10.11.27:501][ 80]LogModuleManager: Shutting down and abandoning module XMPP (43)
[2018.07.13-10.11.27:502][ 80]LogModuleManager: Shutting down and abandoning module HTTP (41)
[2018.07.13-10.11.27:502][ 80]LogHttp:Display: Http module shutting down, but needs to wait on 1 outstanding Http requests:
[2018.07.13-10.11.27:502][ 80]LogHttp:Display: 	verb=[POST] url=[https://datarouter.ol.epicgames.com/datarouter/api/v1/public/data?SessionID=%7B03833F6C-4342-7B80-9714-43BA7BAC460F%7D&AppID=UEEditor.Rocket.Release&AppVersion=4.16.3-3561208%2B%2B%2BUE4%2BRelease-4.16&UserID=fd9b53ad40af711350424584bbc00e4f%7C7f9697d497024c88af204dcfc766d70a%7C040d2413-5235-416e-a007-363c225b842f&AppEnvironment=datacollector-binary&UploadType=eteventstream] status=Processing
[2018.07.13-10.11.27:522][ 80]LogModuleManager: Shutting down and abandoning module SSL (40)
[2018.07.13-10.11.27:523][ 80]LogModuleManager: Shutting down and abandoning module HTTPChunkInstaller (36)
[2018.07.13-10.11.27:523][ 80]LogModuleManager: Shutting down and abandoning module AnimationModifiers (34)
[2018.07.13-10.11.27:523][ 80]LogModuleManager: Shutting down and abandoning module PropertyEditor (33)
[2018.07.13-10.11.27:523][ 80]LogModuleManager: Shutting down and abandoning module AudioEditor (30)
[2018.07.13-10.11.27:523][ 80]LogModuleManager: Shutting down and abandoning module TextureCompressor (28)
[2018.07.13-10.11.27:524][ 80]LogModuleManager: Shutting down and abandoning module ShaderCore (26)
[2018.07.13-10.11.27:524][ 80]LogModuleManager: Shutting down and abandoning module Landscape (24)
[2018.07.13-10.11.27:524][ 80]LogModuleManager: Shutting down and abandoning module SlateRHIRenderer (22)
[2018.07.13-10.11.27:525][ 80]LogModuleManager: Shutting down and abandoning module OpenGLDrv (20)
[2018.07.13-10.11.27:525][ 80]LogModuleManager: Shutting down and abandoning module D3D11RHI (18)
[2018.07.13-10.11.27:525][ 80]LogModuleManager: Shutting down and abandoning module AnimGraphRuntime (16)
[2018.07.13-10.11.27:525][ 80]LogModuleManager: Shutting down and abandoning module Renderer (14)
[2018.07.13-10.11.27:525][ 80]LogModuleManager: Shutting down and abandoning module Engine (12)
[2018.07.13-10.11.27:525][ 80]LogModuleManager: Shutting down and abandoning module CoreUObject (10)
[2018.07.13-10.11.27:526][ 80]LogModuleManager: Shutting down and abandoning module NetworkFile (8)
[2018.07.13-10.11.27:526][ 80]LogModuleManager: Shutting down and abandoning module StreamingFile (6)
[2018.07.13-10.11.27:526][ 80]LogModuleManager: Shutting down and abandoning module SandboxFile (4)
[2018.07.13-10.11.27:526][ 80]LogModuleManager: Shutting down and abandoning module PakFile (2)
[2018.07.13-10.11.27:528][ 80]LogExit: Exiting.
[2018.07.13-10.11.27:536][ 80]Log file closed, 07/13/18 19:11:27
