Log file open, 07/13/18 16:17:01
LogInit:Display: Running engine for game: BPRPG1
LogPlatformFile: Not using cached read wrapper
LogInit:Display: RandInit(1882189302) SRandInit(1882189302).
LogTaskGraph: Started task graph with 5 named threads and 8 total threads with 1 sets of task threads.
LogStats: Stats thread started at 0.150007
LogInit: Using libcurl 7.47.1
LogInit:  - built for x86_64-pc-win32
LogInit:  - supports SSL with OpenSSL/1.0.2g
LogInit:  - supports HTTP deflate (compression) using libz 1.2.8
LogInit:  - other features:
LogInit:      CURL_VERSION_SSL
LogInit:      CURL_VERSION_LIBZ
LogInit:      CURL_VERSION_IPV6
LogInit:      CURL_VERSION_ASYNCHDNS
LogInit:      CURL_VERSION_LARGEFILE
LogInit:      CURL_VERSION_IDN
LogInit:  CurlRequestOptions (configurable via config and command line):
LogInit:  - bVerifyPeer = false  - Libcurl will NOT verify peer certificate
LogInit:  - bUseHttpProxy = false  - Libcurl will NOT use HTTP proxy
LogInit:  - bDontReuseConnections = false  - Libcurl will reuse connections
LogInit:  - CertBundlePath = nullptr  - Libcurl will use whatever was configured at build time.
LogInit: Build: ++UE4+Release-4.16-CL-3561208
LogInit: Engine Version: 4.16.3-3561208+++UE4+Release-4.16
LogInit: Compatible Engine Version: 4.16.0-3452394+++UE4+Release-4.16
LogInit: Net CL: 3452394
LogDevObjectVersion: Number of dev versions registered: 16
LogDevObjectVersion:   Dev-Blueprints (B0D832E4-1F89-4F0D-ACCF-7EB736FD4AA2): 9
LogDevObjectVersion:   Dev-Build (E1C64328-A22C-4D53-A36C-8E866417BD8C): 0
LogDevObjectVersion:   Dev-Core (375EC13C-06E4-48FB-B500-84F0262A717E): 2
LogDevObjectVersion:   Dev-Editor (E4B068ED-F494-42E9-A231-DA0B2E46BB41): 17
LogDevObjectVersion:   Dev-Framework (CFFC743F-43B0-4480-9391-14DF171D2073): 23
LogDevObjectVersion:   Dev-Mobile (B02B49B5-BB20-44E9-A304-32B752E40360): 0
LogDevObjectVersion:   Dev-Networking (A4E4105C-59A1-49B5-A7C5-40C4547EDFEE): 0
LogDevObjectVersion:   Dev-Online (39C831C9-5AE6-47DC-9A44-9C173E1C8E7C): 0
LogDevObjectVersion:   Dev-Physics (78F01B33-EBEA-4F98-B9B4-84EACCB95AA2): 0
LogDevObjectVersion:   Dev-Platform (6631380F-2D4D-43E0-8009-CF276956A95A): 0
LogDevObjectVersion:   Dev-Rendering (12F88B9F-8875-4AFC-A67C-D90C383ABD29): 15
LogDevObjectVersion:   Dev-Sequencer (7B5AE74C-D270-4C10-A958-57980B212A5A): 4
LogDevObjectVersion:   Dev-VR (D7296918-1DD6-4BDD-9DE2-64A83CC13884): 0
LogDevObjectVersion:   Dev-LoadTimes (C2A15278-BFE7-4AFE-6C17-90FF531DF755): 1
LogDevObjectVersion:   Private-Geometry (6EACA3D4-40EC-4CC1-B786-8BED09428FC5): 1
LogDevObjectVersion:   Dev-AnimPhys (29E575DD-E0A3-4627-9D10-D276232CDCEA): 3
LogInit: Compiled (64-bit): Jul 28 2017 11:49:47
LogInit: Compiled with Visual C++: 19.00.24215.01
LogInit: Build Configuration: Development
LogInit: Branch Name: ++UE4+Release-4.16
LogInit: Command line:  
LogInit: Base directory: C:/Program Files/Epic Games/UE_4.16/Engine/Binaries/Win64/
LogInit: Installed Engine Build: 1
LogInit: Presizing for max 8388607 objects, including 0 objects not considered by GC, pre-allocating 0 bytes for permanent pool.
LogInit: Object subsystem initialized
[2018.07.13-07.17.03:236][  0]LogInit: Selected Device Profile: [Windows]
[2018.07.13-07.17.03:236][  0]LogInit: Applying CVar settings loaded from the selected device profile: [Windows]
[2018.07.13-07.17.03:261][  0]LogInit: Computer: 10413윤이온
[2018.07.13-07.17.03:261][  0]LogInit: User: DSM2018
[2018.07.13-07.17.03:261][  0]LogInit: CPU Page size=4096, Cores=4
[2018.07.13-07.17.03:261][  0]LogInit: High frequency timer resolution =2.240917 MHz
[2018.07.13-07.17.03:261][  0]LogMemory: Memory total: Physical=15.9GB (16GB approx)
[2018.07.13-07.17.03:261][  0]LogMemory: Platform Memory Stats for Windows
[2018.07.13-07.17.03:261][  0]LogMemory: Process Physical Memory: 274.34 MB used, 274.34 MB peak
[2018.07.13-07.17.03:261][  0]LogMemory: Process Virtual Memory: 260.91 MB used, 260.91 MB peak
[2018.07.13-07.17.03:261][  0]LogMemory: Physical Memory: 6637.21 MB used,  9661.41 MB free, 16298.62 MB total
[2018.07.13-07.17.03:261][  0]LogMemory: Virtual Memory: 4772.58 MB used,  9661.41 MB free, 134217728.00 MB total
[2018.07.13-07.17.03:710][  0]LogInit: Using OS detected language (ko-KR).
[2018.07.13-07.17.03:710][  0]LogInit: Using OS detected locale (ko-KR).
[2018.07.13-07.17.03:720][  0]LogTextLocalizationManager: No specific localization for 'ko-KR' exists, so the 'ko' localization will be used.
[2018.07.13-07.17.05:453][  0]LogD3D11RHI: D3D11 adapters:
[2018.07.13-07.17.05:463][  0]LogD3D11RHI:    0. 'Intel(R) HD Graphics 4600' (Feature Level 11_0)
[2018.07.13-07.17.05:463][  0]LogD3D11RHI:       112/0/2048 MB DedicatedVideo/DedicatedSystem/SharedSystem, Outputs:1, VendorId:0x8086
[2018.07.13-07.17.05:466][  0]LogD3D11RHI:    1. 'Microsoft Basic Render Driver' (Feature Level 11_0)
[2018.07.13-07.17.05:466][  0]LogD3D11RHI:       0/0/8149 MB DedicatedVideo/DedicatedSystem/SharedSystem, Outputs:0, VendorId:0x1414
[2018.07.13-07.17.05:466][  0]LogD3D11RHI: Chosen D3D11 Adapter: 0
[2018.07.13-07.17.05:475][  0]LogD3D11RHI: Creating new Direct3DDevice
[2018.07.13-07.17.05:475][  0]LogD3D11RHI:     GPU DeviceId: 0x416 (for the marketing name, search the web for "GPU Device Id")
[2018.07.13-07.17.05:475][  0]LogWindows: EnumDisplayDevices:
[2018.07.13-07.17.05:475][  0]LogWindows:    0. 'Intel(R) HD Graphics 4600' (P:1 D:1)
[2018.07.13-07.17.05:475][  0]LogWindows:    1. 'Intel(R) HD Graphics 4600' (P:0 D:0)
[2018.07.13-07.17.05:476][  0]LogWindows:    2. 'Intel(R) HD Graphics 4600' (P:0 D:0)
[2018.07.13-07.17.05:476][  0]LogWindows: DebugString: GetVideoDriverDetailsInvalid PrimaryIsNotTheChoosenAdapter GetVideoDriverDetailsInvalid PrimaryIsNotTheChoosenAdapter GetVideoDriverDetailsInvalid PrimaryIsNotTheChoosenAdapter FoundDriverCount:0 
[2018.07.13-07.17.05:476][  0]LogD3D11RHI:     Adapter Name: Intel(R) HD Graphics 4600
[2018.07.13-07.17.05:476][  0]LogD3D11RHI:   Driver Version: Unknown (internal:Unknown, unified:Unknown)
[2018.07.13-07.17.05:476][  0]LogD3D11RHI:      Driver Date: Unknown
[2018.07.13-07.17.05:476][  0]LogRHI: Texture pool is 795 MB (70% of 1136 MB)
[2018.07.13-07.17.05:483][  0]LogD3D11RHI: Async texture creation enabled
[2018.07.13-07.17.05:489][  0]LogD3D11RHI: GPU Timing Frequency: 12.500000 (Debug: 2 0)
[2018.07.13-07.17.05:491][  0]LogShaderCompilers: Guid format shader working directory is -4 characters bigger than the processId version (../../../../../../Users/DSM2018/Desktop/Epic/BPRPG1/Intermediate/Shaders/WorkingDirectory/26544/).
[2018.07.13-07.17.05:491][  0]LogShaderCompilers: Cleaned the shader compiler working directory 'C:/Users/DSM2018/AppData/Local/Temp/UnrealShaderWorkingDir/AD10A4AE40DBF68EAE388FAB14DC535D/'.
[2018.07.13-07.17.05:491][  0]LogShaderCompilers:Display: Using Local Shader Compiler.
[2018.07.13-07.17.07:578][  0]LogTemp:Display: Loaded TP AllDesktopTargetPlatform
[2018.07.13-07.17.07:766][  0]LogTemp:Display: Loaded TP MacClientTargetPlatform
[2018.07.13-07.17.07:958][  0]LogTemp:Display: Loaded TP MacNoEditorTargetPlatform
[2018.07.13-07.17.08:147][  0]LogTemp:Display: Loaded TP MacServerTargetPlatform
[2018.07.13-07.17.08:330][  0]LogTemp:Display: Loaded TP MacTargetPlatform
[2018.07.13-07.17.08:519][  0]LogTemp:Display: Loaded TP WindowsClientTargetPlatform
[2018.07.13-07.17.08:709][  0]LogTemp:Display: Loaded TP WindowsNoEditorTargetPlatform
[2018.07.13-07.17.08:918][  0]LogTemp:Display: Loaded TP WindowsServerTargetPlatform
[2018.07.13-07.17.09:139][  0]LogTemp:Display: Loaded TP WindowsTargetPlatform
[2018.07.13-07.17.09:353][  0]LogTemp:Display: Loaded TP AndroidTargetPlatform
[2018.07.13-07.17.09:541][  0]LogTemp:Display: Loaded TP Android_ASTCTargetPlatform
[2018.07.13-07.17.09:729][  0]LogTemp:Display: Loaded TP Android_ATCTargetPlatform
[2018.07.13-07.17.09:920][  0]LogTemp:Display: Loaded TP Android_DXTTargetPlatform
[2018.07.13-07.17.10:098][  0]LogTemp:Display: Loaded TP Android_ETC1TargetPlatform
[2018.07.13-07.17.10:279][  0]LogTemp:Display: Loaded TP Android_ETC2TargetPlatform
[2018.07.13-07.17.10:683][  0]LogTemp:Display: Loaded TP Android_MultiTargetPlatform
[2018.07.13-07.17.10:683][  0]LogTemp:Display: Loaded TP Android_PVRTCTargetPlatform
[2018.07.13-07.17.10:858][  0]LogTemp:Display: Loaded TP HTML5TargetPlatform
[2018.07.13-07.17.11:205][  0]LogTemp:Display: Loaded TP IOSTargetPlatform
[2018.07.13-07.17.11:361][  0]LogTemp:Display: Loaded TP TVOSTargetPlatform
[2018.07.13-07.17.11:547][  0]LogTemp:Display: Loaded TP LinuxClientTargetPlatform
[2018.07.13-07.17.11:735][  0]LogTemp:Display: Loaded TP LinuxNoEditorTargetPlatform
[2018.07.13-07.17.11:924][  0]LogTemp:Display: Loaded TP LinuxServerTargetPlatform
[2018.07.13-07.17.12:116][  0]LogTemp:Display: Loaded TP LinuxTargetPlatform
[2018.07.13-07.17.12:116][  0]LogTargetPlatformManager:Display: Building Assets For Windows
[2018.07.13-07.17.14:434][  0]LogDerivedDataCache:Display: Max Cache Size: 512 MB
[2018.07.13-07.17.14:544][  0]LogDerivedDataCache: Loaded boot cache 0.11s 90MB C:/Users/DSM2018/AppData/Local/UnrealEngine/4.16/DerivedDataCache/Boot.ddc.
[2018.07.13-07.17.14:544][  0]LogDerivedDataCache:Display: Loaded Boot cache: C:/Users/DSM2018/AppData/Local/UnrealEngine/4.16/DerivedDataCache/Boot.ddc
[2018.07.13-07.17.14:544][  0]LogDerivedDataCache: FDerivedDataBackendGraph:  Pak pak cache file ../../../../../../Users/DSM2018/Desktop/Epic/BPRPG1/DerivedDataCache/DDC.ddp not found, will not use a pak cache.
[2018.07.13-07.17.14:544][  0]LogDerivedDataCache: Unable to find inner node Pak for hierarchical cache Hierarchy.
[2018.07.13-07.17.14:545][  0]LogDerivedDataCache: FDerivedDataBackendGraph:  CompressedPak pak cache file ../../../../../../Users/DSM2018/Desktop/Epic/BPRPG1/DerivedDataCache/Compressed.ddp not found, will not use a pak cache.
[2018.07.13-07.17.14:545][  0]LogDerivedDataCache: Unable to find inner node CompressedPak for hierarchical cache Hierarchy.
[2018.07.13-07.17.14:572][  0]LogDerivedDataCache:Display: Pak cache opened for reading ../../../Engine/DerivedDataCache/Compressed.ddp.
[2018.07.13-07.17.14:587][  0]LogDerivedDataCache: Using Local data cache path C:/Users/DSM2018/AppData/Local/UnrealEngine/Common/DerivedDataCache: Writable
[2018.07.13-07.17.14:603][  0]LogMaterial: Verifying Global Shaders for PCD3D_SM5
[2018.07.13-07.17.14:603][  0]LogSlate: Using Freetype 2.6.0
[2018.07.13-07.17.14:604][  0]LogSlate: SlateFontCache - WITH_FREETYPE: 1, WITH_HARFBUZZ: 1
[2018.07.13-07.17.14:604][  0]LogSlate: SlateFontCache - WITH_FREETYPE: 1, WITH_HARFBUZZ: 1
[2018.07.13-07.17.15:439][  0]LogInit: Selected Device Profile: [Windows]
[2018.07.13-07.17.15:567][  0]LogContentStreaming: Texture pool size is 0.00 MB
[2018.07.13-07.17.16:075][  0]LogMeshUtilities: Using QuadricMeshReduction for automatic static mesh reduction
[2018.07.13-07.17.16:266][  0]LogSimplygon: Simplygon DLL not present - disabling.
[2018.07.13-07.17.16:462][  0]LogMeshUtilities: Using SimplygonSwarm for distributed automatic mesh merging
[2018.07.13-07.17.16:462][  0]LogMeshUtilities: No automatic skeletal mesh reduction module available
[2018.07.13-07.17.16:462][  0]LogMeshUtilities: No automatic mesh merging module available
[2018.07.13-07.17.17:866][  0]LogNetVersion: BPRPG1 , NetCL: 3452394, EngineNetVer: 2, GameNetVer: 0 (Checksum: 3971011708)
[2018.07.13-07.17.18:016][  0]LogAssetRegistry: FAssetRegistry took 0.0284 seconds to start up
[2018.07.13-07.17.18:194][  0]LogPackageLocalizationCache: Processed 4 localized package path(s) for 2 prioritized culture(s) in 0.064976 seconds
[2018.07.13-07.17.18:202][  0]LogUObjectArray: 34194 objects as part of root set at end of initial load.
[2018.07.13-07.17.18:202][  0]LogUObjectAllocator: 7260416 out of 0 bytes used by permanent object pool.
[2018.07.13-07.17.18:202][  0]LogUObjectArray: CloseDisregardForGC: 0/0 objects in disregard for GC pool
[2018.07.13-07.17.18:509][  0]LogInit: WinSock: version 1.1 (2.2), MaxSocks=32767, MaxUdp=65467
[2018.07.13-07.17.27:154][  0]LogTcpMessaging: Initializing TcpMessaging bridge
[2018.07.13-07.17.27:338][  0]LogUdpMessaging: Initializing bridge on interface 0.0.0.0:0 to multicast group 230.0.0.1:6666.
[2018.07.13-07.17.29:813][  0]LogMaterial: Uniform references updated for custom material expression Custom.
[2018.07.13-07.17.31:299][  0]SourceControl: 정보 소스 콘트롤이 꺼졌습니다.
[2018.07.13-07.17.31:377][  0]SourceControl: 정보 소스 콘트롤이 꺼졌습니다.
[2018.07.13-07.17.31:571][  0]SourceControl: 정보 소스 콘트롤이 꺼졌습니다.
[2018.07.13-07.17.31:760][  0]SourceControl: 정보 소스 콘트롤이 꺼졌습니다.
[2018.07.13-07.17.34:746][  0]LogAndroidPermission: UAndroidPermissionCallbackProxy::GetInstance
[2018.07.13-07.17.38:633][  0]LogEngine: Initializing Engine...
[2018.07.13-07.17.38:636][  0]LogHMD: Failed to initialize OpenVR with code 110
[2018.07.13-07.17.39:122][  0]LogStats: UGameplayTagsManager::ConstructGameplayTagTree: Construct from data asset -  0.000 s
[2018.07.13-07.17.39:122][  0]LogStats: UGameplayTagsManager::ConstructGameplayTagTree: GameplayTagTreeChangedEvent.Broadcast -  0.000 s
[2018.07.13-07.17.39:809][  0]LogAIModule: Creating AISystem for world Untitled
[2018.07.13-07.17.39:823][  0]LogInit: XAudio2 using '스피커(Realtek High Definition Audio)' : 2 channels at 48 kHz using 16 bits per sample (channel mask 0x3)
[2018.07.13-07.17.39:860][  0]LogInit: FAudioDevice initialized.
[2018.07.13-07.17.39:924][  0]LogDerivedDataCache: Saved boot cache 0.06s 90MB C:/Users/DSM2018/AppData/Local/UnrealEngine/4.16/DerivedDataCache/Boot.ddc.
[2018.07.13-07.17.39:940][  0]LogInit: Texture streaming: Enabled
[2018.07.13-07.17.40:678][  0]LogEngineSessionManager: EngineSessionManager initialized
[2018.07.13-07.17.42:016][  0]LogInit: Transaction tracking system initialized
[2018.07.13-07.17.44:136][  0]BlueprintLog: New page: 에디터 로드
[2018.07.13-07.17.53:233][  0]LocalizationService: 정보 현지화 서비스가 비활성화되었습니다.
[2018.07.13-07.17.58:313][  0]LogConsoleResponse:Display: 
[2018.07.13-07.17.58:630][  0]LogCook:Display: Max memory allowance for cook 16384mb min free memory 0mb
[2018.07.13-07.17.58:630][  0]LogCook:Display: Mobile HDR setting 1
[2018.07.13-07.17.59:323][  0]LogFileCache: Scanning file cache for directory 'C:/Users/DSM2018/Desktop/Epic/BPRPG1/Content/' took 0.04s
[2018.07.13-07.18.06:427][  0]SourceControl: 정보 소스 콘트롤이 꺼졌습니다.
[2018.07.13-07.18.06:427][  0]Cmd: MAP LOAD FILE="../../../../../../Users/DSM2018/Desktop/Epic/BPRPG1/Content/ThirdPersonBP/Maps/ThirdPersonExampleMap.umap" TEMPLATE=0 SHOWPROGRESS=1 FEATURELEVEL=3
[2018.07.13-07.18.06:429][  0]LightingResults: New page: 라이팅 빌드
[2018.07.13-07.18.06:862][  0]MapCheck: New page: 맵 체크
[2018.07.13-07.18.06:862][  0]LightingResults: New page: 라이팅 빌드
[2018.07.13-07.18.08:466][  0]LogAIModule: Creating AISystem for world ThirdPersonExampleMap
[2018.07.13-07.18.08:513][  0]LogEditorServer: Finished looking for orphan Actors (0.000 secs)
[2018.07.13-07.18.08:553][  0]Cmd: MAP CHECKDEP NOCLEARLOG
[2018.07.13-07.18.08:775][  0]MapCheck: 정보 맵 체크 완료: 오류 0 회, 경고 0 회, 소요 시간 222.118ms.
[2018.07.13-07.18.08:776][  0]LogFileHelpers: Loading map 'ThirdPersonExampleMap' took 2.349
[2018.07.13-07.18.09:375][  0]LogCollectionManager: Loaded 0 collections in 0.010153 seconds
[2018.07.13-07.18.09:891][  0]LogFileCache: Scanning file cache for directory 'C:/Users/DSM2018/Desktop/Epic/BPRPG1/Saved/Collections/' took 0.01s
[2018.07.13-07.18.09:891][  0]LogFileCache: Scanning file cache for directory 'C:/Users/DSM2018/Desktop/Epic/BPRPG1/Content/Developers/DSM2018/Collections/' took 0.01s
[2018.07.13-07.18.09:891][  0]LogFileCache: Scanning file cache for directory 'C:/Users/DSM2018/Desktop/Epic/BPRPG1/Content/Collections/' took 0.01s
[2018.07.13-07.18.09:891][  0]LogCollectionManager: Rebuilt the GUID cache for 0 collections in 0.000006 seconds
[2018.07.13-07.18.09:929][  0]LogContentBrowser: Native class hierarchy populated in 0.0375 seconds. Added 2329 classes and 491 folders.
[2018.07.13-07.18.10:743][  0]LogContentBrowser: Native class hierarchy updated for 'WidgetCarousel' in 0.0024 seconds. Added 0 classes and 0 folders.
[2018.07.13-07.18.10:970][  0]LogContentBrowser: Native class hierarchy updated for 'AddContentDialog' in 0.0014 seconds. Added 0 classes and 0 folders.
[2018.07.13-07.18.11:245][  0]LogContentBrowser: Native class hierarchy updated for 'WorldBrowser' in 0.0010 seconds. Added 1 classes and 3 folders.
[2018.07.13-07.18.11:622][  0]LogContentBrowser: Native class hierarchy updated for 'SceneOutliner' in 0.0016 seconds. Added 1 classes and 2 folders.
[2018.07.13-07.18.12:060][  0]LogCrashTracker: Crashtracker disabled due to settings.
[2018.07.13-07.18.12:603][  0]LogSlate: Only BGRA pngs, bmps or icos are supported in by External Image Picker
[2018.07.13-07.18.13:646][  0]LogSlate: Took 0.000432 seconds to synchronously load lazily loaded font '../../../Engine/Content/Slate/Fonts/Roboto-Regular.ttf' (155K)
[2018.07.13-07.18.13:651][  0]LogSlate: Took 0.003571 seconds to synchronously load lazily loaded font '../../../Engine/Content/Slate/Fonts/NanumGothic.ttf' (4243K)
[2018.07.13-07.18.13:656][  0]LogSlate: Took 0.000400 seconds to synchronously load lazily loaded font '../../../Engine/Content/Slate/Fonts/Roboto-Bold.ttf' (160K)
[2018.07.13-07.18.13:660][  0]LogSlate: Took 0.000402 seconds to synchronously load lazily loaded font '../../../Engine/Content/Editor/Slate/Fonts/FontAwesome.ttf' (139K)
[2018.07.13-07.18.13:792][  0]LogTemp: Executing iPhonePackager certificates Engine -bundlename com.YourCompany.BPRPG1
[2018.07.13-07.18.13:792][  0]LogTemp: CWD: C:\Program Files\Epic Games\UE_4.16\Engine\Binaries\DotNET\IOS
[2018.07.13-07.18.13:792][  0]LogTemp: Initial Dir: C:\Program Files\Epic Games\UE_4.16
[2018.07.13-07.18.13:792][  0]LogTemp: Env CWD: C:\Program Files\Epic Games\UE_4.16\Engine\Binaries\DotNET\IOS
[2018.07.13-07.18.13:792][  0]LogTemp: BranchPath = 10413???̿?/C/Program Files/Epic Games/UE_4.16/Engine/Binaries --- GameBranchPath = 10413???̿?/C/Program Files/Epic Games/UE_4.16/Engine/Binaries
[2018.07.13-07.18.13:792][  0]LogTemp: IPP ERROR: Could not find provision directory 'C:\Users\DSM2018\AppData\Local/Apple Computer/MobileDevice/Provisioning Profiles/'.
[2018.07.13-07.18.13:792][  0]LogRenderer: Reallocating scene render targets to support 820x340 NumSamples 1 (Frame:1).
[2018.07.13-07.18.14:040][  0]LogUObjectGlobals:Warning: 'Class 없음.' 오브젝트를 찾는 데 실패했습니다.
[2018.07.13-07.18.14:491][  0]LogContentBrowser: Native class hierarchy updated for 'HierarchicalLODOutliner' in 0.0027 seconds. Added 1 classes and 2 folders.
[2018.07.13-07.18.14:493][  0]LogLoad: (Engine Initialization) Total time: 76.00 seconds
[2018.07.13-07.18.14:493][  0]LogLoad: (Engine Initialization) Total Blueprint compile time: 0.59 seconds
[2018.07.13-07.18.14:493][  0]LogExternalProfiler: No external profilers were discovered.  External profiling features will not be available.
[2018.07.13-07.18.14:711][  0]LogWindowsTextInputMethodSystem:Display: IME system now activated using TSF (Microsoft 입력기).
[2018.07.13-07.18.15:565][  0]LogOcInput: OculusInput pre-init called
[2018.07.13-07.18.15:565][  0]LogHMD: Starting GearVRController plugin
[2018.07.13-07.18.15:588][  0]LogContentStreaming: Texture pool size now 800 MB
[2018.07.13-07.18.15:679][  1]LogAssetRegistry: Asset discovery search completed in 57.6863 seconds
[2018.07.13-07.18.15:682][  1]LogCollectionManager: Rebuilt the object cache for 0 collections in 0.000001 seconds (found 0 objects)
[2018.07.13-07.18.15:682][  1]LogCollectionManager: Fixed up redirectors for 0 collections in 0.000044 seconds (updated 0 objects)
[2018.07.13-07.18.19:666][209]LogSlate: Took 0.000674 seconds to synchronously load lazily loaded font '../../../Engine/Content/Slate/Fonts/Roboto-Light.ttf' (159K)
[2018.07.13-07.18.20:750][271]LogSlate: Took 0.000812 seconds to synchronously load lazily loaded font '../../../Engine/Content/Slate/Fonts/Roboto-Light.ttf' (159K)
[2018.07.13-07.18.20:873][271]LogAIModule: Creating AISystem for world Step3
[2018.07.13-07.18.20:906][271]Cmd: MAP LOAD FILE="../../../../../../Users/DSM2018/Desktop/Epic/BPRPG1/Content/Maps/Step3.umap" TEMPLATE=0 SHOWPROGRESS=1 FEATURELEVEL=3
[2018.07.13-07.18.20:906][271]LightingResults: New page: 라이팅 빌드
[2018.07.13-07.18.20:907][271]LoadErrors: New page: 맵 로드중: Step3.umap
[2018.07.13-07.18.20:909][271]MapCheck: New page: 맵 체크
[2018.07.13-07.18.20:909][271]LightingResults: New page: 라이팅 빌드
[2018.07.13-07.18.21:007][271]LogEditorServer: Finished looking for orphan Actors (0.000 secs)
[2018.07.13-07.18.21:041][271]Cmd: MAP CHECKDEP NOCLEARLOG
[2018.07.13-07.18.21:296][271]MapCheck: 정보 맵 체크 완료: 오류 0 회, 경고 0 회, 소요 시간 254.624ms.
[2018.07.13-07.18.21:298][271]LogFileHelpers: Loading map 'Step3' took 0.393
[2018.07.13-07.18.31:822][886]Cmd: MAP LOAD FILE="../../../../../../Users/DSM2018/Desktop/Epic/BPRPG1/Content/Maps/Step3.umap" TEMPLATE=0 SHOWPROGRESS=1 FEATURELEVEL=3
[2018.07.13-07.18.31:822][886]LightingResults: New page: 라이팅 빌드
[2018.07.13-07.18.31:823][886]LoadErrors: New page: 맵 로드중: Step3.umap
[2018.07.13-07.18.31:824][886]MapCheck: New page: 맵 체크
[2018.07.13-07.18.31:824][886]LightingResults: New page: 라이팅 빌드
[2018.07.13-07.18.31:850][886]LogAIModule: Creating AISystem for world Step3
[2018.07.13-07.18.31:954][886]LogEditorServer: Finished looking for orphan Actors (0.000 secs)
[2018.07.13-07.18.31:992][886]Cmd: MAP CHECKDEP NOCLEARLOG
[2018.07.13-07.18.32:218][886]MapCheck: 정보 맵 체크 완료: 오류 0 회, 경고 0 회, 소요 시간 226.449ms.
[2018.07.13-07.18.32:220][886]LogFileHelpers: Loading map 'Step3' took 0.399
[2018.07.13-07.18.35:451][ 63]LogEditorViewport: Clicking on Actor (context menu): StaticMeshActor (SM_WALL_SQUARE)
[2018.07.13-07.18.38:096][177]LogEditorViewport: Clicking Background
[2018.07.13-07.18.39:499][251]LogEditorViewport: Clicking on Actor (LMB): StaticMeshActor (SM_WALL_SQUARE)
[2018.07.13-07.19.19:259][762]LogEditorViewport: Clicking Background
[2018.07.13-07.19.20:463][833]LogEditorViewport: Clicking on Actor (LMB): StaticMeshActor (SM_WALL_SQUARE)
[2018.07.13-07.19.43:705][964]LogEditorViewport: Clicking on Actor (LMB): StaticMeshActor (SM_WALL_SQUARE)
[2018.07.13-07.19.52:217][409]LogEditorViewport: Clicking on Actor (LMB): StaticMeshActor (SM_WALL_SQUARE)
[2018.07.13-07.19.57:103][669]LogEditorViewport: Clicking on Actor (context menu): StaticMeshActor (SM_WALL_SQUARE)
[2018.07.13-07.19.59:843][791]Cmd: PIVOT HERE
[2018.07.13-07.20.53:011][582]LogStaticMesh: SM_SQUARE 스태틱 메시 빌드중...
[2018.07.13-07.21.06:030][582]LogStaticMesh: Built static mesh [13.02s] /Game/Share/DustinLee/AM/SM_SQUARE.SM_SQUARE
[2018.07.13-07.21.06:124][582]LogSlate: Took 0.000413 seconds to synchronously load lazily loaded font '../../../Engine/Content/Slate/Fonts/Roboto-Regular.ttf' (155K)
[2018.07.13-07.21.31:606][683]LogEditorViewport: Clicking on Actor (LMB): PlayerStart (Player Start)
[2018.07.13-07.21.36:919][869]LogEditorViewport: Clicking on Actor (LMB): StaticMeshActor (SM_SQUARE)
[2018.07.13-07.21.37:062][870]Cmd: CAMERA ALIGN ACTIVEVIEWPORTONLY
[2018.07.13-07.21.39:896][966]LogEditorViewport: Clicking on Actor (LMB): BP_Sky_Sphere_C (Sky Sphere)
[2018.07.13-07.21.42:836][ 65]LogTemp: Repeting last play command: 새 에디터 창 (PIE)
[2018.07.13-07.21.42:918][ 65]LogPlayLevel: PlayLevel: No blueprints needed recompiling
[2018.07.13-07.21.42:919][ 65]PIE: New page: PIE 세션: Step3 (2018. 7. 14. 오전 1:21:42)
[2018.07.13-07.21.42:919][ 65]LogPlayLevel: Creating play world package: /Game/Maps/UEDPIE_0_Step3
[2018.07.13-07.21.42:921][ 65]LogPlayLevel: PIE: StaticDuplicateObject took: (0.002122s)
[2018.07.13-07.21.42:922][ 65]LogAIModule: Creating AISystem for world Step3
[2018.07.13-07.21.42:922][ 65]LogPlayLevel: PIE: World Init took: (0.000896s)
[2018.07.13-07.21.42:922][ 65]LogPlayLevel: PIE: Created PIE world by copying editor world from /Game/Maps/Step3.Step3 to /Game/Maps/UEDPIE_0_Step3.Step3 (0.003249s)
[2018.07.13-07.21.42:942][ 65]LogInit: XAudio2 using '스피커(Realtek High Definition Audio)' : 2 channels at 48 kHz using 16 bits per sample (channel mask 0x3)
[2018.07.13-07.21.42:967][ 65]LogInit: FAudioDevice initialized.
[2018.07.13-07.21.43:031][ 65]LogLoad: Game class is 'ThirdPersonGameMode_C'
[2018.07.13-07.21.43:035][ 65]LogWorld: Bringing World /Game/Maps/UEDPIE_0_Step3.Step3 up for play (max tick rate 60) at 2018.07.13-16.21.43
[2018.07.13-07.21.43:035][ 65]LogWorld: Bringing up level for play took: 0.001336
[2018.07.13-07.21.43:275][ 65]LogContentBrowser: Native class hierarchy updated for 'MovieSceneCapture' in 0.0027 seconds. Added 11 classes and 0 folders.
[2018.07.13-07.21.43:291][ 65]PIE: 정보 /Game/Maps/UEDPIE_0_Step3 에 대한 에디터에서 플레이 시작 시간: 0.903
[2018.07.13-07.21.43:368][ 65]LogRenderer: Reallocating scene render targets to support 1124x656 NumSamples 1 (Frame:1).
[2018.07.13-07.22.04:426][308]MapCheck: New page: 맵 체크
[2018.07.13-07.22.04:444][308]Cmd: MAP REBUILD ALLVISIBLE
[2018.07.13-07.22.04:444][308]LogEditorServer: Rebuildmap Clear paths rebuilt
[2018.07.13-07.22.04:820][308]LogMaterial: Missing cached shader map for material FDebugViewModeMaterialProxy WorldGridMaterial, compiling. Is special engine material.
[2018.07.13-07.22.04:850][308]LogMaterial: Missing cached shader map for material FDebugViewModeMaterialProxy MaterialInstanceDynamic_1, compiling. 
[2018.07.13-07.22.04:872][308]LogMaterial: Missing cached shader map for material FDebugViewModeMaterialProxy M_Plains_Floors_Block, compiling. 
[2018.07.13-07.22.04:891][308]LogMaterial: Missing cached shader map for material FDebugViewModeMaterialProxy M_Plains_Pillars, compiling. 
[2018.07.13-07.22.04:911][308]LogMaterial: Missing cached shader map for material FDebugViewModeMaterialProxy M_Plains_StoneWall, compiling. 
[2018.07.13-07.22.05:931][308]TextureStreamingBuild:Display: Compiling optional shaders took 1.127 seconds.
[2018.07.13-07.22.05:965][308]LogLevel:Display: Export Material TexCoord Scales took 0.034 seconds.
[2018.07.13-07.22.05:972][308]TextureStreamingBuild:Display: Build Texture Streaming took 0.007 seconds.
[2018.07.13-07.22.05:985][308]LightingResults: New page: 라이팅 빌드 - 2018. 7. 14. 오전 1:22:05
[2018.07.13-07.22.06:056][308]LogSwarmInterface: [OpenConnection] Registering TCP channel ...
[2018.07.13-07.22.06:218][308]LogSwarmInterface: [OpenConnection] Connecting to agent ...
[2018.07.13-07.22.06:275][308]LogSwarmInterface: [TryOpenConnection] Testing the Agent
[2018.07.13-07.22.08:362][308]LogSwarmInterface:Error: [TryOpenConnection] Waiting for the agent to start up ...
[2018.07.13-07.22.08:390][308]LogSwarmInterface:Error: System.Net.Sockets.SocketException (0x80004005): 대상 컴퓨터에서 연결을 거부했으므로 연결하지 못했습니다 127.0.0.1:8008

Server stack trace: 
   위치: System.Net.Sockets.Socket.DoConnect(EndPoint endPointSnapshot, SocketAddress socketAddress)
   위치: System.Net.Sockets.Socket.Connect(EndPoint remoteEP)
   위치: System.Runtime.Remoting.Channels.RemoteConnection.CreateNewSocket(EndPoint ipEndPoint)
   위치: System.Runtime.Remoting.Channels.SocketCache.GetSocket(String machinePortAndSid, Boolean openNew)
   위치: System.Runtime.Remoting.Channels.Tcp.TcpClientTransportSink.SendRequestWithRetry(IMessage msg, ITransportHeaders requestHeaders, Stream requestStream)
   위치: System.Runtime.Remoting.Channels.Tcp.TcpClientTransportSink.AsyncProcessRequest(IClientChannelSinkStack sinkStack, IMessage msg, ITransportHeaders headers, Stream stream)
   위치: System.Runtime.Remoting.Channels.BinaryClientFormatterSink.AsyncProcessMessage(IMessage msg, IMessageSink replySink)

Exception rethrown at [0]: 
   위치: System.Runtime.Remoting.Proxies.RealProxy.HandleReturnMessage(IMessage reqMsg, IMessage retMsg)
   위치: System.Runtime.Remoting.Proxies.RealProxy.PrivateInvoke(MessageData& msgData, Int32 type)
   위치: NSwarm.IAgentInterfaceWrapper.MethodDelegate.EndInvoke(Hashtable& OutParameters, IAsyncResult result)
   위치: NSwarm.FSwarmInterface.TryOpenConnection(FConnectionCallback CallbackFunc, IntPtr CallbackData, ELogFlags LoggingFlags)
[2018.07.13-07.22.13:492][308]LogSwarmInterface: [TryOpenConnection] Opening Connection to Agent
[2018.07.13-07.22.13:492][308]LogSwarmInterface: [TryOpenConnection] Local Process ID is 26544
[2018.07.13-07.22.16:972][308]LogStaticLightingSystem:Warning: No importance volume found, so the scene bounding box was used.  You can optimize your scene's quality and lighting build times by adding importance volumes.
[2018.07.13-07.22.16:972][308]LogStaticLightingSystem: Running Lightmass w/ ImmediateImport mode ENABLED
[2018.07.13-07.22.16:972][308]LogStaticLightingSystem: Running Lightmass w/ ImmediateProcess mode ENABLED
[2018.07.13-07.22.16:972][308]LogStaticLightingSystem: Running Lightmass w/ Sorting mode ENABLED
[2018.07.13-07.22.16:973][308]LogStaticLightingSystem: Running Lightmass w/ Mapping paddings ENABLED
[2018.07.13-07.22.16:973][308]LogStaticLightingSystem: Running Lightmass w/ Mapping debug paddings DISABLED
[2018.07.13-07.22.17:773][308]Cmd: MAP CHECK DONTDISPLAYDIALOG
[2018.07.13-07.22.17:773][308]MapCheck: New page: Step3 - 2018. 7. 14. 오전 1:22:17
[2018.07.13-07.22.17:774][308]MapCheck:Error: 오류 WorldSettings_1 맵 라이팅을 리빌드해야 합니다. 
[2018.07.13-07.22.17:962][308]MapCheck: 정보 맵 체크 완료: 오류 1 회, 경고 0 회, 소요 시간 188.317ms.
[2018.07.13-07.22.17:985][308]LogEditorBuildUtils: Build time 0:13
[2018.07.13-07.22.18:018][308]LogMaterial: Missing cached shader map for material FLightmassMaterialRenderer MaterialInstanceDynamic_1, compiling. 
[2018.07.13-07.22.18:029][308]LogMaterial: Missing cached shader map for material FLightmassMaterialRenderer MaterialInstanceDynamic_1, compiling. 
[2018.07.13-07.22.27:305][422]Job is a success!
[2018.07.13-07.22.27:305][422]Cmd: OBJ SAVEPACKAGE PACKAGE="/Game/Maps/Step3" FILE="../../../../../../Users/DSM2018/Desktop/Epic/BPRPG1/Content/Maps/Step3.umap" SILENT=true AUTOSAVING=false KEEPDIRTY=false
[2018.07.13-07.22.27:458][422]LogSavePackage: Save=106.05ms
[2018.07.13-07.22.27:458][422]LogSavePackage: Moving '../../../../../../Users/DSM2018/Desktop/Epic/BPRPG1/Saved/Step309179B374D8EA3B0F92E6DBB62290294.tmp' to '../../../../../../Users/DSM2018/Desktop/Epic/BPRPG1/Content/Maps/Step3.umap'
[2018.07.13-07.22.27:466][422]LogSavePackage:Display: Finished SavePackage ../../../../../../Users/DSM2018/Desktop/Epic/BPRPG1/Content/Maps/Step3.umap
[2018.07.13-07.22.27:503][422]LogFileHelpers: Saving map 'Step3' took 0.377
[2018.07.13-07.22.27:546][422]Cmd: OBJ SAVEPACKAGE PACKAGE="/Game/Share/DustinLee/AM/SM_SQUARE" FILE="../../../../../../Users/DSM2018/Desktop/Epic/BPRPG1/Content/Share/DustinLee/AM/SM_SQUARE.uasset" SILENT=true
[2018.07.13-07.22.27:581][422]LogSavePackage: Save=30.74ms
[2018.07.13-07.22.27:581][422]LogSavePackage: Moving '../../../../../../Users/DSM2018/Desktop/Epic/BPRPG1/Saved/SM_SQUARE13AA1A75467C3D04A484CD99DF1F1EB5.tmp' to '../../../../../../Users/DSM2018/Desktop/Epic/BPRPG1/Content/Share/DustinLee/AM/SM_SQUARE.uasset'
[2018.07.13-07.22.27:586][422]LogSavePackage:Display: Finished SavePackage ../../../../../../Users/DSM2018/Desktop/Epic/BPRPG1/Content/Share/DustinLee/AM/SM_SQUARE.uasset
[2018.07.13-07.22.27:599][422]LightingResults:Warning: 경고 SM_SQUARE 오브젝트에 겹치는 UV 가 있습니다.
[2018.07.13-07.22.27:599][422]LightingResults: 정보 SM_SQUARE Lightmap UV are overlapping by 1.7%. Please adjust content - Enable Error Coloring to visualize.
[2018.07.13-07.22.28:008][423]LogTexture:Display: 텍스처 빌드: HQ_Lightmap0_1 (AutoDXT, 512X512)
[2018.07.13-07.22.28:008][423]LogTexture:Display: 텍스처 빌드: LQ_Lightmap_0_1 (DXT1, 512X512)
[2018.07.13-07.22.28:008][423]LogTexture:Display: 텍스처 빌드: HQ_Lightmap0_2 (AutoDXT, 64X64)
[2018.07.13-07.22.28:009][423]LogTexture:Display: 텍스처 빌드: LQ_Lightmap_0_2 (DXT1, 64X64)
[2018.07.13-07.22.28:040][423]LogTexture:Display: 텍스처 빌드: ShadowMapTexture2D_1 (G8, 32X32)
[2018.07.13-07.22.28:040][423]LogTexture:Display: 텍스처 빌드: ShadowMapTexture2D_0 (G8, 256X256)
[2018.07.13-07.22.28:080][423]Lightmass on 10413윤이온: 6.86 sec total, 586 ms importing, 77 ms setup, 528 ms photons, 5.60 sec processing, 0 ms extra exporting [2/2 mappings]. Threads: 39.0 sec total, 4.79 sec processing.
[2018.07.13-07.22.28:125][423]LogStaticLightingSystem: Illumination: 22.0 sec (262 ms encoding lightmaps, 27 ms encoding shadowmaps)
[2018.07.13-07.22.28:125][423]LogStaticLightingSystem: Lightmap texture memory:  0.5 MB (0.5 MB streaming, 0.0 MB non-streaming), 4 textures
[2018.07.13-07.22.28:125][423]LogStaticLightingSystem: Shadowmap texture memory: 0.1 MB (0.1 MB streaming, 0.0 MB non-streaming), 2 textures
[2018.07.13-07.22.28:970][423]DumpUnbuiltLightIteractions
[2018.07.13-07.22.28:970][423]Lights with unbuilt interactions: 0
[2018.07.13-07.22.28:970][423]
[2018.07.13-07.22.28:971][423]Primitives with unbuilt interactions: 0
[2018.07.13-07.22.29:005][424]Cmd: MAP CHECK NOTIFYRESULTS
[2018.07.13-07.22.29:005][424]MapCheck: New page: Step3 - 2018. 7. 14. 오전 1:22:29
[2018.07.13-07.22.29:268][424]MapCheck: 정보 맵 체크 완료: 오류 0 회, 경고 0 회, 소요 시간 264.575ms.
[2018.07.13-07.23.47:658][726]Cmd: OBJ SAVEPACKAGE PACKAGE="/Game/Maps/Step3" FILE="../../../../../../Users/DSM2018/Desktop/Epic/BPRPG1/Content/Maps/Step3.umap" SILENT=true AUTOSAVING=false KEEPDIRTY=false
[2018.07.13-07.23.47:791][726]LogSavePackage: Save=86.28ms
[2018.07.13-07.23.47:791][726]LogSavePackage: Moving '../../../../../../Users/DSM2018/Desktop/Epic/BPRPG1/Saved/Step375CBE4154CBE51403858E0A36E69F55F.tmp' to '../../../../../../Users/DSM2018/Desktop/Epic/BPRPG1/Content/Maps/Step3.umap'
[2018.07.13-07.23.47:800][726]LogSavePackage:Display: Finished SavePackage ../../../../../../Users/DSM2018/Desktop/Epic/BPRPG1/Content/Maps/Step3.umap
[2018.07.13-07.23.47:829][726]LogFileHelpers: Saving map 'Step3' took 0.342
[2018.07.13-07.23.47:833][726]Cmd: OBJ SAVEPACKAGE PACKAGE="/Game/Maps/Step3_BuiltData" FILE="../../../../../../Users/DSM2018/Desktop/Epic/BPRPG1/Content/Maps/Step3_BuiltData.uasset" SILENT=true
[2018.07.13-07.23.47:920][726]LogSavePackage: Save=82.98ms
[2018.07.13-07.23.47:920][726]LogSavePackage: Moving '../../../../../../Users/DSM2018/Desktop/Epic/BPRPG1/Saved/Step3_BuiltData6CE1BEC848A20E46039561B160CD79C9.tmp' to '../../../../../../Users/DSM2018/Desktop/Epic/BPRPG1/Content/Maps/Step3_BuiltData.uasset'
[2018.07.13-07.23.47:927][726]LogSavePackage:Display: Finished SavePackage ../../../../../../Users/DSM2018/Desktop/Epic/BPRPG1/Content/Maps/Step3_BuiltData.uasset
[2018.07.13-07.23.48:524][747]LogTemp: Repeting last play command: 새 에디터 창 (PIE)
[2018.07.13-07.23.48:543][747]LogPlayLevel: PlayLevel: No blueprints needed recompiling
[2018.07.13-07.23.48:543][747]PIE: New page: PIE 세션: Step3 (2018. 7. 14. 오전 1:23:48)
[2018.07.13-07.23.48:543][747]LogPlayLevel: Creating play world package: /Game/Maps/UEDPIE_0_Step3
[2018.07.13-07.23.48:546][747]LogPlayLevel: PIE: StaticDuplicateObject took: (0.002557s)
[2018.07.13-07.23.48:546][747]LogAIModule: Creating AISystem for world Step3
[2018.07.13-07.23.48:546][747]LogPlayLevel: PIE: World Init took: (0.000772s)
[2018.07.13-07.23.48:546][747]LogPlayLevel: PIE: Created PIE world by copying editor world from /Game/Maps/Step3.Step3 to /Game/Maps/UEDPIE_0_Step3.Step3 (0.003541s)
[2018.07.13-07.23.48:564][747]LogInit: XAudio2 using '스피커(Realtek High Definition Audio)' : 2 channels at 48 kHz using 16 bits per sample (channel mask 0x3)
[2018.07.13-07.23.48:589][747]LogInit: FAudioDevice initialized.
[2018.07.13-07.23.48:638][747]LogLoad: Game class is 'ThirdPersonGameMode_C'
[2018.07.13-07.23.48:642][747]LogWorld: Bringing World /Game/Maps/UEDPIE_0_Step3.Step3 up for play (max tick rate 60) at 2018.07.13-16.23.48
[2018.07.13-07.23.48:642][747]LogWorld: Bringing up level for play took: 0.002599
[2018.07.13-07.23.48:650][747]PIE: 정보 /Game/Maps/UEDPIE_0_Step3 에 대한 에디터에서 플레이 시작 시간: 0.261
[2018.07.13-07.29.51:334][348]AssetTools: New page: 콘텐츠 이주가 성공적으로 완료되었습니다!
[2018.07.13-07.29.51:334][348]AssetTools: 정보 /Game/Maps/Step3
[2018.07.13-07.29.51:334][348]AssetTools: 정보 /Game/Maps/Step3_BuiltData
[2018.07.13-07.29.51:334][348]AssetTools: 정보 /Game/Share/DustinLee/AM/SM_SQUARE
[2018.07.13-07.29.51:334][348]AssetTools: 정보 /Game/InfinityBladeGrassLands/Environments/Plains/Env_Plains_Floors/Materials/M_Plains_Floors_Block
[2018.07.13-07.29.51:334][348]AssetTools: 정보 /Game/InfinityBladeGrassLands/Environments/Plains/Env_Plains_Floors/Textures/T_Plains_Terrain_Floors01_D
[2018.07.13-07.29.51:334][348]AssetTools: 정보 /Game/InfinityBladeGrassLands/Environments/Plains/Env_Plains_Floors/Textures/T_Plains_Terrain_Floors01_N
[2018.07.13-07.29.51:334][348]AssetTools: 정보 /Game/InfinityBladeGrassLands/Environments/SurfaceTypes/PhysicalMaterial_Stone
[2018.07.13-07.29.51:334][348]AssetTools: 정보 /Game/InfinityBladeGrassLands/Environments/Plains/Env_Plains_Ruins/Materials/M_Plains_Pillars
[2018.07.13-07.29.51:334][348]AssetTools: 정보 /Game/InfinityBladeGrassLands/Environments/Plains/Env_Plains_Ruins/Textures/T_Plains_Ruins_Pillars_D
[2018.07.13-07.29.51:334][348]AssetTools: 정보 /Game/InfinityBladeGrassLands/Environments/Plains/Env_Plains_Ruins/Textures/T_Plains_Ruins_Pillars_M
[2018.07.13-07.29.51:334][348]AssetTools: 정보 /Game/InfinityBladeGrassLands/Environments/Plains/Env_Plains_Ruins/Textures/T_Plains_Ruins_Pillars_N
[2018.07.13-07.29.51:334][348]AssetTools: 정보 /Game/InfinityBladeGrassLands/Environments/Plains/Env_Plains_Ruins/Materials/M_Plains_StoneWall
[2018.07.13-07.29.51:334][348]AssetTools: 정보 /Game/InfinityBladeGrassLands/Environments/Plains/Env_Plains_Ruins/Textures/T_Plains_ExtCastle_StoneWall_01_D
[2018.07.13-07.29.51:334][348]AssetTools: 정보 /Game/InfinityBladeGrassLands/Environments/Plains/Env_Plains_Ruins/Textures/T_Plains_ExtCastle_StoneWall_01_N
[2018.07.13-09.56.12:641][772]LogEditorViewport: Clicking on Actor (LMB): StaticMeshActor (SM_SQUARE)
[2018.07.13-10.11.22:422][799]Cmd: QUIT_EDITOR
[2018.07.13-10.11.23:288][799]LogWindowsTextInputMethodSystem:Display: IME system now activated using TSF (Microsoft 입력기).
[2018.07.13-10.11.23:307][799]LogExit: Preparing to exit.
[2018.07.13-10.11.23:869][799]LogDirectoryWatcher: A directory notification for 'C:/Users/DSM2018/Desktop/Epic/BPRPG1/Content/' was aborted.
[2018.07.13-10.11.24:028][799]LogExit: Editor shut down
[2018.07.13-10.11.24:072][799]LogExit: Transaction tracking system shut down
[2018.07.13-10.11.24:347][799]LogObj: Freed 0b from 0 cluster array pools.
[2018.07.13-10.11.24:348][799]LogExit: Object subsystem successfully closed.
[2018.07.13-10.11.24:407][799]LogD3D11RHI: Shutdown
[2018.07.13-10.11.24:407][799]LogD3D11RHI: CleanupD3DDevice
[2018.07.13-10.11.24:695][799]LogD3D11RHI: ~FD3D11DynamicRHI
[2018.07.13-10.11.24:795][799]LogModuleManager: Shutting down and abandoning module HierarchicalLODUtilities (532)
[2018.07.13-10.11.24:795][799]LogModuleManager: Shutting down and abandoning module MovieSceneCapture (530)
[2018.07.13-10.11.24:795][799]LogModuleManager: Shutting down and abandoning module HierarchicalLODOutliner (528)
[2018.07.13-10.11.24:795][799]LogModuleManager: Shutting down and abandoning module ExternalImagePicker (526)
[2018.07.13-10.11.24:795][799]LogModuleManager: Shutting down and abandoning module CrashTracker (524)
[2018.07.13-10.11.24:795][799]LogModuleManager: Shutting down and abandoning module SceneOutliner (522)
[2018.07.13-10.11.24:795][799]LogModuleManager: Shutting down and abandoning module WorldBrowser (520)
[2018.07.13-10.11.24:795][799]LogModuleManager: Shutting down and abandoning module AddContentDialog (518)
[2018.07.13-10.11.24:796][799]LogDirectoryWatcher: A directory notification for 'C:/Program Files/Epic Games/UE_4.16/FeaturePacks/' was aborted.
[2018.07.13-10.11.24:803][799]LogModuleManager: Shutting down and abandoning module WidgetCarousel (517)
[2018.07.13-10.11.24:803][799]LogModuleManager: Shutting down and abandoning module EditorWidgets (514)
[2018.07.13-10.11.24:803][799]LogModuleManager: Shutting down and abandoning module CollectionManager (512)
[2018.07.13-10.11.24:803][799]LogDirectoryWatcher: A directory notification for 'C:/Users/DSM2018/Desktop/Epic/BPRPG1/Content/Collections/' was aborted.
[2018.07.13-10.11.24:803][799]LogDirectoryWatcher: A directory notification for 'C:/Users/DSM2018/Desktop/Epic/BPRPG1/Content/Developers/DSM2018/Collections/' was aborted.
[2018.07.13-10.11.24:804][799]LogDirectoryWatcher: A directory notification for 'C:/Users/DSM2018/Desktop/Epic/BPRPG1/Saved/Collections/' was aborted.
[2018.07.13-10.11.24:804][799]LogModuleManager: Shutting down and abandoning module StatsViewer (510)
[2018.07.13-10.11.24:804][799]LogModuleManager: Shutting down and abandoning module FoliageEdit (508)
[2018.07.13-10.11.24:804][799]LogModuleManager: Shutting down and abandoning module LandscapeEditor (506)
[2018.07.13-10.11.24:804][799]LogModuleManager: Shutting down and abandoning module MeshPaintMode (504)
[2018.07.13-10.11.24:804][799]LogModuleManager: Shutting down and abandoning module SceneDepthPickerMode (502)
[2018.07.13-10.11.24:804][799]LogModuleManager: Shutting down and abandoning module ActorPickerMode (500)
[2018.07.13-10.11.24:804][799]LogModuleManager: Shutting down and abandoning module GeometryMode (498)
[2018.07.13-10.11.24:804][799]LogModuleManager: Shutting down and abandoning module TextureAlignMode (496)
[2018.07.13-10.11.24:804][799]LogModuleManager: Shutting down and abandoning module BspMode (494)
[2018.07.13-10.11.24:804][799]LogModuleManager: Shutting down and abandoning module HardwareSurvey (492)
[2018.07.13-10.11.24:804][799]LogModuleManager: Shutting down and abandoning module SequenceRecorderSections (490)
[2018.07.13-10.11.24:804][799]LogModuleManager: Shutting down and abandoning module AutomationWorker (488)
[2018.07.13-10.11.24:804][799]LogModuleManager: Shutting down and abandoning module MatineeToLevelSequence (486)
[2018.07.13-10.11.24:804][799]LogModuleManager: Shutting down and abandoning module LevelSequenceEditor (484)
[2018.07.13-10.11.24:805][799]LogModuleManager: Shutting down and abandoning module PlacementMode (483)
[2018.07.13-10.11.24:805][799]LogModuleManager: Shutting down and abandoning module WmfMediaFactory (480)
[2018.07.13-10.11.24:805][799]LogModuleManager: Shutting down and abandoning module WmfMediaEditor (478)
[2018.07.13-10.11.24:805][799]LogModuleManager: Shutting down and abandoning module AvfMediaFactory (476)
[2018.07.13-10.11.24:805][799]LogModuleManager: Shutting down and abandoning module AvfMediaEditor (474)
[2018.07.13-10.11.24:805][799]LogModuleManager: Shutting down and abandoning module AndroidMediaFactory (472)
[2018.07.13-10.11.24:805][799]LogModuleManager: Shutting down and abandoning module Media (471)
[2018.07.13-10.11.24:805][799]LogModuleManager: Shutting down and abandoning module AndroidMediaEditor (468)
[2018.07.13-10.11.24:805][799]LogModuleManager: Shutting down and abandoning module CharacterAI (466)
[2018.07.13-10.11.24:805][799]LogModuleManager: Shutting down and abandoning module AudioCapture (464)
[2018.07.13-10.11.24:805][799]LogModuleManager: Shutting down and abandoning module SequenceRecorder (463)
[2018.07.13-10.11.24:805][799]LogModuleManager: Shutting down and abandoning module SmartSnapping (460)
[2018.07.13-10.11.24:805][799]LogModuleManager: Shutting down and abandoning module SessionServices (458)
[2018.07.13-10.11.24:805][799]LogModuleManager: Shutting down and abandoning module ViewportSnapping (456)
[2018.07.13-10.11.24:805][799]LogModuleManager: Shutting down and abandoning module ViewportInteraction (454)
[2018.07.13-10.11.24:805][799]LogModuleManager: Shutting down and abandoning module ClothPainter (452)
[2018.07.13-10.11.24:805][799]LogModuleManager: Shutting down and abandoning module LogVisualizer (450)
[2018.07.13-10.11.24:805][799]LogModuleManager: Shutting down and abandoning module IntroTutorials (448)
[2018.07.13-10.11.24:805][799]LogModuleManager: Shutting down and abandoning module GameProjectGeneration (447)
[2018.07.13-10.11.24:805][799]LogModuleManager: Shutting down and abandoning module EditorLiveStreaming (444)
[2018.07.13-10.11.24:805][799]LogModuleManager: Shutting down and abandoning module IOSPlatformEditor (442)
[2018.07.13-10.11.24:805][799]LogModuleManager: Shutting down and abandoning module HTML5PlatformEditor (440)
[2018.07.13-10.11.24:805][799]LogModuleManager: Shutting down and abandoning module AndroidPlatformEditor (438)
[2018.07.13-10.11.24:805][799]LogModuleManager: Shutting down and abandoning module AndroidDeviceDetection (437)
[2018.07.13-10.11.25:151][799]LogModuleManager: Shutting down and abandoning module IOSRuntimeSettings (434)
[2018.07.13-10.11.25:151][799]LogModuleManager: Shutting down and abandoning module AndroidRuntimeSettings (432)
[2018.07.13-10.11.25:151][799]LogModuleManager: Shutting down and abandoning module InputBindingEditor (430)
[2018.07.13-10.11.25:151][799]LogModuleManager: Shutting down and abandoning module MergeActors (428)
[2018.07.13-10.11.25:158][799]LogModuleManager: Shutting down and abandoning module SizeMap (426)
[2018.07.13-10.11.25:158][799]LogModuleManager: Shutting down and abandoning module TreeMap (424)
[2018.07.13-10.11.25:158][799]LogModuleManager: Shutting down and abandoning module ReferenceViewer (422)
[2018.07.13-10.11.25:158][799]LogModuleManager: Shutting down and abandoning module LocalizationDashboard (420)
[2018.07.13-10.11.25:158][799]LogModuleManager: Shutting down and abandoning module LocalizationService (419)
[2018.07.13-10.11.25:158][799]LogModuleManager: Shutting down and abandoning module HardwareTargeting (416)
[2018.07.13-10.11.25:158][799]LogModuleManager: Shutting down and abandoning module DeviceProfileEditor (414)
[2018.07.13-10.11.25:158][799]LogModuleManager: Shutting down and abandoning module UndoHistory (412)
[2018.07.13-10.11.25:158][799]LogModuleManager: Shutting down and abandoning module UserFeedback (410)
[2018.07.13-10.11.25:158][799]LogModuleManager: Shutting down and abandoning module XmlParser (408)
[2018.07.13-10.11.25:158][799]LogModuleManager: Shutting down and abandoning module Blutility (406)
[2018.07.13-10.11.25:158][799]LogModuleManager: Shutting down and abandoning module ProjectSettingsViewer (404)
[2018.07.13-10.11.25:158][799]LogModuleManager: Shutting down and abandoning module ProjectTargetPlatformEditor (403)
[2018.07.13-10.11.25:159][799]LogModuleManager: Shutting down and abandoning module EditorSettingsViewer (400)
[2018.07.13-10.11.25:159][799]LogModuleManager: Shutting down and abandoning module SettingsEditor (398)
[2018.07.13-10.11.25:160][799]LogModuleManager: Shutting down and abandoning module ProjectLauncher (396)
[2018.07.13-10.11.25:160][799]LogModuleManager: Shutting down and abandoning module SessionFrontend (394)
[2018.07.13-10.11.25:160][799]LogModuleManager: Shutting down and abandoning module ProfilerClient (392)
[2018.07.13-10.11.25:160][799]LogModuleManager: Shutting down and abandoning module DeviceManager (390)
[2018.07.13-10.11.25:160][799]LogModuleManager: Shutting down and abandoning module TargetDeviceServices (389)
[2018.07.13-10.11.25:215][799]LogModuleManager: Shutting down and abandoning module AutomationController (386)
[2018.07.13-10.11.25:215][799]LogModuleManager: Shutting down and abandoning module AutomationWindow (384)
[2018.07.13-10.11.25:215][799]LogModuleManager: Shutting down and abandoning module Layers (382)
[2018.07.13-10.11.25:215][799]LogModuleManager: Shutting down and abandoning module ComponentVisualizers (380)
[2018.07.13-10.11.25:215][799]LogModuleManager: Shutting down and abandoning module DetailCustomizations (378)
[2018.07.13-10.11.25:215][799]LogModuleManager: Shutting down and abandoning module PackagesDialog (376)
[2018.07.13-10.11.25:216][799]LogModuleManager: Shutting down and abandoning module Persona (374)
[2018.07.13-10.11.25:216][799]LogModuleManager: Shutting down and abandoning module AdvancedPreviewScene (373)
[2018.07.13-10.11.25:216][799]LogModuleManager: Shutting down and abandoning module AnimGraph (371)
[2018.07.13-10.11.25:216][799]LogModuleManager: Shutting down and abandoning module Kismet (368)
[2018.07.13-10.11.25:217][799]LogModuleManager: Shutting down and abandoning module ClassViewer (366)
[2018.07.13-10.11.25:217][799]LogModuleManager: Shutting down and abandoning module Toolbox (364)
[2018.07.13-10.11.25:217][799]LogModuleManager: Shutting down and abandoning module ModuleUI (362)
[2018.07.13-10.11.25:217][799]LogModuleManager: Shutting down and abandoning module MovieSceneTools (360)
[2018.07.13-10.11.25:217][799]LogModuleManager: Shutting down and abandoning module OutputLog (358)
[2018.07.13-10.11.25:217][799]LogModuleManager: Shutting down and abandoning module GammaUI (356)
[2018.07.13-10.11.25:217][799]LogModuleManager: Shutting down and abandoning module Documentation (354)
[2018.07.13-10.11.25:217][799]LogModuleManager: Shutting down and abandoning module MovieSceneTracks (352)
[2018.07.13-10.11.25:217][799]LogModuleManager: Shutting down and abandoning module MovieScene (350)
[2018.07.13-10.11.25:217][799]LogModuleManager: Shutting down and abandoning module Niagara (348)
[2018.07.13-10.11.25:217][799]LogModuleManager: Shutting down and abandoning module NiagaraEditor (347)
[2018.07.13-10.11.25:218][799]LogModuleManager: Shutting down and abandoning module StreamingPauseRendering (344)
[2018.07.13-10.11.25:218][799]LogModuleManager: Shutting down and abandoning module AnalyticsET (342)
[2018.07.13-10.11.25:218][799]LogModuleManager: Shutting down and abandoning module PortalServices (340)
[2018.07.13-10.11.25:218][799]LogModuleManager: Shutting down and abandoning module PortalRpc (338)
[2018.07.13-10.11.25:218][799]LogModuleManager: Shutting down and abandoning module MessagingRpc (336)
[2018.07.13-10.11.25:218][799]LogModuleManager: Shutting down and abandoning module AIModule (334)
[2018.07.13-10.11.25:218][799]LogModuleManager: Shutting down and abandoning module GameplayDebugger (333)
[2018.07.13-10.11.25:218][799]LogModuleManager: Shutting down and abandoning module AITestSuite (331)
[2018.07.13-10.11.25:218][799]LogModuleManager: Shutting down and abandoning module ProfilerService (328)
[2018.07.13-10.11.25:333][799]LogModuleManager: Shutting down and abandoning module TaskGraph (326)
[2018.07.13-10.11.25:333][799]LogModuleManager: Shutting down and abandoning module SteamVRController (324)
[2018.07.13-10.11.25:333][799]LogModuleManager: Shutting down and abandoning module SteamVR (322)
[2018.07.13-10.11.25:333][799]LogModuleManager: Shutting down and abandoning module ProceduralMeshComponentEditor (320)
[2018.07.13-10.11.25:333][799]LogModuleManager: Shutting down and abandoning module ProceduralMeshComponent (318)
[2018.07.13-10.11.25:333][799]LogModuleManager: Shutting down and abandoning module OculusLibrary (316)
[2018.07.13-10.11.25:334][799]LogModuleManager: Shutting down and abandoning module OculusInput (314)
[2018.07.13-10.11.25:334][799]LogModuleManager: Shutting down and abandoning module MobilePatchingUtils (312)
[2018.07.13-10.11.25:334][799]LogModuleManager: Shutting down and abandoning module CustomMeshComponent (310)
[2018.07.13-10.11.25:334][799]LogModuleManager: Shutting down and abandoning module CableComponent (308)
[2018.07.13-10.11.25:334][799]LogModuleManager: Shutting down and abandoning module ArchVisCharacter (306)
[2018.07.13-10.11.25:334][799]LogModuleManager: Shutting down and abandoning module AndroidPermission (304)
[2018.07.13-10.11.25:334][799]LogModuleManager: Shutting down and abandoning module MediaPlayerEditor (300)
[2018.07.13-10.11.25:334][799]LogModuleManager: Shutting down and abandoning module HTML5Networking (298)
[2018.07.13-10.11.25:334][799]LogModuleManager: Shutting down and abandoning module AlembicImporter (296)
[2018.07.13-10.11.25:334][799]LogModuleManager: Shutting down and abandoning module AlembicLibrary (295)
[2018.07.13-10.11.25:334][799]LogModuleManager: Shutting down and abandoning module GeometryCache (294)
[2018.07.13-10.11.25:334][799]LogModuleManager: Shutting down and abandoning module GeometryCacheEd (293)
[2018.07.13-10.11.25:334][799]LogModuleManager: Shutting down and abandoning module SuperSearchEditor (288)
[2018.07.13-10.11.25:334][799]LogModuleManager: Shutting down and abandoning module SuperSearch (287)
[2018.07.13-10.11.25:334][799]LogModuleManager: Shutting down and abandoning module SpeedTreeImporter (284)
[2018.07.13-10.11.25:334][799]LogModuleManager: Shutting down and abandoning module PluginBrowser (282)
[2018.07.13-10.11.25:334][799]LogModuleManager: Shutting down and abandoning module MobileLauncherProfileWizard (280)
[2018.07.13-10.11.25:334][799]LogModuleManager: Shutting down and abandoning module VisualStudioSourceCodeAccess (278)
[2018.07.13-10.11.25:334][799]LogModuleManager: Shutting down and abandoning module DesktopPlatform (277)
[2018.07.13-10.11.25:334][799]LogModuleManager: Shutting down and abandoning module UObjectPlugin (274)
[2018.07.13-10.11.25:334][799]LogModuleManager: Shutting down and abandoning module SubversionSourceControl (272)
[2018.07.13-10.11.25:334][799]LogModuleManager: Shutting down and abandoning module PerforceSourceControl (270)
[2018.07.13-10.11.25:334][799]LogModuleManager: Shutting down and abandoning module GitSourceControl (268)
[2018.07.13-10.11.25:334][799]LogModuleManager: Shutting down and abandoning module SourceControl (267)
[2018.07.13-10.11.25:334][799]LogModuleManager: Shutting down and abandoning module LightPropagationVolumeEditor (264)
[2018.07.13-10.11.25:334][799]LogModuleManager: Shutting down and abandoning module PaperTiledImporter (262)
[2018.07.13-10.11.25:334][799]LogModuleManager: Shutting down and abandoning module PaperSpriteSheetImporter (260)
[2018.07.13-10.11.25:334][799]LogModuleManager: Shutting down and abandoning module Paper2DEditor (258)
[2018.07.13-10.11.25:334][799]LogModuleManager: Shutting down and abandoning module MeshPaint (257)
[2018.07.13-10.11.25:334][799]LogModuleManager: Shutting down and abandoning module LevelEditor (255)
[2018.07.13-10.11.25:336][799]LogModuleManager: Shutting down and abandoning module PixelInspectorModule (254)
[2018.07.13-10.11.25:336][799]LogModuleManager: Shutting down and abandoning module MainFrame (252)
[2018.07.13-10.11.25:336][799]LogModuleManager: Shutting down and abandoning module HotReload (251)
[2018.07.13-10.11.25:337][799]LogModuleManager: Shutting down and abandoning module PhysXVehiclesEditor (246)
[2018.07.13-10.11.25:337][799]LogModuleManager: Shutting down and abandoning module PhysXVehicles (244)
[2018.07.13-10.11.25:337][799]LogModuleManager: Shutting down and abandoning module LocationServicesBPLibrary (242)
[2018.07.13-10.11.25:337][799]LogModuleManager: Shutting down and abandoning module ImmediatePhysicsEditor (240)
[2018.07.13-10.11.25:337][799]LogModuleManager: Shutting down and abandoning module ImmediatePhysics (238)
[2018.07.13-10.11.25:337][799]LogModuleManager: Shutting down and abandoning module UdpMessaging (236)
[2018.07.13-10.11.25:438][799]LogModuleManager: Shutting down and abandoning module TcpMessaging (234)
[2018.07.13-10.11.25:539][799]LogModuleManager: Shutting down and abandoning module GameplayTagsEditor (232)
[2018.07.13-10.11.25:539][799]LogModuleManager: Shutting down and abandoning module FacialAnimationEditor (230)
[2018.07.13-10.11.25:539][799]LogModuleManager: Shutting down and abandoning module FacialAnimation (228)
[2018.07.13-10.11.25:539][799]LogModuleManager: Shutting down and abandoning module AssetManagerEditor (226)
[2018.07.13-10.11.25:539][799]LogModuleManager: Shutting down and abandoning module GraphEditor (225)
[2018.07.13-10.11.25:539][799]LogModuleManager: Shutting down and abandoning module ContentBrowser (223)
[2018.07.13-10.11.25:545][799]LogModuleManager: Shutting down and abandoning module LightPropagationVolumeRuntime (220)
[2018.07.13-10.11.25:545][799]LogModuleManager: Shutting down and abandoning module Paper2D (218)
[2018.07.13-10.11.25:545][799]LogModuleManager: Shutting down and abandoning module WindowsMoviePlayer (216)
[2018.07.13-10.11.25:546][799]LogModuleManager: Shutting down and abandoning module WmfMedia (214)
[2018.07.13-10.11.25:550][799]LogModuleManager: Shutting down and abandoning module ClothingSystemEditor (212)
[2018.07.13-10.11.25:550][799]LogModuleManager: Shutting down and abandoning module ClothingSystemRuntime (210)
[2018.07.13-10.11.25:550][799]LogModuleManager: Shutting down and abandoning module MediaAssets (208)
[2018.07.13-10.11.25:550][799]LogModuleManager: Shutting down and abandoning module GameLiveStreaming (206)
[2018.07.13-10.11.25:550][799]LogModuleManager: Shutting down and abandoning module VREditor (204)
[2018.07.13-10.11.25:550][799]LogModuleManager: Shutting down and abandoning module StringTableEditor (202)
[2018.07.13-10.11.25:551][799]LogModuleManager: Shutting down and abandoning module GameplayTasksEditor (200)
[2018.07.13-10.11.25:551][799]LogModuleManager: Shutting down and abandoning module BehaviorTreeEditor (198)
[2018.07.13-10.11.25:551][799]LogModuleManager: Shutting down and abandoning module FunctionalTesting (196)
[2018.07.13-10.11.25:551][799]LogModuleManager: Shutting down and abandoning module CollisionAnalyzer (194)
[2018.07.13-10.11.25:551][799]LogModuleManager: Shutting down and abandoning module UMG (192)
[2018.07.13-10.11.25:551][799]LogModuleManager: Shutting down and abandoning module UMGEditor (191)
[2018.07.13-10.11.25:551][799]LogModuleManager: Shutting down and abandoning module Sequencer (190)
[2018.07.13-10.11.25:551][799]LogModuleManager: Shutting down and abandoning module AssetTools (188)
[2018.07.13-10.11.25:551][799]LogModuleManager: Shutting down and abandoning module MessageLog (187)
[2018.07.13-10.11.25:551][799]LogModuleManager: Shutting down and abandoning module WorkspaceMenuStructure (186)
[2018.07.13-10.11.25:551][799]LogModuleManager: Shutting down and abandoning module SlateReflector (180)
[2018.07.13-10.11.25:551][799]LogModuleManager: Shutting down and abandoning module Slate (178)
[2018.07.13-10.11.25:551][799]LogModuleManager: Shutting down and abandoning module EditorStyle (176)
[2018.07.13-10.11.25:558][799]LogModuleManager: Shutting down and abandoning module SourceCodeAccess (174)
[2018.07.13-10.11.25:558][799]LogModuleManager: Shutting down and abandoning module HeadMountedDisplay (172)
[2018.07.13-10.11.25:558][799]LogModuleManager: Shutting down and abandoning module XAudio2 (170)
[2018.07.13-10.11.25:558][799]LogModuleManager: Shutting down and abandoning module Networking (168)
[2018.07.13-10.11.25:558][799]LogModuleManager: Shutting down and abandoning module Core (164)
[2018.07.13-10.11.25:558][799]LogModuleManager: Shutting down and abandoning module AssetRegistry (162)
[2018.07.13-10.11.25:741][799]LogDirectoryWatcher: A directory notification for '../../../Engine/Content/' was aborted.
[2018.07.13-10.11.25:741][799]LogDirectoryWatcher: A directory notification for '../../../../../../Users/DSM2018/Desktop/Epic/BPRPG1/Content/' was aborted.
[2018.07.13-10.11.25:741][799]LogDirectoryWatcher: A directory notification for '../../../Engine/Plugins/2D/Paper2D/Content/' was aborted.
[2018.07.13-10.11.25:741][799]LogDirectoryWatcher: A directory notification for '../../../Engine/Plugins/Runtime/GearVR/Content/' was aborted.
[2018.07.13-10.11.25:748][799]LogModuleManager: Shutting down and abandoning module DirectoryWatcher (161)
[2018.07.13-10.11.25:754][799]LogModuleManager: Shutting down and abandoning module KismetCompiler (158)
[2018.07.13-10.11.25:754][799]LogModuleManager: Shutting down and abandoning module LevelSequence (156)
[2018.07.13-10.11.25:754][799]LogModuleManager: Shutting down and abandoning module PhysXFormats (154)
[2018.07.13-10.11.25:754][799]LogModuleManager: Shutting down and abandoning module MeshUtilities (152)
[2018.07.13-10.11.25:754][799]LogModuleManager: Shutting down and abandoning module SimplygonSwarm (151)
[2018.07.13-10.11.25:754][799]LogModuleManager: Shutting down and abandoning module SimplygonMeshReduction (149)
[2018.07.13-10.11.25:754][799]LogModuleManager: Shutting down and abandoning module QuadricMeshReduction (147)
[2018.07.13-10.11.25:754][799]LogModuleManager: Shutting down and abandoning module DerivedDataCache (144)
[2018.07.13-10.11.25:791][799]LogDerivedDataCache: Shutdown
[2018.07.13-10.11.25:791][799]LogModuleManager: Shutting down and abandoning module TargetPlatform (142)
[2018.07.13-10.11.25:791][799]LogModuleManager: Shutting down and abandoning module VulkanShaderFormat (141)
[2018.07.13-10.11.25:791][799]LogModuleManager: Shutting down and abandoning module ShaderFormatVectorVM (139)
[2018.07.13-10.11.25:791][799]LogModuleManager: Shutting down and abandoning module ShaderFormatOpenGL (137)
[2018.07.13-10.11.25:791][799]LogModuleManager: Shutting down and abandoning module ShaderFormatD3D (135)
[2018.07.13-10.11.25:791][799]LogModuleManager: Shutting down and abandoning module MetalShaderFormat (133)
[2018.07.13-10.11.25:791][799]LogModuleManager: Shutting down and abandoning module TextureFormatUncompressed (131)
[2018.07.13-10.11.25:791][799]LogModuleManager: Shutting down and abandoning module TextureFormatPVR (129)
[2018.07.13-10.11.25:791][799]LogModuleManager: Shutting down and abandoning module TextureFormatDXT (127)
[2018.07.13-10.11.25:791][799]LogModuleManager: Shutting down and abandoning module TextureFormatIntelISPCTexComp (125)
[2018.07.13-10.11.25:791][799]LogModuleManager: Shutting down and abandoning module TextureFormatASTC (123)
[2018.07.13-10.11.25:791][799]LogModuleManager: Shutting down and abandoning module ImageWrapper (122)
[2018.07.13-10.11.25:791][799]LogModuleManager: Shutting down and abandoning module TextureFormatAndroid (119)
[2018.07.13-10.11.25:791][799]LogModuleManager: Shutting down and abandoning module AudioFormatOpus (117)
[2018.07.13-10.11.25:792][799]LogModuleManager: Shutting down and abandoning module AudioFormatOgg (115)
[2018.07.13-10.11.25:792][799]LogModuleManager: Shutting down and abandoning module AudioFormatADPCM (113)
[2018.07.13-10.11.25:792][799]LogModuleManager: Shutting down and abandoning module LinuxTargetPlatform (111)
[2018.07.13-10.11.25:792][799]LogModuleManager: Shutting down and abandoning module LinuxServerTargetPlatform (109)
[2018.07.13-10.11.25:792][799]LogModuleManager: Shutting down and abandoning module LinuxNoEditorTargetPlatform (107)
[2018.07.13-10.11.25:792][799]LogModuleManager: Shutting down and abandoning module LinuxClientTargetPlatform (105)
[2018.07.13-10.11.25:792][799]LogModuleManager: Shutting down and abandoning module TVOSTargetPlatform (103)
[2018.07.13-10.11.25:792][799]LogModuleManager: Shutting down and abandoning module Messaging (101)
[2018.07.13-10.11.25:792][799]LogModuleManager: Shutting down and abandoning module IOSTargetPlatform (99)
[2018.07.13-10.11.25:792][799]LogModuleManager: Shutting down and abandoning module HTML5TargetPlatform (97)
[2018.07.13-10.11.25:792][799]LogModuleManager: Shutting down and abandoning module Android_PVRTCTargetPlatform (95)
[2018.07.13-10.11.25:792][799]LogModuleManager: Shutting down and abandoning module Android_MultiTargetPlatform (93)
[2018.07.13-10.11.25:792][799]LogModuleManager: Shutting down and abandoning module Android_ETC2TargetPlatform (91)
[2018.07.13-10.11.25:792][799]LogModuleManager: Shutting down and abandoning module Android_ETC1TargetPlatform (89)
[2018.07.13-10.11.25:792][799]LogModuleManager: Shutting down and abandoning module Android_DXTTargetPlatform (87)
[2018.07.13-10.11.25:792][799]LogModuleManager: Shutting down and abandoning module Android_ATCTargetPlatform (85)
[2018.07.13-10.11.25:792][799]LogModuleManager: Shutting down and abandoning module Android_ASTCTargetPlatform (83)
[2018.07.13-10.11.25:792][799]LogModuleManager: Shutting down and abandoning module AndroidTargetPlatform (81)
[2018.07.13-10.11.25:792][799]LogModuleManager: Shutting down and abandoning module WindowsTargetPlatform (79)
[2018.07.13-10.11.25:793][799]LogModuleManager: Shutting down and abandoning module WindowsServerTargetPlatform (77)
[2018.07.13-10.11.25:793][799]LogModuleManager: Shutting down and abandoning module WindowsNoEditorTargetPlatform (75)
[2018.07.13-10.11.25:793][799]LogModuleManager: Shutting down and abandoning module WindowsClientTargetPlatform (73)
[2018.07.13-10.11.25:793][799]LogModuleManager: Shutting down and abandoning module MacTargetPlatform (71)
[2018.07.13-10.11.25:793][799]LogModuleManager: Shutting down and abandoning module MacServerTargetPlatform (69)
[2018.07.13-10.11.25:793][799]LogModuleManager: Shutting down and abandoning module MacNoEditorTargetPlatform (67)
[2018.07.13-10.11.25:793][799]LogModuleManager: Shutting down and abandoning module MacClientTargetPlatform (65)
[2018.07.13-10.11.25:793][799]LogModuleManager: Shutting down and abandoning module AllDesktopTargetPlatform (63)
[2018.07.13-10.11.25:793][799]LogModuleManager: Shutting down and abandoning module InputCore (60)
[2018.07.13-10.11.25:793][799]LogModuleManager: Shutting down and abandoning module Settings (58)
[2018.07.13-10.11.25:793][799]LogModuleManager: Shutting down and abandoning module OculusRift (56)
[2018.07.13-10.11.25:794][799]LogModuleManager: Shutting down and abandoning module GearVRController (54)
[2018.07.13-10.11.25:794][799]LogModuleManager: Shutting down and abandoning module GearVR (52)
[2018.07.13-10.11.25:794][799]LogModuleManager: Shutting down and abandoning module ExampleDeviceProfileSelector (50)
[2018.07.13-10.11.25:794][799]LogModuleManager: Shutting down and abandoning module OnlineBlueprintSupport (48)
[2018.07.13-10.11.25:794][799]LogModuleManager: Shutting down and abandoning module OnlineSubsystem (44)
[2018.07.13-10.11.25:794][799]LogOnline:Display: Unloading online subsystem: NULL
[2018.07.13-10.11.25:794][799]LogModuleManager: Shutting down and abandoning module XMPP (43)
[2018.07.13-10.11.25:795][799]LogModuleManager: Shutting down and abandoning module HTTP (41)
[2018.07.13-10.11.25:795][799]LogHttp:Display: Http module shutting down, but needs to wait on 1 outstanding Http requests:
[2018.07.13-10.11.25:795][799]LogHttp:Display: 	verb=[POST] url=[https://datarouter.ol.epicgames.com/datarouter/api/v1/public/data?SessionID=%7BA9188DCC-4E38-7C46-B08F-568ADF3303E3%7D&AppID=UEEditor.Rocket.Release&AppVersion=4.16.3-3561208%2B%2B%2BUE4%2BRelease-4.16&UserID=fd9b53ad40af711350424584bbc00e4f%7C7f9697d497024c88af204dcfc766d70a%7C040d2413-5235-416e-a007-363c225b842f&AppEnvironment=datacollector-binary&UploadType=eteventstream] status=Processing
[2018.07.13-10.11.25:815][799]LogModuleManager: Shutting down and abandoning module SSL (40)
[2018.07.13-10.11.25:821][799]LogModuleManager: Shutting down and abandoning module HTTPChunkInstaller (36)
[2018.07.13-10.11.25:821][799]LogModuleManager: Shutting down and abandoning module AnimationModifiers (34)
[2018.07.13-10.11.25:821][799]LogModuleManager: Shutting down and abandoning module PropertyEditor (33)
[2018.07.13-10.11.25:821][799]LogModuleManager: Shutting down and abandoning module AudioEditor (30)
[2018.07.13-10.11.25:822][799]LogModuleManager: Shutting down and abandoning module TextureCompressor (28)
[2018.07.13-10.11.25:822][799]LogModuleManager: Shutting down and abandoning module ShaderCore (26)
[2018.07.13-10.11.25:822][799]LogModuleManager: Shutting down and abandoning module Landscape (24)
[2018.07.13-10.11.25:822][799]LogModuleManager: Shutting down and abandoning module SlateRHIRenderer (22)
[2018.07.13-10.11.25:861][799]LogModuleManager: Shutting down and abandoning module OpenGLDrv (20)
[2018.07.13-10.11.25:861][799]LogModuleManager: Shutting down and abandoning module D3D11RHI (18)
[2018.07.13-10.11.25:861][799]LogModuleManager: Shutting down and abandoning module AnimGraphRuntime (16)
[2018.07.13-10.11.25:861][799]LogModuleManager: Shutting down and abandoning module Renderer (14)
[2018.07.13-10.11.25:861][799]LogModuleManager: Shutting down and abandoning module Engine (12)
[2018.07.13-10.11.25:861][799]LogModuleManager: Shutting down and abandoning module CoreUObject (10)
[2018.07.13-10.11.25:861][799]LogModuleManager: Shutting down and abandoning module NetworkFile (8)
[2018.07.13-10.11.25:861][799]LogModuleManager: Shutting down and abandoning module StreamingFile (6)
[2018.07.13-10.11.25:861][799]LogModuleManager: Shutting down and abandoning module SandboxFile (4)
[2018.07.13-10.11.25:861][799]LogModuleManager: Shutting down and abandoning module PakFile (2)
[2018.07.13-10.11.25:867][799]LogExit: Exiting.
[2018.07.13-10.11.25:912][799]Log file closed, 07/13/18 19:11:25
