Log file open, 07/13/18 15:50:23
LogInit:Display: Running engine for game: BPRPG1
LogPlatformFile: Not using cached read wrapper
LogInit:Display: RandInit(-1704233556) SRandInit(-1704233556).
LogTaskGraph: Started task graph with 5 named threads and 8 total threads with 1 sets of task threads.
LogStats: Stats thread started at 0.140681
LogInit: Using libcurl 7.47.1
LogInit:  - built for x86_64-pc-win32
LogInit:  - supports SSL with OpenSSL/1.0.2g
LogInit:  - supports HTTP deflate (compression) using libz 1.2.8
LogInit:  - other features:
LogInit:      CURL_VERSION_SSL
LogInit:      CURL_VERSION_LIBZ
LogInit:      CURL_VERSION_IPV6
LogInit:      CURL_VERSION_ASYNCHDNS
LogInit:      CURL_VERSION_LARGEFILE
LogInit:      CURL_VERSION_IDN
LogInit:  CurlRequestOptions (configurable via config and command line):
LogInit:  - bVerifyPeer = false  - Libcurl will NOT verify peer certificate
LogInit:  - bUseHttpProxy = false  - Libcurl will NOT use HTTP proxy
LogInit:  - bDontReuseConnections = false  - Libcurl will reuse connections
LogInit:  - CertBundlePath = nullptr  - Libcurl will use whatever was configured at build time.
LogInit: Build: ++UE4+Release-4.16-CL-3561208
LogInit: Engine Version: 4.16.3-3561208+++UE4+Release-4.16
LogInit: Compatible Engine Version: 4.16.0-3452394+++UE4+Release-4.16
LogInit: Net CL: 3452394
LogDevObjectVersion: Number of dev versions registered: 16
LogDevObjectVersion:   Dev-Blueprints (B0D832E4-1F89-4F0D-ACCF-7EB736FD4AA2): 9
LogDevObjectVersion:   Dev-Build (E1C64328-A22C-4D53-A36C-8E866417BD8C): 0
LogDevObjectVersion:   Dev-Core (375EC13C-06E4-48FB-B500-84F0262A717E): 2
LogDevObjectVersion:   Dev-Editor (E4B068ED-F494-42E9-A231-DA0B2E46BB41): 17
LogDevObjectVersion:   Dev-Framework (CFFC743F-43B0-4480-9391-14DF171D2073): 23
LogDevObjectVersion:   Dev-Mobile (B02B49B5-BB20-44E9-A304-32B752E40360): 0
LogDevObjectVersion:   Dev-Networking (A4E4105C-59A1-49B5-A7C5-40C4547EDFEE): 0
LogDevObjectVersion:   Dev-Online (39C831C9-5AE6-47DC-9A44-9C173E1C8E7C): 0
LogDevObjectVersion:   Dev-Physics (78F01B33-EBEA-4F98-B9B4-84EACCB95AA2): 0
LogDevObjectVersion:   Dev-Platform (6631380F-2D4D-43E0-8009-CF276956A95A): 0
LogDevObjectVersion:   Dev-Rendering (12F88B9F-8875-4AFC-A67C-D90C383ABD29): 15
LogDevObjectVersion:   Dev-Sequencer (7B5AE74C-D270-4C10-A958-57980B212A5A): 4
LogDevObjectVersion:   Dev-VR (D7296918-1DD6-4BDD-9DE2-64A83CC13884): 0
LogDevObjectVersion:   Dev-LoadTimes (C2A15278-BFE7-4AFE-6C17-90FF531DF755): 1
LogDevObjectVersion:   Private-Geometry (6EACA3D4-40EC-4CC1-B786-8BED09428FC5): 1
LogDevObjectVersion:   Dev-AnimPhys (29E575DD-E0A3-4627-9D10-D276232CDCEA): 3
LogInit: Compiled (64-bit): Jul 28 2017 11:49:47
LogInit: Compiled with Visual C++: 19.00.24215.01
LogInit: Build Configuration: Development
LogInit: Branch Name: ++UE4+Release-4.16
LogInit: Command line:  
LogInit: Base directory: C:/Program Files/Epic Games/UE_4.16/Engine/Binaries/Win64/
LogInit: Installed Engine Build: 1
LogInit: Presizing for max 8388607 objects, including 0 objects not considered by GC, pre-allocating 0 bytes for permanent pool.
LogInit: Object subsystem initialized
[2018.07.13-06.50.26:746][  0]LogInit: Selected Device Profile: [Windows]
[2018.07.13-06.50.26:746][  0]LogInit: Applying CVar settings loaded from the selected device profile: [Windows]
[2018.07.13-06.50.26:793][  0]LogInit: Computer: 10413윤이온
[2018.07.13-06.50.26:793][  0]LogInit: User: DSM2018
[2018.07.13-06.50.26:793][  0]LogInit: CPU Page size=4096, Cores=4
[2018.07.13-06.50.26:793][  0]LogInit: High frequency timer resolution =2.240917 MHz
[2018.07.13-06.50.26:793][  0]LogMemory: Memory total: Physical=15.9GB (16GB approx)
[2018.07.13-06.50.26:793][  0]LogMemory: Platform Memory Stats for Windows
[2018.07.13-06.50.26:793][  0]LogMemory: Process Physical Memory: 274.19 MB used, 274.19 MB peak
[2018.07.13-06.50.26:793][  0]LogMemory: Process Virtual Memory: 260.97 MB used, 260.97 MB peak
[2018.07.13-06.50.26:793][  0]LogMemory: Physical Memory: 5489.28 MB used,  10809.34 MB free, 16298.62 MB total
[2018.07.13-06.50.26:793][  0]LogMemory: Virtual Memory: 4772.58 MB used,  10809.34 MB free, 134217728.00 MB total
[2018.07.13-06.50.27:269][  0]LogInit: Using OS detected language (ko-KR).
[2018.07.13-06.50.27:269][  0]LogInit: Using OS detected locale (ko-KR).
[2018.07.13-06.50.27:335][  0]LogTextLocalizationManager: No specific localization for 'ko-KR' exists, so the 'ko' localization will be used.
[2018.07.13-06.50.30:994][  0]LogD3D11RHI: D3D11 adapters:
[2018.07.13-06.50.31:003][  0]LogD3D11RHI:    0. 'Intel(R) HD Graphics 4600' (Feature Level 11_0)
[2018.07.13-06.50.31:003][  0]LogD3D11RHI:       112/0/2048 MB DedicatedVideo/DedicatedSystem/SharedSystem, Outputs:1, VendorId:0x8086
[2018.07.13-06.50.31:006][  0]LogD3D11RHI:    1. 'Microsoft Basic Render Driver' (Feature Level 11_0)
[2018.07.13-06.50.31:006][  0]LogD3D11RHI:       0/0/8149 MB DedicatedVideo/DedicatedSystem/SharedSystem, Outputs:0, VendorId:0x1414
[2018.07.13-06.50.31:006][  0]LogD3D11RHI: Chosen D3D11 Adapter: 0
[2018.07.13-06.50.31:014][  0]LogD3D11RHI: Creating new Direct3DDevice
[2018.07.13-06.50.31:014][  0]LogD3D11RHI:     GPU DeviceId: 0x416 (for the marketing name, search the web for "GPU Device Id")
[2018.07.13-06.50.31:014][  0]LogWindows: EnumDisplayDevices:
[2018.07.13-06.50.31:014][  0]LogWindows:    0. 'Intel(R) HD Graphics 4600' (P:1 D:1)
[2018.07.13-06.50.31:015][  0]LogWindows:    1. 'Intel(R) HD Graphics 4600' (P:0 D:0)
[2018.07.13-06.50.31:015][  0]LogWindows:    2. 'Intel(R) HD Graphics 4600' (P:0 D:0)
[2018.07.13-06.50.31:015][  0]LogWindows: DebugString: GetVideoDriverDetailsInvalid PrimaryIsNotTheChoosenAdapter GetVideoDriverDetailsInvalid PrimaryIsNotTheChoosenAdapter GetVideoDriverDetailsInvalid PrimaryIsNotTheChoosenAdapter FoundDriverCount:0 
[2018.07.13-06.50.31:015][  0]LogD3D11RHI:     Adapter Name: Intel(R) HD Graphics 4600
[2018.07.13-06.50.31:015][  0]LogD3D11RHI:   Driver Version: Unknown (internal:Unknown, unified:Unknown)
[2018.07.13-06.50.31:015][  0]LogD3D11RHI:      Driver Date: Unknown
[2018.07.13-06.50.31:015][  0]LogRHI: Texture pool is 795 MB (70% of 1136 MB)
[2018.07.13-06.50.31:023][  0]LogD3D11RHI: Async texture creation enabled
[2018.07.13-06.50.31:029][  0]LogD3D11RHI: GPU Timing Frequency: 12.500000 (Debug: 2 0)
[2018.07.13-06.50.31:030][  0]LogShaderCompilers: Guid format shader working directory is -4 characters bigger than the processId version (../../../../../../Users/DSM2018/Desktop/Epic/BPRPG1/Intermediate/Shaders/WorkingDirectory/20648/).
[2018.07.13-06.50.31:031][  0]LogShaderCompilers: Cleaned the shader compiler working directory 'C:/Users/DSM2018/AppData/Local/Temp/UnrealShaderWorkingDir/2457E79D4D152D96AE7696B80EDC056E/'.
[2018.07.13-06.50.31:031][  0]LogShaderCompilers:Display: Using Local Shader Compiler.
[2018.07.13-06.50.33:761][  0]LogTemp:Display: Loaded TP AllDesktopTargetPlatform
[2018.07.13-06.50.34:078][  0]LogTemp:Display: Loaded TP MacClientTargetPlatform
[2018.07.13-06.50.34:367][  0]LogTemp:Display: Loaded TP MacNoEditorTargetPlatform
[2018.07.13-06.50.34:558][  0]LogTemp:Display: Loaded TP MacServerTargetPlatform
[2018.07.13-06.50.34:744][  0]LogTemp:Display: Loaded TP MacTargetPlatform
[2018.07.13-06.50.34:926][  0]LogTemp:Display: Loaded TP WindowsClientTargetPlatform
[2018.07.13-06.50.35:204][  0]LogTemp:Display: Loaded TP WindowsNoEditorTargetPlatform
[2018.07.13-06.50.35:372][  0]LogTemp:Display: Loaded TP WindowsServerTargetPlatform
[2018.07.13-06.50.35:535][  0]LogTemp:Display: Loaded TP WindowsTargetPlatform
[2018.07.13-06.50.35:710][  0]LogTemp:Display: Loaded TP AndroidTargetPlatform
[2018.07.13-06.50.35:888][  0]LogTemp:Display: Loaded TP Android_ASTCTargetPlatform
[2018.07.13-06.50.36:068][  0]LogTemp:Display: Loaded TP Android_ATCTargetPlatform
[2018.07.13-06.50.36:239][  0]LogTemp:Display: Loaded TP Android_DXTTargetPlatform
[2018.07.13-06.50.36:423][  0]LogTemp:Display: Loaded TP Android_ETC1TargetPlatform
[2018.07.13-06.50.36:625][  0]LogTemp:Display: Loaded TP Android_ETC2TargetPlatform
[2018.07.13-06.50.37:133][  0]LogTemp:Display: Loaded TP Android_MultiTargetPlatform
[2018.07.13-06.50.37:133][  0]LogTemp:Display: Loaded TP Android_PVRTCTargetPlatform
[2018.07.13-06.50.37:385][  0]LogTemp:Display: Loaded TP HTML5TargetPlatform
[2018.07.13-06.50.37:711][  0]LogTemp:Display: Loaded TP IOSTargetPlatform
[2018.07.13-06.50.37:820][  0]LogTemp:Display: Loaded TP TVOSTargetPlatform
[2018.07.13-06.50.37:996][  0]LogTemp:Display: Loaded TP LinuxClientTargetPlatform
[2018.07.13-06.50.38:167][  0]LogTemp:Display: Loaded TP LinuxNoEditorTargetPlatform
[2018.07.13-06.50.38:459][  0]LogTemp:Display: Loaded TP LinuxServerTargetPlatform
[2018.07.13-06.50.38:631][  0]LogTemp:Display: Loaded TP LinuxTargetPlatform
[2018.07.13-06.50.38:631][  0]LogTargetPlatformManager:Display: Building Assets For Windows
[2018.07.13-06.50.42:352][  0]LogDerivedDataCache:Display: Max Cache Size: 512 MB
[2018.07.13-06.50.42:557][  0]LogDerivedDataCache: Loaded boot cache 0.20s 90MB C:/Users/DSM2018/AppData/Local/UnrealEngine/4.16/DerivedDataCache/Boot.ddc.
[2018.07.13-06.50.42:558][  0]LogDerivedDataCache:Display: Loaded Boot cache: C:/Users/DSM2018/AppData/Local/UnrealEngine/4.16/DerivedDataCache/Boot.ddc
[2018.07.13-06.50.42:558][  0]LogDerivedDataCache: FDerivedDataBackendGraph:  Pak pak cache file ../../../../../../Users/DSM2018/Desktop/Epic/BPRPG1/DerivedDataCache/DDC.ddp not found, will not use a pak cache.
[2018.07.13-06.50.42:558][  0]LogDerivedDataCache: Unable to find inner node Pak for hierarchical cache Hierarchy.
[2018.07.13-06.50.42:558][  0]LogDerivedDataCache: FDerivedDataBackendGraph:  CompressedPak pak cache file ../../../../../../Users/DSM2018/Desktop/Epic/BPRPG1/DerivedDataCache/Compressed.ddp not found, will not use a pak cache.
[2018.07.13-06.50.42:558][  0]LogDerivedDataCache: Unable to find inner node CompressedPak for hierarchical cache Hierarchy.
[2018.07.13-06.50.42:637][  0]LogDerivedDataCache:Display: Pak cache opened for reading ../../../Engine/DerivedDataCache/Compressed.ddp.
[2018.07.13-06.50.42:657][  0]LogDerivedDataCache: Using Local data cache path C:/Users/DSM2018/AppData/Local/UnrealEngine/Common/DerivedDataCache: Writable
[2018.07.13-06.50.42:697][  0]LogMaterial: Verifying Global Shaders for PCD3D_SM5
[2018.07.13-06.50.42:698][  0]LogSlate: Using Freetype 2.6.0
[2018.07.13-06.50.42:707][  0]LogSlate: SlateFontCache - WITH_FREETYPE: 1, WITH_HARFBUZZ: 1
[2018.07.13-06.50.42:707][  0]LogSlate: SlateFontCache - WITH_FREETYPE: 1, WITH_HARFBUZZ: 1
[2018.07.13-06.50.44:663][  0]LogInit: Selected Device Profile: [Windows]
[2018.07.13-06.50.44:952][  0]LogContentStreaming: Texture pool size is 0.00 MB
[2018.07.13-06.50.45:922][  0]LogMeshUtilities: Using QuadricMeshReduction for automatic static mesh reduction
[2018.07.13-06.50.46:289][  0]LogSimplygon: Simplygon DLL not present - disabling.
[2018.07.13-06.50.46:493][  0]LogMeshUtilities: Using SimplygonSwarm for distributed automatic mesh merging
[2018.07.13-06.50.46:493][  0]LogMeshUtilities: No automatic skeletal mesh reduction module available
[2018.07.13-06.50.46:493][  0]LogMeshUtilities: No automatic mesh merging module available
[2018.07.13-06.50.49:212][  0]LogNetVersion: BPRPG1 , NetCL: 3452394, EngineNetVer: 2, GameNetVer: 0 (Checksum: 3971011708)
[2018.07.13-06.50.49:400][  0]LogAssetRegistry: FAssetRegistry took 0.0385 seconds to start up
[2018.07.13-06.50.49:633][  0]LogPackageLocalizationCache: Processed 4 localized package path(s) for 2 prioritized culture(s) in 0.076719 seconds
[2018.07.13-06.50.49:642][  0]LogUObjectArray: 34194 objects as part of root set at end of initial load.
[2018.07.13-06.50.49:642][  0]LogUObjectAllocator: 7260416 out of 0 bytes used by permanent object pool.
[2018.07.13-06.50.49:642][  0]LogUObjectArray: CloseDisregardForGC: 0/0 objects in disregard for GC pool
[2018.07.13-06.50.50:122][  0]LogInit: WinSock: version 1.1 (2.2), MaxSocks=32767, MaxUdp=65467
[2018.07.13-06.51.06:711][  0]LogTcpMessaging: Initializing TcpMessaging bridge
[2018.07.13-06.51.07:046][  0]LogUdpMessaging: Initializing bridge on interface 0.0.0.0:0 to multicast group 230.0.0.1:6666.
[2018.07.13-06.51.11:239][  0]LogMaterial: Uniform references updated for custom material expression Custom.
[2018.07.13-06.51.14:918][  0]SourceControl: 정보 소스 콘트롤이 꺼졌습니다.
[2018.07.13-06.51.15:211][  0]SourceControl: 정보 소스 콘트롤이 꺼졌습니다.
[2018.07.13-06.51.15:710][  0]SourceControl: 정보 소스 콘트롤이 꺼졌습니다.
[2018.07.13-06.51.16:054][  0]SourceControl: 정보 소스 콘트롤이 꺼졌습니다.
[2018.07.13-06.51.21:459][  0]LogAndroidPermission: UAndroidPermissionCallbackProxy::GetInstance
[2018.07.13-06.51.25:717][  0]LogEngine: Initializing Engine...
[2018.07.13-06.51.25:719][  0]LogHMD: Failed to initialize OpenVR with code 110
[2018.07.13-06.51.26:069][  0]LogStats: UGameplayTagsManager::ConstructGameplayTagTree: Construct from data asset -  0.000 s
[2018.07.13-06.51.26:069][  0]LogStats: UGameplayTagsManager::ConstructGameplayTagTree: GameplayTagTreeChangedEvent.Broadcast -  0.000 s
[2018.07.13-06.51.26:910][  0]LogAIModule: Creating AISystem for world Untitled
[2018.07.13-06.51.26:958][  0]LogInit: XAudio2 using '스피커(Realtek High Definition Audio)' : 2 channels at 48 kHz using 16 bits per sample (channel mask 0x3)
[2018.07.13-06.51.27:163][  0]LogInit: FAudioDevice initialized.
[2018.07.13-06.51.27:265][  0]LogDerivedDataCache: Saved boot cache 0.10s 90MB C:/Users/DSM2018/AppData/Local/UnrealEngine/4.16/DerivedDataCache/Boot.ddc.
[2018.07.13-06.51.27:282][  0]LogInit: Texture streaming: Enabled
[2018.07.13-06.51.27:845][  0]LogEngineSessionManager: EngineSessionManager initialized
[2018.07.13-06.51.27:845][  0]LogEngineSessionManager: EngineSessionManager sent abnormal shutdown report. Type=Crashed, SessionId={849059A5-4AEC-4424-D4DC-BABE7C4ED5B9}
[2018.07.13-06.51.29:850][  0]LogInit: Transaction tracking system initialized
[2018.07.13-06.51.32:560][  0]BlueprintLog: New page: 에디터 로드
[2018.07.13-06.51.41:259][  0]LocalizationService: 정보 현지화 서비스가 비활성화되었습니다.
[2018.07.13-06.51.47:922][  0]LogConsoleResponse:Display: 
[2018.07.13-06.51.48:411][  0]LogCook:Display: Max memory allowance for cook 16384mb min free memory 0mb
[2018.07.13-06.51.48:411][  0]LogCook:Display: Mobile HDR setting 1
[2018.07.13-06.51.49:085][  0]LogFileCache: Scanning file cache for directory 'C:/Users/DSM2018/Desktop/Epic/BPRPG1/Content/' took 0.04s
[2018.07.13-06.51.55:335][  0]SourceControl: 정보 소스 콘트롤이 꺼졌습니다.
[2018.07.13-06.51.55:336][  0]Cmd: MAP LOAD FILE="../../../../../../Users/DSM2018/Desktop/Epic/BPRPG1/Content/ThirdPersonBP/Maps/ThirdPersonExampleMap.umap" TEMPLATE=0 SHOWPROGRESS=1 FEATURELEVEL=3
[2018.07.13-06.51.55:341][  0]LightingResults: New page: 라이팅 빌드
[2018.07.13-06.51.55:819][  0]MapCheck: New page: 맵 체크
[2018.07.13-06.51.55:819][  0]LightingResults: New page: 라이팅 빌드
[2018.07.13-06.51.56:947][  0]LogAIModule: Creating AISystem for world ThirdPersonExampleMap
[2018.07.13-06.51.56:966][  0]LogEditorServer: Finished looking for orphan Actors (0.000 secs)
[2018.07.13-06.51.56:991][  0]Cmd: MAP CHECKDEP NOCLEARLOG
[2018.07.13-06.51.57:235][  0]MapCheck: 정보 맵 체크 완료: 오류 0 회, 경고 0 회, 소요 시간 243.166ms.
[2018.07.13-06.51.57:236][  0]LogFileHelpers: Loading map 'ThirdPersonExampleMap' took 1.900
[2018.07.13-06.51.57:844][  0]LogCollectionManager: Loaded 0 collections in 0.007310 seconds
[2018.07.13-06.51.58:240][  0]LogFileCache: Scanning file cache for directory 'C:/Users/DSM2018/Desktop/Epic/BPRPG1/Saved/Collections/' took 0.01s
[2018.07.13-06.51.58:240][  0]LogFileCache: Scanning file cache for directory 'C:/Users/DSM2018/Desktop/Epic/BPRPG1/Content/Developers/DSM2018/Collections/' took 0.01s
[2018.07.13-06.51.58:240][  0]LogFileCache: Scanning file cache for directory 'C:/Users/DSM2018/Desktop/Epic/BPRPG1/Content/Collections/' took 0.01s
[2018.07.13-06.51.58:240][  0]LogCollectionManager: Rebuilt the GUID cache for 0 collections in 0.000008 seconds
[2018.07.13-06.51.58:282][  0]LogContentBrowser: Native class hierarchy populated in 0.0405 seconds. Added 2329 classes and 491 folders.
[2018.07.13-06.51.58:766][  0]LogContentBrowser: Native class hierarchy updated for 'WidgetCarousel' in 0.0009 seconds. Added 0 classes and 0 folders.
[2018.07.13-06.51.59:228][  0]LogContentBrowser: Native class hierarchy updated for 'AddContentDialog' in 0.0024 seconds. Added 0 classes and 0 folders.
[2018.07.13-06.51.59:702][  0]LogContentBrowser: Native class hierarchy updated for 'WorldBrowser' in 0.0010 seconds. Added 1 classes and 3 folders.
[2018.07.13-06.52.00:025][  0]LogContentBrowser: Native class hierarchy updated for 'SceneOutliner' in 0.0015 seconds. Added 1 classes and 2 folders.
[2018.07.13-06.52.00:471][  0]LogCrashTracker: Crashtracker disabled due to settings.
[2018.07.13-06.52.00:483][  0]LogUObjectGlobals:Warning: 'Class 없음.' 오브젝트를 찾는 데 실패했습니다.
[2018.07.13-06.52.00:864][  0]LogContentBrowser: Native class hierarchy updated for 'HierarchicalLODOutliner' in 0.0023 seconds. Added 1 classes and 2 folders.
[2018.07.13-06.52.00:865][  0]LogLoad: (Engine Initialization) Total time: 102.79 seconds
[2018.07.13-06.52.00:865][  0]LogLoad: (Engine Initialization) Total Blueprint compile time: 0.58 seconds
[2018.07.13-06.52.00:865][  0]LogExternalProfiler: No external profilers were discovered.  External profiling features will not be available.
[2018.07.13-06.52.00:956][  0]LogWindowsTextInputMethodSystem:Display: IME system now activated using TSF (Microsoft 입력기).
[2018.07.13-06.52.00:974][  0]LogOcInput: OculusInput pre-init called
[2018.07.13-06.52.00:974][  0]LogHMD: Starting GearVRController plugin
[2018.07.13-06.52.01:005][  0]LogContentStreaming: Texture pool size now 800 MB
[2018.07.13-06.52.01:011][  0]LogSlate: Took 0.002690 seconds to synchronously load lazily loaded font '../../../Engine/Content/Slate/Fonts/Roboto-Regular.ttf' (155K)
[2018.07.13-06.52.01:020][  0]LogSlate: Took 0.006781 seconds to synchronously load lazily loaded font '../../../Engine/Content/Slate/Fonts/NanumGothic.ttf' (4243K)
[2018.07.13-06.52.01:027][  0]LogSlate: Took 0.001746 seconds to synchronously load lazily loaded font '../../../Engine/Content/Slate/Fonts/Roboto-Bold.ttf' (160K)
[2018.07.13-06.52.01:036][  0]LogSlate: Took 0.002375 seconds to synchronously load lazily loaded font '../../../Engine/Content/Editor/Slate/Fonts/FontAwesome.ttf' (139K)
[2018.07.13-06.52.01:261][  0]LogSlate: Took 0.002954 seconds to synchronously load lazily loaded font '../../../Engine/Content/Slate/Fonts/Roboto-Light.ttf' (159K)
[2018.07.13-06.52.01:434][  2]LogRenderer: Reallocating scene render targets to support 780x328 NumSamples 1 (Frame:1).
[2018.07.13-06.52.01:809][  3]LogAssetRegistry: Asset discovery search completed in 72.4327 seconds
[2018.07.13-06.52.01:815][  3]LogCollectionManager: Rebuilt the object cache for 0 collections in 0.000002 seconds (found 0 objects)
[2018.07.13-06.52.01:815][  3]LogCollectionManager: Fixed up redirectors for 0 collections in 0.000097 seconds (updated 0 objects)
[2018.07.13-06.52.10:715][480]LogRenderer: Reallocating scene render targets to support 820x340 NumSamples 1 (Frame:481).
[2018.07.13-06.52.15:487][746]LogAIModule: Creating AISystem for world Step3
[2018.07.13-06.52.17:880][884]LogSlate: Took 0.000335 seconds to synchronously load lazily loaded font '../../../Engine/Content/Slate/Fonts/Roboto-Light.ttf' (159K)
[2018.07.13-06.52.17:899][884]Cmd: MAP LOAD FILE="../../../../../../Users/DSM2018/Desktop/Epic/BPRPG1/Content/Maps/Step3.umap" TEMPLATE=0 SHOWPROGRESS=1 FEATURELEVEL=3
[2018.07.13-06.52.17:900][884]LightingResults: New page: 라이팅 빌드
[2018.07.13-06.52.17:901][884]LoadErrors: New page: 맵 로드중: Step3.umap
[2018.07.13-06.52.17:902][884]MapCheck: New page: 맵 체크
[2018.07.13-06.52.17:902][884]LightingResults: New page: 라이팅 빌드
[2018.07.13-06.52.17:999][884]LogEditorServer: Finished looking for orphan Actors (0.000 secs)
[2018.07.13-06.52.18:032][884]Cmd: MAP CHECKDEP NOCLEARLOG
[2018.07.13-06.52.18:386][884]MapCheck: 정보 맵 체크 완료: 오류 0 회, 경고 0 회, 소요 시간 353.404ms.
[2018.07.13-06.52.18:389][884]LogFileHelpers: Loading map 'Step3' took 0.490
[2018.07.13-06.53.18:754][994]LogEditorViewport: Clicking on Actor (context menu): BP_Sky_Sphere_C (Sky Sphere)
[2018.07.13-06.53.22:569][115]LogEditorViewport: Clicking on Actor (LMB): StaticMeshActor (SM_WALL_SQUARE)
[2018.07.13-06.53.31:579][392]LogActorFactory: Actor Factory created SM_Middle
[2018.07.13-06.53.32:040][407]LogActorFactory: Actor Factory created SM_Middle
[2018.07.13-06.53.33:132][433]LogEditorViewport: Clicking on Actor (LMB): StaticMeshActor (SM_Middle)
[2018.07.13-06.53.42:931][775]LogEditorViewport: Clicking on Actor (LMB): StaticMeshActor (SM_Middle)
[2018.07.13-06.53.47:227][  1]LogEditorViewport: Clicking on Actor (LMB): StaticMeshActor (SM_WALL_SQUARE)
[2018.07.13-06.53.53:026][292]LogEditorViewport: Clicking Background
[2018.07.13-06.53.58:621][598]LogEditorViewport: Clicking on Actor (LMB): StaticMeshActor (SM_Middle)
[2018.07.13-06.54.03:883][884]LogEditorViewport: Clicking on Actor (LMB): StaticMeshActor (SM_WALL_SQUARE)
[2018.07.13-06.54.32:124][366]LogEditorViewport: Clicking on Actor (LMB): StaticMeshActor (SM_Middle)
[2018.07.13-06.55.32:585][482]LogEditorViewport: Clicking on Actor (LMB): StaticMeshActor (SM_Middle)
[2018.07.13-06.56.01:354][539]LogEditorViewport: Clicking on Actor (LMB): StaticMeshActor (SM_WALL_SQUARE)
[2018.07.13-06.56.12:409][122]LogEditorViewport: Clicking on Actor (LMB): StaticMeshActor (SM_WALL_SQUARE)
[2018.07.13-06.57.31:695][575]LogEditorViewport: Clicking on Actor (LMB): StaticMeshActor (SM_WALL_SQUARE)
[2018.07.13-06.57.35:106][760]LogEditorViewport: Clicking on Actor (LMB): StaticMeshActor (SM_WALL_SQUARE)
[2018.07.13-06.57.44:079][248]LogEditorViewport: Clicking on Actor (LMB): StaticMeshActor (SM_WALL_SQUARE)
[2018.07.13-06.57.45:389][325]LogEditorViewport: Clicking on Actor (LMB): StaticMeshActor (SM_WALL_SQUARE)
[2018.07.13-06.57.48:236][487]LogEditorViewport: Clicking on Actor (context menu): StaticMeshActor (SM_WALL_SQUARE)
[2018.07.13-06.57.52:127][661]Cmd: PIVOT HERE
[2018.07.13-06.57.55:657][849]LogEditorViewport: Clicking on Actor (LMB): StaticMeshActor (SM_Middle)
[2018.07.13-06.57.57:802][918]LogEditorViewport: Clicking on Actor (LMB): StaticMeshActor (SM_WALL_SQUARE)
[2018.07.13-06.58.19:797][905]LogEditorViewport: Clicking on Actor (LMB): StaticMeshActor (SM_WALL_SQUARE)
[2018.07.13-06.58.54:222][448]Cmd: OBJ SAVEPACKAGE PACKAGE="/Game/Maps/Step3" FILE="../../../../../../Users/DSM2018/Desktop/Epic/BPRPG1/Content/Maps/Step3.umap" SILENT=true AUTOSAVING=false KEEPDIRTY=false
[2018.07.13-06.58.54:376][448]LogSavePackage: Save=121.70ms
[2018.07.13-06.58.54:377][448]LogSavePackage: Moving '../../../../../../Users/DSM2018/Desktop/Epic/BPRPG1/Saved/Step35F1397EF4DF7FDB722903DB56DFB31F9.tmp' to '../../../../../../Users/DSM2018/Desktop/Epic/BPRPG1/Content/Maps/Step3.umap'
[2018.07.13-06.58.54:392][448]LogSavePackage:Display: Finished SavePackage ../../../../../../Users/DSM2018/Desktop/Epic/BPRPG1/Content/Maps/Step3.umap
[2018.07.13-06.58.54:439][448]LogFileHelpers: Saving map 'Step3' took 0.483
[2018.07.13-06.58.55:318][483]Cmd: QUIT_EDITOR
[2018.07.13-06.58.55:352][483]LogWindowsTextInputMethodSystem:Display: IME system now activated using TSF (Microsoft 입력기).
[2018.07.13-06.58.55:372][483]LogExit: Preparing to exit.
[2018.07.13-06.58.56:418][483]LogDirectoryWatcher: A directory notification for 'C:/Users/DSM2018/Desktop/Epic/BPRPG1/Content/' was aborted.
[2018.07.13-06.58.56:447][483]LogExit: Editor shut down
[2018.07.13-06.58.56:452][483]LogExit: Transaction tracking system shut down
[2018.07.13-06.58.56:545][483]LogObj: Freed 0b from 0 cluster array pools.
[2018.07.13-06.58.56:545][483]LogExit: Object subsystem successfully closed.
[2018.07.13-06.58.56:586][483]LogD3D11RHI: Shutdown
[2018.07.13-06.58.56:586][483]LogD3D11RHI: CleanupD3DDevice
[2018.07.13-06.58.57:141][483]LogD3D11RHI: ~FD3D11DynamicRHI
[2018.07.13-06.58.57:311][483]LogModuleManager: Shutting down and abandoning module HierarchicalLODOutliner (526)
[2018.07.13-06.58.57:311][483]LogModuleManager: Shutting down and abandoning module CrashTracker (524)
[2018.07.13-06.58.57:311][483]LogModuleManager: Shutting down and abandoning module SceneOutliner (522)
[2018.07.13-06.58.57:311][483]LogModuleManager: Shutting down and abandoning module WorldBrowser (520)
[2018.07.13-06.58.57:311][483]LogModuleManager: Shutting down and abandoning module AddContentDialog (518)
[2018.07.13-06.58.57:311][483]LogDirectoryWatcher: A directory notification for 'C:/Program Files/Epic Games/UE_4.16/FeaturePacks/' was aborted.
[2018.07.13-06.58.57:313][483]LogModuleManager: Shutting down and abandoning module WidgetCarousel (517)
[2018.07.13-06.58.57:313][483]LogModuleManager: Shutting down and abandoning module EditorWidgets (514)
[2018.07.13-06.58.57:313][483]LogModuleManager: Shutting down and abandoning module CollectionManager (512)
[2018.07.13-06.58.57:313][483]LogDirectoryWatcher: A directory notification for 'C:/Users/DSM2018/Desktop/Epic/BPRPG1/Content/Collections/' was aborted.
[2018.07.13-06.58.57:314][483]LogDirectoryWatcher: A directory notification for 'C:/Users/DSM2018/Desktop/Epic/BPRPG1/Content/Developers/DSM2018/Collections/' was aborted.
[2018.07.13-06.58.57:314][483]LogDirectoryWatcher: A directory notification for 'C:/Users/DSM2018/Desktop/Epic/BPRPG1/Saved/Collections/' was aborted.
[2018.07.13-06.58.57:314][483]LogModuleManager: Shutting down and abandoning module StatsViewer (510)
[2018.07.13-06.58.57:314][483]LogModuleManager: Shutting down and abandoning module FoliageEdit (508)
[2018.07.13-06.58.57:314][483]LogModuleManager: Shutting down and abandoning module LandscapeEditor (506)
[2018.07.13-06.58.57:315][483]LogModuleManager: Shutting down and abandoning module MeshPaintMode (504)
[2018.07.13-06.58.57:315][483]LogModuleManager: Shutting down and abandoning module SceneDepthPickerMode (502)
[2018.07.13-06.58.57:315][483]LogModuleManager: Shutting down and abandoning module ActorPickerMode (500)
[2018.07.13-06.58.57:315][483]LogModuleManager: Shutting down and abandoning module GeometryMode (498)
[2018.07.13-06.58.57:315][483]LogModuleManager: Shutting down and abandoning module TextureAlignMode (496)
[2018.07.13-06.58.57:315][483]LogModuleManager: Shutting down and abandoning module BspMode (494)
[2018.07.13-06.58.57:315][483]LogModuleManager: Shutting down and abandoning module HardwareSurvey (492)
[2018.07.13-06.58.57:315][483]LogModuleManager: Shutting down and abandoning module SequenceRecorderSections (490)
[2018.07.13-06.58.57:315][483]LogModuleManager: Shutting down and abandoning module AutomationWorker (488)
[2018.07.13-06.58.57:315][483]LogModuleManager: Shutting down and abandoning module MatineeToLevelSequence (486)
[2018.07.13-06.58.57:315][483]LogModuleManager: Shutting down and abandoning module LevelSequenceEditor (484)
[2018.07.13-06.58.57:316][483]LogModuleManager: Shutting down and abandoning module PlacementMode (483)
[2018.07.13-06.58.57:316][483]LogModuleManager: Shutting down and abandoning module WmfMediaFactory (480)
[2018.07.13-06.58.57:316][483]LogModuleManager: Shutting down and abandoning module WmfMediaEditor (478)
[2018.07.13-06.58.57:316][483]LogModuleManager: Shutting down and abandoning module AvfMediaFactory (476)
[2018.07.13-06.58.57:316][483]LogModuleManager: Shutting down and abandoning module AvfMediaEditor (474)
[2018.07.13-06.58.57:316][483]LogModuleManager: Shutting down and abandoning module AndroidMediaFactory (472)
[2018.07.13-06.58.57:316][483]LogModuleManager: Shutting down and abandoning module Media (471)
[2018.07.13-06.58.57:316][483]LogModuleManager: Shutting down and abandoning module AndroidMediaEditor (468)
[2018.07.13-06.58.57:316][483]LogModuleManager: Shutting down and abandoning module CharacterAI (466)
[2018.07.13-06.58.57:316][483]LogModuleManager: Shutting down and abandoning module AudioCapture (464)
[2018.07.13-06.58.57:316][483]LogModuleManager: Shutting down and abandoning module SequenceRecorder (463)
[2018.07.13-06.58.57:317][483]LogModuleManager: Shutting down and abandoning module SmartSnapping (460)
[2018.07.13-06.58.57:317][483]LogModuleManager: Shutting down and abandoning module SessionServices (458)
[2018.07.13-06.58.57:317][483]LogModuleManager: Shutting down and abandoning module ViewportSnapping (456)
[2018.07.13-06.58.57:317][483]LogModuleManager: Shutting down and abandoning module ViewportInteraction (454)
[2018.07.13-06.58.57:317][483]LogModuleManager: Shutting down and abandoning module ClothPainter (452)
[2018.07.13-06.58.57:317][483]LogModuleManager: Shutting down and abandoning module LogVisualizer (450)
[2018.07.13-06.58.57:317][483]LogModuleManager: Shutting down and abandoning module IntroTutorials (448)
[2018.07.13-06.58.57:318][483]LogModuleManager: Shutting down and abandoning module GameProjectGeneration (447)
[2018.07.13-06.58.57:319][483]LogModuleManager: Shutting down and abandoning module EditorLiveStreaming (444)
[2018.07.13-06.58.57:319][483]LogModuleManager: Shutting down and abandoning module IOSPlatformEditor (442)
[2018.07.13-06.58.57:319][483]LogModuleManager: Shutting down and abandoning module HTML5PlatformEditor (440)
[2018.07.13-06.58.57:319][483]LogModuleManager: Shutting down and abandoning module AndroidPlatformEditor (438)
[2018.07.13-06.58.57:319][483]LogModuleManager: Shutting down and abandoning module AndroidDeviceDetection (437)
[2018.07.13-06.58.57:722][483]LogModuleManager: Shutting down and abandoning module IOSRuntimeSettings (434)
[2018.07.13-06.58.57:722][483]LogModuleManager: Shutting down and abandoning module AndroidRuntimeSettings (432)
[2018.07.13-06.58.57:722][483]LogModuleManager: Shutting down and abandoning module InputBindingEditor (430)
[2018.07.13-06.58.57:722][483]LogModuleManager: Shutting down and abandoning module MergeActors (428)
[2018.07.13-06.58.57:722][483]LogModuleManager: Shutting down and abandoning module SizeMap (426)
[2018.07.13-06.58.57:722][483]LogModuleManager: Shutting down and abandoning module TreeMap (424)
[2018.07.13-06.58.57:722][483]LogModuleManager: Shutting down and abandoning module ReferenceViewer (422)
[2018.07.13-06.58.57:722][483]LogModuleManager: Shutting down and abandoning module LocalizationDashboard (420)
[2018.07.13-06.58.57:723][483]LogModuleManager: Shutting down and abandoning module LocalizationService (419)
[2018.07.13-06.58.57:724][483]LogModuleManager: Shutting down and abandoning module HardwareTargeting (416)
[2018.07.13-06.58.57:724][483]LogModuleManager: Shutting down and abandoning module DeviceProfileEditor (414)
[2018.07.13-06.58.57:724][483]LogModuleManager: Shutting down and abandoning module UndoHistory (412)
[2018.07.13-06.58.57:724][483]LogModuleManager: Shutting down and abandoning module UserFeedback (410)
[2018.07.13-06.58.57:724][483]LogModuleManager: Shutting down and abandoning module XmlParser (408)
[2018.07.13-06.58.57:724][483]LogModuleManager: Shutting down and abandoning module Blutility (406)
[2018.07.13-06.58.57:724][483]LogModuleManager: Shutting down and abandoning module ProjectSettingsViewer (404)
[2018.07.13-06.58.57:724][483]LogModuleManager: Shutting down and abandoning module ProjectTargetPlatformEditor (403)
[2018.07.13-06.58.57:724][483]LogModuleManager: Shutting down and abandoning module EditorSettingsViewer (400)
[2018.07.13-06.58.57:724][483]LogModuleManager: Shutting down and abandoning module SettingsEditor (398)
[2018.07.13-06.58.57:724][483]LogModuleManager: Shutting down and abandoning module ProjectLauncher (396)
[2018.07.13-06.58.57:726][483]LogModuleManager: Shutting down and abandoning module SessionFrontend (394)
[2018.07.13-06.58.57:726][483]LogModuleManager: Shutting down and abandoning module ProfilerClient (392)
[2018.07.13-06.58.57:726][483]LogModuleManager: Shutting down and abandoning module DeviceManager (390)
[2018.07.13-06.58.57:726][483]LogModuleManager: Shutting down and abandoning module TargetDeviceServices (389)
[2018.07.13-06.58.57:781][483]LogModuleManager: Shutting down and abandoning module AutomationController (386)
[2018.07.13-06.58.57:781][483]LogModuleManager: Shutting down and abandoning module AutomationWindow (384)
[2018.07.13-06.58.57:782][483]LogModuleManager: Shutting down and abandoning module Layers (382)
[2018.07.13-06.58.57:783][483]LogModuleManager: Shutting down and abandoning module ComponentVisualizers (380)
[2018.07.13-06.58.57:783][483]LogModuleManager: Shutting down and abandoning module DetailCustomizations (378)
[2018.07.13-06.58.57:783][483]LogModuleManager: Shutting down and abandoning module PackagesDialog (376)
[2018.07.13-06.58.57:783][483]LogModuleManager: Shutting down and abandoning module Persona (374)
[2018.07.13-06.58.57:784][483]LogModuleManager: Shutting down and abandoning module AdvancedPreviewScene (373)
[2018.07.13-06.58.57:784][483]LogModuleManager: Shutting down and abandoning module AnimGraph (371)
[2018.07.13-06.58.57:784][483]LogModuleManager: Shutting down and abandoning module Kismet (368)
[2018.07.13-06.58.57:785][483]LogModuleManager: Shutting down and abandoning module ClassViewer (366)
[2018.07.13-06.58.57:785][483]LogModuleManager: Shutting down and abandoning module Toolbox (364)
[2018.07.13-06.58.57:786][483]LogModuleManager: Shutting down and abandoning module ModuleUI (362)
[2018.07.13-06.58.57:786][483]LogModuleManager: Shutting down and abandoning module MovieSceneTools (360)
[2018.07.13-06.58.57:787][483]LogModuleManager: Shutting down and abandoning module OutputLog (358)
[2018.07.13-06.58.57:787][483]LogModuleManager: Shutting down and abandoning module GammaUI (356)
[2018.07.13-06.58.57:787][483]LogModuleManager: Shutting down and abandoning module Documentation (354)
[2018.07.13-06.58.57:787][483]LogModuleManager: Shutting down and abandoning module MovieSceneTracks (352)
[2018.07.13-06.58.57:787][483]LogModuleManager: Shutting down and abandoning module MovieScene (350)
[2018.07.13-06.58.57:787][483]LogModuleManager: Shutting down and abandoning module Niagara (348)
[2018.07.13-06.58.57:787][483]LogModuleManager: Shutting down and abandoning module NiagaraEditor (347)
[2018.07.13-06.58.57:788][483]LogModuleManager: Shutting down and abandoning module StreamingPauseRendering (344)
[2018.07.13-06.58.57:788][483]LogModuleManager: Shutting down and abandoning module AnalyticsET (342)
[2018.07.13-06.58.57:788][483]LogModuleManager: Shutting down and abandoning module PortalServices (340)
[2018.07.13-06.58.57:788][483]LogModuleManager: Shutting down and abandoning module PortalRpc (338)
[2018.07.13-06.58.57:788][483]LogModuleManager: Shutting down and abandoning module MessagingRpc (336)
[2018.07.13-06.58.57:788][483]LogModuleManager: Shutting down and abandoning module AIModule (334)
[2018.07.13-06.58.57:788][483]LogModuleManager: Shutting down and abandoning module GameplayDebugger (333)
[2018.07.13-06.58.57:788][483]LogModuleManager: Shutting down and abandoning module AITestSuite (331)
[2018.07.13-06.58.57:789][483]LogModuleManager: Shutting down and abandoning module ProfilerService (328)
[2018.07.13-06.58.57:867][483]LogModuleManager: Shutting down and abandoning module TaskGraph (326)
[2018.07.13-06.58.57:867][483]LogModuleManager: Shutting down and abandoning module SteamVRController (324)
[2018.07.13-06.58.57:867][483]LogModuleManager: Shutting down and abandoning module SteamVR (322)
[2018.07.13-06.58.57:867][483]LogModuleManager: Shutting down and abandoning module ProceduralMeshComponentEditor (320)
[2018.07.13-06.58.57:867][483]LogModuleManager: Shutting down and abandoning module ProceduralMeshComponent (318)
[2018.07.13-06.58.57:868][483]LogModuleManager: Shutting down and abandoning module OculusLibrary (316)
[2018.07.13-06.58.57:868][483]LogModuleManager: Shutting down and abandoning module OculusInput (314)
[2018.07.13-06.58.57:868][483]LogModuleManager: Shutting down and abandoning module MobilePatchingUtils (312)
[2018.07.13-06.58.57:868][483]LogModuleManager: Shutting down and abandoning module CustomMeshComponent (310)
[2018.07.13-06.58.57:868][483]LogModuleManager: Shutting down and abandoning module CableComponent (308)
[2018.07.13-06.58.57:868][483]LogModuleManager: Shutting down and abandoning module ArchVisCharacter (306)
[2018.07.13-06.58.57:868][483]LogModuleManager: Shutting down and abandoning module AndroidPermission (304)
[2018.07.13-06.58.57:868][483]LogModuleManager: Shutting down and abandoning module MediaPlayerEditor (300)
[2018.07.13-06.58.57:868][483]LogModuleManager: Shutting down and abandoning module HTML5Networking (298)
[2018.07.13-06.58.57:868][483]LogModuleManager: Shutting down and abandoning module AlembicImporter (296)
[2018.07.13-06.58.57:868][483]LogModuleManager: Shutting down and abandoning module AlembicLibrary (295)
[2018.07.13-06.58.57:868][483]LogModuleManager: Shutting down and abandoning module GeometryCache (294)
[2018.07.13-06.58.57:868][483]LogModuleManager: Shutting down and abandoning module GeometryCacheEd (293)
[2018.07.13-06.58.57:868][483]LogModuleManager: Shutting down and abandoning module SuperSearchEditor (288)
[2018.07.13-06.58.57:868][483]LogModuleManager: Shutting down and abandoning module SuperSearch (287)
[2018.07.13-06.58.57:868][483]LogModuleManager: Shutting down and abandoning module SpeedTreeImporter (284)
[2018.07.13-06.58.57:868][483]LogModuleManager: Shutting down and abandoning module PluginBrowser (282)
[2018.07.13-06.58.57:868][483]LogModuleManager: Shutting down and abandoning module MobileLauncherProfileWizard (280)
[2018.07.13-06.58.57:869][483]LogModuleManager: Shutting down and abandoning module VisualStudioSourceCodeAccess (278)
[2018.07.13-06.58.57:869][483]LogModuleManager: Shutting down and abandoning module DesktopPlatform (277)
[2018.07.13-06.58.57:869][483]LogModuleManager: Shutting down and abandoning module UObjectPlugin (274)
[2018.07.13-06.58.57:869][483]LogModuleManager: Shutting down and abandoning module SubversionSourceControl (272)
[2018.07.13-06.58.57:869][483]LogModuleManager: Shutting down and abandoning module PerforceSourceControl (270)
[2018.07.13-06.58.57:869][483]LogModuleManager: Shutting down and abandoning module GitSourceControl (268)
[2018.07.13-06.58.57:869][483]LogModuleManager: Shutting down and abandoning module SourceControl (267)
[2018.07.13-06.58.57:869][483]LogModuleManager: Shutting down and abandoning module LightPropagationVolumeEditor (264)
[2018.07.13-06.58.57:869][483]LogModuleManager: Shutting down and abandoning module PaperTiledImporter (262)
[2018.07.13-06.58.57:869][483]LogModuleManager: Shutting down and abandoning module PaperSpriteSheetImporter (260)
[2018.07.13-06.58.57:869][483]LogModuleManager: Shutting down and abandoning module Paper2DEditor (258)
[2018.07.13-06.58.57:869][483]LogModuleManager: Shutting down and abandoning module MeshPaint (257)
[2018.07.13-06.58.57:869][483]LogModuleManager: Shutting down and abandoning module LevelEditor (255)
[2018.07.13-06.58.57:872][483]LogModuleManager: Shutting down and abandoning module PixelInspectorModule (254)
[2018.07.13-06.58.57:872][483]LogModuleManager: Shutting down and abandoning module MainFrame (252)
[2018.07.13-06.58.57:872][483]LogModuleManager: Shutting down and abandoning module HotReload (251)
[2018.07.13-06.58.57:875][483]LogModuleManager: Shutting down and abandoning module PhysXVehiclesEditor (246)
[2018.07.13-06.58.57:875][483]LogModuleManager: Shutting down and abandoning module PhysXVehicles (244)
[2018.07.13-06.58.57:875][483]LogModuleManager: Shutting down and abandoning module LocationServicesBPLibrary (242)
[2018.07.13-06.58.57:875][483]LogModuleManager: Shutting down and abandoning module ImmediatePhysicsEditor (240)
[2018.07.13-06.58.57:875][483]LogModuleManager: Shutting down and abandoning module ImmediatePhysics (238)
[2018.07.13-06.58.57:875][483]LogModuleManager: Shutting down and abandoning module UdpMessaging (236)
[2018.07.13-06.58.57:976][483]LogModuleManager: Shutting down and abandoning module TcpMessaging (234)
[2018.07.13-06.58.58:077][483]LogModuleManager: Shutting down and abandoning module GameplayTagsEditor (232)
[2018.07.13-06.58.58:078][483]LogModuleManager: Shutting down and abandoning module FacialAnimationEditor (230)
[2018.07.13-06.58.58:078][483]LogModuleManager: Shutting down and abandoning module FacialAnimation (228)
[2018.07.13-06.58.58:078][483]LogModuleManager: Shutting down and abandoning module AssetManagerEditor (226)
[2018.07.13-06.58.58:078][483]LogModuleManager: Shutting down and abandoning module GraphEditor (225)
[2018.07.13-06.58.58:082][483]LogModuleManager: Shutting down and abandoning module ContentBrowser (223)
[2018.07.13-06.58.58:085][483]LogModuleManager: Shutting down and abandoning module LightPropagationVolumeRuntime (220)
[2018.07.13-06.58.58:085][483]LogModuleManager: Shutting down and abandoning module Paper2D (218)
[2018.07.13-06.58.58:086][483]LogModuleManager: Shutting down and abandoning module WindowsMoviePlayer (216)
[2018.07.13-06.58.58:086][483]LogModuleManager: Shutting down and abandoning module WmfMedia (214)
[2018.07.13-06.58.58:092][483]LogModuleManager: Shutting down and abandoning module ClothingSystemEditor (212)
[2018.07.13-06.58.58:092][483]LogModuleManager: Shutting down and abandoning module ClothingSystemRuntime (210)
[2018.07.13-06.58.58:092][483]LogModuleManager: Shutting down and abandoning module MediaAssets (208)
[2018.07.13-06.58.58:092][483]LogModuleManager: Shutting down and abandoning module GameLiveStreaming (206)
[2018.07.13-06.58.58:092][483]LogModuleManager: Shutting down and abandoning module VREditor (204)
[2018.07.13-06.58.58:093][483]LogModuleManager: Shutting down and abandoning module StringTableEditor (202)
[2018.07.13-06.58.58:093][483]LogModuleManager: Shutting down and abandoning module GameplayTasksEditor (200)
[2018.07.13-06.58.58:093][483]LogModuleManager: Shutting down and abandoning module BehaviorTreeEditor (198)
[2018.07.13-06.58.58:093][483]LogModuleManager: Shutting down and abandoning module FunctionalTesting (196)
[2018.07.13-06.58.58:093][483]LogModuleManager: Shutting down and abandoning module CollisionAnalyzer (194)
[2018.07.13-06.58.58:094][483]LogModuleManager: Shutting down and abandoning module UMG (192)
[2018.07.13-06.58.58:094][483]LogModuleManager: Shutting down and abandoning module UMGEditor (191)
[2018.07.13-06.58.58:095][483]LogModuleManager: Shutting down and abandoning module Sequencer (190)
[2018.07.13-06.58.58:096][483]LogModuleManager: Shutting down and abandoning module AssetTools (188)
[2018.07.13-06.58.58:097][483]LogModuleManager: Shutting down and abandoning module MessageLog (187)
[2018.07.13-06.58.58:097][483]LogModuleManager: Shutting down and abandoning module WorkspaceMenuStructure (186)
[2018.07.13-06.58.58:097][483]LogModuleManager: Shutting down and abandoning module SlateReflector (180)
[2018.07.13-06.58.58:097][483]LogModuleManager: Shutting down and abandoning module Slate (178)
[2018.07.13-06.58.58:097][483]LogModuleManager: Shutting down and abandoning module EditorStyle (176)
[2018.07.13-06.58.58:112][483]LogModuleManager: Shutting down and abandoning module SourceCodeAccess (174)
[2018.07.13-06.58.58:112][483]LogModuleManager: Shutting down and abandoning module HeadMountedDisplay (172)
[2018.07.13-06.58.58:112][483]LogModuleManager: Shutting down and abandoning module XAudio2 (170)
[2018.07.13-06.58.58:112][483]LogModuleManager: Shutting down and abandoning module Networking (168)
[2018.07.13-06.58.58:112][483]LogModuleManager: Shutting down and abandoning module Core (164)
[2018.07.13-06.58.58:112][483]LogModuleManager: Shutting down and abandoning module AssetRegistry (162)
[2018.07.13-06.58.58:370][483]LogDirectoryWatcher: A directory notification for '../../../Engine/Content/' was aborted.
[2018.07.13-06.58.58:371][483]LogDirectoryWatcher: A directory notification for '../../../../../../Users/DSM2018/Desktop/Epic/BPRPG1/Content/' was aborted.
[2018.07.13-06.58.58:371][483]LogDirectoryWatcher: A directory notification for '../../../Engine/Plugins/2D/Paper2D/Content/' was aborted.
[2018.07.13-06.58.58:372][483]LogDirectoryWatcher: A directory notification for '../../../Engine/Plugins/Runtime/GearVR/Content/' was aborted.
[2018.07.13-06.58.58:383][483]LogModuleManager: Shutting down and abandoning module DirectoryWatcher (161)
[2018.07.13-06.58.58:385][483]LogModuleManager: Shutting down and abandoning module KismetCompiler (158)
[2018.07.13-06.58.58:385][483]LogModuleManager: Shutting down and abandoning module LevelSequence (156)
[2018.07.13-06.58.58:385][483]LogModuleManager: Shutting down and abandoning module PhysXFormats (154)
[2018.07.13-06.58.58:385][483]LogModuleManager: Shutting down and abandoning module MeshUtilities (152)
[2018.07.13-06.58.58:385][483]LogModuleManager: Shutting down and abandoning module SimplygonSwarm (151)
[2018.07.13-06.58.58:385][483]LogModuleManager: Shutting down and abandoning module SimplygonMeshReduction (149)
[2018.07.13-06.58.58:385][483]LogModuleManager: Shutting down and abandoning module QuadricMeshReduction (147)
[2018.07.13-06.58.58:385][483]LogModuleManager: Shutting down and abandoning module DerivedDataCache (144)
[2018.07.13-06.58.58:410][483]LogDerivedDataCache: Shutdown
[2018.07.13-06.58.58:410][483]LogModuleManager: Shutting down and abandoning module TargetPlatform (142)
[2018.07.13-06.58.58:410][483]LogModuleManager: Shutting down and abandoning module VulkanShaderFormat (141)
[2018.07.13-06.58.58:410][483]LogModuleManager: Shutting down and abandoning module ShaderFormatVectorVM (139)
[2018.07.13-06.58.58:411][483]LogModuleManager: Shutting down and abandoning module ShaderFormatOpenGL (137)
[2018.07.13-06.58.58:411][483]LogModuleManager: Shutting down and abandoning module ShaderFormatD3D (135)
[2018.07.13-06.58.58:411][483]LogModuleManager: Shutting down and abandoning module MetalShaderFormat (133)
[2018.07.13-06.58.58:411][483]LogModuleManager: Shutting down and abandoning module TextureFormatUncompressed (131)
[2018.07.13-06.58.58:411][483]LogModuleManager: Shutting down and abandoning module TextureFormatPVR (129)
[2018.07.13-06.58.58:411][483]LogModuleManager: Shutting down and abandoning module TextureFormatDXT (127)
[2018.07.13-06.58.58:411][483]LogModuleManager: Shutting down and abandoning module TextureFormatIntelISPCTexComp (125)
[2018.07.13-06.58.58:411][483]LogModuleManager: Shutting down and abandoning module TextureFormatASTC (123)
[2018.07.13-06.58.58:411][483]LogModuleManager: Shutting down and abandoning module ImageWrapper (122)
[2018.07.13-06.58.58:411][483]LogModuleManager: Shutting down and abandoning module TextureFormatAndroid (119)
[2018.07.13-06.58.58:411][483]LogModuleManager: Shutting down and abandoning module AudioFormatOpus (117)
[2018.07.13-06.58.58:411][483]LogModuleManager: Shutting down and abandoning module AudioFormatOgg (115)
[2018.07.13-06.58.58:411][483]LogModuleManager: Shutting down and abandoning module AudioFormatADPCM (113)
[2018.07.13-06.58.58:411][483]LogModuleManager: Shutting down and abandoning module LinuxTargetPlatform (111)
[2018.07.13-06.58.58:411][483]LogModuleManager: Shutting down and abandoning module LinuxServerTargetPlatform (109)
[2018.07.13-06.58.58:411][483]LogModuleManager: Shutting down and abandoning module LinuxNoEditorTargetPlatform (107)
[2018.07.13-06.58.58:411][483]LogModuleManager: Shutting down and abandoning module LinuxClientTargetPlatform (105)
[2018.07.13-06.58.58:411][483]LogModuleManager: Shutting down and abandoning module TVOSTargetPlatform (103)
[2018.07.13-06.58.58:412][483]LogModuleManager: Shutting down and abandoning module Messaging (101)
[2018.07.13-06.58.58:412][483]LogModuleManager: Shutting down and abandoning module IOSTargetPlatform (99)
[2018.07.13-06.58.58:412][483]LogModuleManager: Shutting down and abandoning module HTML5TargetPlatform (97)
[2018.07.13-06.58.58:412][483]LogModuleManager: Shutting down and abandoning module Android_PVRTCTargetPlatform (95)
[2018.07.13-06.58.58:412][483]LogModuleManager: Shutting down and abandoning module Android_MultiTargetPlatform (93)
[2018.07.13-06.58.58:412][483]LogModuleManager: Shutting down and abandoning module Android_ETC2TargetPlatform (91)
[2018.07.13-06.58.58:412][483]LogModuleManager: Shutting down and abandoning module Android_ETC1TargetPlatform (89)
[2018.07.13-06.58.58:412][483]LogModuleManager: Shutting down and abandoning module Android_DXTTargetPlatform (87)
[2018.07.13-06.58.58:412][483]LogModuleManager: Shutting down and abandoning module Android_ATCTargetPlatform (85)
[2018.07.13-06.58.58:412][483]LogModuleManager: Shutting down and abandoning module Android_ASTCTargetPlatform (83)
[2018.07.13-06.58.58:412][483]LogModuleManager: Shutting down and abandoning module AndroidTargetPlatform (81)
[2018.07.13-06.58.58:412][483]LogModuleManager: Shutting down and abandoning module WindowsTargetPlatform (79)
[2018.07.13-06.58.58:412][483]LogModuleManager: Shutting down and abandoning module WindowsServerTargetPlatform (77)
[2018.07.13-06.58.58:412][483]LogModuleManager: Shutting down and abandoning module WindowsNoEditorTargetPlatform (75)
[2018.07.13-06.58.58:412][483]LogModuleManager: Shutting down and abandoning module WindowsClientTargetPlatform (73)
[2018.07.13-06.58.58:412][483]LogModuleManager: Shutting down and abandoning module MacTargetPlatform (71)
[2018.07.13-06.58.58:412][483]LogModuleManager: Shutting down and abandoning module MacServerTargetPlatform (69)
[2018.07.13-06.58.58:412][483]LogModuleManager: Shutting down and abandoning module MacNoEditorTargetPlatform (67)
[2018.07.13-06.58.58:412][483]LogModuleManager: Shutting down and abandoning module MacClientTargetPlatform (65)
[2018.07.13-06.58.58:412][483]LogModuleManager: Shutting down and abandoning module AllDesktopTargetPlatform (63)
[2018.07.13-06.58.58:412][483]LogModuleManager: Shutting down and abandoning module InputCore (60)
[2018.07.13-06.58.58:412][483]LogModuleManager: Shutting down and abandoning module Settings (58)
[2018.07.13-06.58.58:412][483]LogModuleManager: Shutting down and abandoning module OculusRift (56)
[2018.07.13-06.58.58:412][483]LogModuleManager: Shutting down and abandoning module GearVRController (54)
[2018.07.13-06.58.58:412][483]LogModuleManager: Shutting down and abandoning module GearVR (52)
[2018.07.13-06.58.58:413][483]LogModuleManager: Shutting down and abandoning module ExampleDeviceProfileSelector (50)
[2018.07.13-06.58.58:413][483]LogModuleManager: Shutting down and abandoning module OnlineBlueprintSupport (48)
[2018.07.13-06.58.58:413][483]LogModuleManager: Shutting down and abandoning module OnlineSubsystem (44)
[2018.07.13-06.58.58:413][483]LogOnline:Display: Unloading online subsystem: NULL
[2018.07.13-06.58.58:413][483]LogModuleManager: Shutting down and abandoning module XMPP (43)
[2018.07.13-06.58.58:414][483]LogModuleManager: Shutting down and abandoning module HTTP (41)
[2018.07.13-06.58.58:414][483]LogHttp:Display: Http module shutting down, but needs to wait on 1 outstanding Http requests:
[2018.07.13-06.58.58:414][483]LogHttp:Display: 	verb=[POST] url=[https://datarouter.ol.epicgames.com/datarouter/api/v1/public/data?SessionID=%7BF1160232-49CB-7603-0984-9985EFE4EF2D%7D&AppID=UEEditor.Rocket.Release&AppVersion=4.16.3-3561208%2B%2B%2BUE4%2BRelease-4.16&UserID=fd9b53ad40af711350424584bbc00e4f%7C7f9697d497024c88af204dcfc766d70a%7C040d2413-5235-416e-a007-363c225b842f&AppEnvironment=datacollector-binary&UploadType=eteventstream] status=Processing
[2018.07.13-06.58.58:449][483]LogModuleManager: Shutting down and abandoning module SSL (40)
[2018.07.13-06.58.58:455][483]LogModuleManager: Shutting down and abandoning module HTTPChunkInstaller (36)
[2018.07.13-06.58.58:455][483]LogModuleManager: Shutting down and abandoning module AnimationModifiers (34)
[2018.07.13-06.58.58:456][483]LogModuleManager: Shutting down and abandoning module PropertyEditor (33)
[2018.07.13-06.58.58:456][483]LogModuleManager: Shutting down and abandoning module AudioEditor (30)
[2018.07.13-06.58.58:456][483]LogModuleManager: Shutting down and abandoning module TextureCompressor (28)
[2018.07.13-06.58.58:456][483]LogModuleManager: Shutting down and abandoning module ShaderCore (26)
[2018.07.13-06.58.58:456][483]LogModuleManager: Shutting down and abandoning module Landscape (24)
[2018.07.13-06.58.58:456][483]LogModuleManager: Shutting down and abandoning module SlateRHIRenderer (22)
[2018.07.13-06.58.58:463][483]LogModuleManager: Shutting down and abandoning module OpenGLDrv (20)
[2018.07.13-06.58.58:464][483]LogModuleManager: Shutting down and abandoning module D3D11RHI (18)
[2018.07.13-06.58.58:465][483]LogModuleManager: Shutting down and abandoning module AnimGraphRuntime (16)
[2018.07.13-06.58.58:465][483]LogModuleManager: Shutting down and abandoning module Renderer (14)
[2018.07.13-06.58.58:465][483]LogModuleManager: Shutting down and abandoning module Engine (12)
[2018.07.13-06.58.58:465][483]LogModuleManager: Shutting down and abandoning module CoreUObject (10)
[2018.07.13-06.58.58:465][483]LogModuleManager: Shutting down and abandoning module NetworkFile (8)
[2018.07.13-06.58.58:465][483]LogModuleManager: Shutting down and abandoning module StreamingFile (6)
[2018.07.13-06.58.58:465][483]LogModuleManager: Shutting down and abandoning module SandboxFile (4)
[2018.07.13-06.58.58:465][483]LogModuleManager: Shutting down and abandoning module PakFile (2)
[2018.07.13-06.58.58:470][483]LogExit: Exiting.
[2018.07.13-06.58.58:507][483]Log file closed, 07/13/18 15:58:58
